Log file open, 11/16/18 18:57:58
LogWindows: Failed to load 'aqProf.dll' (GetLastError=126)
LogWindows: File 'aqProf.dll' does not exist
LogWindows: Failed to load 'VtuneApi.dll' (GetLastError=126)
LogWindows: File 'VtuneApi.dll' does not exist
LogWindows: Failed to load 'VtuneApi32e.dll' (GetLastError=126)
LogWindows: File 'VtuneApi32e.dll' does not exist
LogInit: Display: Running engine for game: RunAndGun
LogPlatformFile: Not using cached read wrapper
LogTaskGraph: Started task graph with 5 named threads and 14 total threads with 3 sets of task threads.
LogStats: Stats thread started at 0.180306
LogD3D11RHI: Loaded GFSDK_Aftermath_Lib.x64.dll
LogICUInternationalization: Display: ICU TimeZone Detection - Raw Offset: +0:00, Platform Override: ''
LogPluginManager: Mounting plugin Paper2D
LogPluginManager: Mounting plugin AISupport
LogPluginManager: Mounting plugin LightPropagationVolume
LogPluginManager: Mounting plugin CLionSourceCodeAccess
LogPluginManager: Mounting plugin CodeLiteSourceCodeAccess
LogPluginManager: Mounting plugin GitSourceControl
LogPluginManager: Mounting plugin KDevelopSourceCodeAccess
LogPluginManager: Mounting plugin NullSourceCodeAccess
LogPluginManager: Mounting plugin PerforceSourceControl
LogPluginManager: Mounting plugin SubversionSourceControl
LogPluginManager: Mounting plugin UObjectPlugin
LogPluginManager: Mounting plugin VisualStudioCodeSourceCodeAccess
LogPluginManager: Mounting plugin VisualStudioSourceCodeAccess
LogPluginManager: Mounting plugin XCodeSourceCodeAccess
LogPluginManager: Mounting plugin AssetManagerEditor
LogPluginManager: Mounting plugin CryptoKeys
LogPluginManager: Mounting plugin DataValidation
LogPluginManager: Mounting plugin FacialAnimation
LogPluginManager: Mounting plugin GameplayTagsEditor
LogPluginManager: Mounting plugin MacGraphicsSwitching
LogPluginManager: Mounting plugin MeshEditor
LogPluginManager: Mounting plugin MobileLauncherProfileWizard
LogPluginManager: Mounting plugin PluginBrowser
LogPluginManager: Mounting plugin SpeedTreeImporter
LogPluginManager: Mounting plugin DatasmithContent
LogPluginManager: Mounting plugin AlembicImporter
LogPluginManager: Mounting plugin AppleImageUtils
LogPluginManager: Mounting plugin AppleVision
LogPluginManager: Mounting plugin BackChannel
LogPluginManager: Mounting plugin CharacterAI
LogPluginManager: Mounting plugin GeometryCache
LogPluginManager: Mounting plugin HTML5Networking
LogPluginManager: Mounting plugin ProxyLODPlugin
LogPluginManager: Mounting plugin MagicLeap
LogPluginManager: Mounting plugin MagicLeapEmulator
LogPluginManager: Mounting plugin MagicLeapMedia
LogPluginManager: Mounting plugin AndroidMedia
LogPluginManager: Mounting plugin AvfMedia
LogPluginManager: Mounting plugin ImgMedia
LogPluginManager: Mounting plugin LinearTimecode
LogPluginManager: Mounting plugin MediaCompositing
LogPluginManager: Mounting plugin MediaPlayerEditor
LogPluginManager: Mounting plugin WmfMedia
LogPluginManager: Mounting plugin TcpMessaging
LogPluginManager: Mounting plugin UdpMessaging
LogPluginManager: Mounting plugin ActorSequence
LogPluginManager: Mounting plugin LevelSequenceEditor
LogPluginManager: Mounting plugin MatineeToLevelSequence
LogPluginManager: Mounting plugin NetcodeUnitTest
LogPluginManager: Mounting plugin NUTUnrealEngine4
LogPluginManager: Mounting plugin OnlineSubsystemGooglePlay
LogPluginManager: Mounting plugin OnlineSubsystemIOS
LogPluginManager: Mounting plugin OnlineSubsystem
LogPluginManager: Mounting plugin OnlineSubsystemNull
LogPluginManager: Mounting plugin OnlineSubsystemUtils
LogPluginManager: Mounting plugin LauncherChunkInstaller
LogPluginManager: Mounting plugin AndroidDeviceProfileSelector
LogPluginManager: Mounting plugin AndroidMoviePlayer
LogPluginManager: Mounting plugin AndroidPermission
LogPluginManager: Mounting plugin AppleMoviePlayer
LogPluginManager: Mounting plugin ArchVisCharacter
LogPluginManager: Mounting plugin AudioCapture
LogPluginManager: Mounting plugin CableComponent
LogPluginManager: Mounting plugin CustomMeshComponent
LogPluginManager: Mounting plugin EditableMesh
LogPluginManager: Mounting plugin ExampleDeviceProfileSelector
LogPluginManager: Mounting plugin GoogleCloudMessaging
LogPluginManager: Mounting plugin ImmediatePhysics
LogPluginManager: Mounting plugin IOSDeviceProfileSelector
LogPluginManager: Mounting plugin LinuxDeviceProfileSelector
LogPluginManager: Mounting plugin LocationServicesBPLibrary
LogPluginManager: Mounting plugin MobilePatchingUtils
LogPluginManager: Mounting plugin OculusVR
LogPluginManager: Plugin shader directory ../../../Engine/Plugins/Runtime/Oculus/OculusVR/Shaders found
LogPluginManager: Mapping shader source directory ../../../Engine/Plugins/Runtime/Oculus/OculusVR/Shaders to virtual directory /Plugin/OculusVR
LogPluginManager: Mounting plugin PhysXVehicles
LogPluginManager: Mounting plugin ProceduralMeshComponent
LogPluginManager: Mounting plugin RuntimePhysXCooking
LogPluginManager: Mounting plugin SteamVR
LogPluginManager: Mounting plugin WindowsMoviePlayer
LogStreaming: Display: Took  0.128s to configure plugins.
LogInit: Using libcurl 7.55.1-DEV
LogInit:  - built for x86_64-pc-win32
LogInit:  - supports SSL with OpenSSL/1.0.2h
LogInit:  - supports HTTP deflate (compression) using libz 1.2.8
LogInit:  - other features:
LogInit:      CURL_VERSION_SSL
LogInit:      CURL_VERSION_LIBZ
LogInit:      CURL_VERSION_IPV6
LogInit:      CURL_VERSION_ASYNCHDNS
LogInit:      CURL_VERSION_LARGEFILE
LogInit:      CURL_VERSION_IDN
LogInit:  CurlRequestOptions (configurable via config and command line):
LogInit:  - bVerifyPeer = false  - Libcurl will NOT verify peer certificate
LogInit:  - bUseHttpProxy = false  - Libcurl will NOT use HTTP proxy
LogInit:  - bDontReuseConnections = false  - Libcurl will reuse connections
LogInit:  - CertBundlePath = nullptr  - Libcurl will use whatever was configured at build time.
LogInit:  - MaxHostConnections = 16  - Libcurl will limit the number of connections to a host
LogInit:  - LocalHostAddr = Default
LogInit:  - BufferSize = 65536
LogInit: WinSock: version 1.1 (2.2), MaxSocks=32767, MaxUdp=65467
LogInit: Build: ++UE4+Release-4.20-CL-4369336
LogInit: Engine Version: 4.20.3-4369336+++UE4+Release-4.20
LogInit: Compatible Engine Version: 4.20.0-4212847+++UE4+Release-4.20
LogInit: Net CL: 4212847
LogInit: OS: Windows 10 (), CPU: Intel(R) Core(TM) i5-6600 CPU @ 3.30GHz, GPU: NVIDIA GeForce GTX 970
LogInit: Compiled (64-bit): Sep 17 2018 12:26:19
LogInit: Compiled with Visual C++: 19.13.26129.00
LogInit: Build Configuration: Development
LogInit: Branch Name: ++UE4+Release-4.20
LogInit: Command Line:  
LogInit: Base Directory: C:/Program Files/Epic Games/UE_4.20/Engine/Binaries/Win64/
LogInit: Installed Engine Build: 1
LogDevObjectVersion: Number of dev versions registered: 20
LogDevObjectVersion:   Dev-Blueprints (B0D832E4-1F89-4F0D-ACCF-7EB736FD4AA2): 10
LogDevObjectVersion:   Dev-Build (E1C64328-A22C-4D53-A36C-8E866417BD8C): 0
LogDevObjectVersion:   Dev-Core (375EC13C-06E4-48FB-B500-84F0262A717E): 2
LogDevObjectVersion:   Dev-Editor (E4B068ED-F494-42E9-A231-DA0B2E46BB41): 24
LogDevObjectVersion:   Dev-Framework (CFFC743F-43B0-4480-9391-14DF171D2073): 34
LogDevObjectVersion:   Dev-Mobile (B02B49B5-BB20-44E9-A304-32B752E40360): 2
LogDevObjectVersion:   Dev-Networking (A4E4105C-59A1-49B5-A7C5-40C4547EDFEE): 0
LogDevObjectVersion:   Dev-Online (39C831C9-5AE6-47DC-9A44-9C173E1C8E7C): 0
LogDevObjectVersion:   Dev-Physics (78F01B33-EBEA-4F98-B9B4-84EACCB95AA2): 0
LogDevObjectVersion:   Dev-Platform (6631380F-2D4D-43E0-8009-CF276956A95A): 0
LogDevObjectVersion:   Dev-Rendering (12F88B9F-8875-4AFC-A67C-D90C383ABD29): 26
LogDevObjectVersion:   Dev-Sequencer (7B5AE74C-D270-4C10-A958-57980B212A5A): 9
LogDevObjectVersion:   Dev-VR (D7296918-1DD6-4BDD-9DE2-64A83CC13884): 2
LogDevObjectVersion:   Dev-LoadTimes (C2A15278-BFE7-4AFE-6C17-90FF531DF755): 1
LogDevObjectVersion:   Private-Geometry (6EACA3D4-40EC-4CC1-B786-8BED09428FC5): 3
LogDevObjectVersion:   Dev-AnimPhys (29E575DD-E0A3-4627-9D10-D276232CDCEA): 17
LogDevObjectVersion:   Dev-ReflectionCapture (6B266CEC-1EC7-4B8F-A30B-E4D90942FC07): 1
LogDevObjectVersion:   Dev-Automation (0DF73D61-A23F-47EA-B727-89E90C41499A): 1
LogDevObjectVersion:   FortniteMain (601D1886-AC64-4F84-AA16-D3DE0DEAC7D6): 12
LogDevObjectVersion:   Dev-Enterprise (9DFFBCD6-494F-0158-E221-12823C92A888): 1
LogStreaming: Display: Took  0.001s to delete old logs.
LogInit: Presizing for max 8388607 objects, including 0 objects not considered by GC, pre-allocating 0 bytes for permanent pool.
LogInit: Object subsystem initialized
[2018.11.16-18.57.59:262][  0]LogInit: Selected Device Profile: [Windows]
[2018.11.16-18.57.59:262][  0]LogInit: Applying CVar settings loaded from the selected device profile: [Windows]
[2018.11.16-18.57.59:271][  0]LogHAL: Display: Platform has ~ 16 GB [17116667904 / 17179869184 / 16], which maps to Larger [LargestMinGB=32, LargerMinGB=12, DefaultMinGB=8, SmallerMinGB=6, SmallestMinGB=0)
[2018.11.16-18.57.59:271][  0]LogInit: Setting Device Profile CVar: [[r.Vulkan.UseRealUBs:1]]
[2018.11.16-18.57.59:271][  0]LogInit: Going up to parent DeviceProfile []
[2018.11.16-18.57.59:272][  0]LogInit: Computer: DESKTOP-C6U4EA4
[2018.11.16-18.57.59:272][  0]LogInit: User: ThomasSimon
[2018.11.16-18.57.59:272][  0]LogInit: CPU Page size=4096, Cores=4
[2018.11.16-18.57.59:272][  0]LogInit: High frequency timer resolution =3.234375 MHz
[2018.11.16-18.57.59:272][  0]LogMemory: Memory total: Physical=15.9GB (16GB approx)
[2018.11.16-18.57.59:272][  0]LogMemory: Platform Memory Stats for Windows
[2018.11.16-18.57.59:272][  0]LogMemory: Process Physical Memory: 100.50 MB used, 100.50 MB peak
[2018.11.16-18.57.59:272][  0]LogMemory: Process Virtual Memory: 84.38 MB used, 84.38 MB peak
[2018.11.16-18.57.59:272][  0]LogMemory: Physical Memory: 7627.47 MB used,  8696.25 MB free, 16323.73 MB total
[2018.11.16-18.57.59:272][  0]LogMemory: Virtual Memory: 4625.40 MB used,  8696.25 MB free, 134217728.00 MB total
[2018.11.16-18.57.59:290][  0]LogInit: Using OS detected language (en-GB).
[2018.11.16-18.57.59:290][  0]LogInit: Using OS detected locale (en-GB).
[2018.11.16-18.57.59:290][  0]LogTextLocalizationManager: No specific localization for 'en-GB' exists, so the 'en' localization will be used.
[2018.11.16-18.57.59:649][  0]LogStreaming: Display: Took  0.360s to InitEngineTextLocalization.
[2018.11.16-18.57.59:649][  0]LogInit: Setting process to per monitor DPI aware
[2018.11.16-18.57.59:689][  0]LogSlate: New Slate User Created.  User Index 0, Is Virtual User: 0
[2018.11.16-18.57.59:689][  0]LogSlate: Slate User Registered.  User Index 0, Is Virtual User: 0
[2018.11.16-18.57.59:860][  0]LogHMD: Failed to initialize OpenVR with code 110
[2018.11.16-18.57.59:860][  0]LogD3D11RHI: D3D11 adapters:
[2018.11.16-18.57.59:937][  0]LogD3D11RHI:    0. 'NVIDIA GeForce GTX 970' (Feature Level 11_0)
[2018.11.16-18.57.59:937][  0]LogD3D11RHI:       4043/0/8161 MB DedicatedVideo/DedicatedSystem/SharedSystem, Outputs:3, VendorId:0x10de
[2018.11.16-18.57.59:939][  0]LogD3D11RHI:    1. 'Microsoft Basic Render Driver' (Feature Level 11_0)
[2018.11.16-18.57.59:939][  0]LogD3D11RHI:       0/0/8161 MB DedicatedVideo/DedicatedSystem/SharedSystem, Outputs:0, VendorId:0x1414
[2018.11.16-18.57.59:939][  0]LogD3D11RHI: Chosen D3D11 Adapter: 0
[2018.11.16-18.57.59:946][  0]LogD3D11RHI: Creating new Direct3DDevice
[2018.11.16-18.57.59:946][  0]LogD3D11RHI:     GPU DeviceId: 0x13c2 (for the marketing name, search the web for "GPU Device Id")
[2018.11.16-18.57.59:946][  0]LogWindows: EnumDisplayDevices:
[2018.11.16-18.57.59:946][  0]LogWindows:    0. 'NVIDIA GeForce GTX 970' (P:0 D:1)
[2018.11.16-18.57.59:947][  0]LogWindows:    1. 'NVIDIA GeForce GTX 970' (P:0 D:1)
[2018.11.16-18.57.59:947][  0]LogWindows:    2. 'NVIDIA GeForce GTX 970' (P:1 D:1)
[2018.11.16-18.57.59:947][  0]LogWindows:    3. 'NVIDIA GeForce GTX 970' (P:0 D:0)
[2018.11.16-18.57.59:947][  0]LogWindows: DebugString: FoundDriverCount:4 
[2018.11.16-18.57.59:947][  0]LogD3D11RHI:     Adapter Name: NVIDIA GeForce GTX 970
[2018.11.16-18.57.59:947][  0]LogD3D11RHI:   Driver Version: 398.11 (internal:24.21.13.9811, unified:398.11)
[2018.11.16-18.57.59:947][  0]LogD3D11RHI:      Driver Date: 6-1-2018
[2018.11.16-18.57.59:947][  0]LogRHI: Texture pool is 2830 MB (70% of 4043 MB)
[2018.11.16-18.57.59:975][  0]LogD3D11RHI: Async texture creation enabled
[2018.11.16-18.57.59:992][  0]LogD3D11RHI: GPU Timing Frequency: 1000.000000 (Debug: 2 2)
[2018.11.16-18.58.00:043][  0]LogShaderCompilers: Guid format shader working directory is -5 characters bigger than the processId version (A:/Projects/Unreal Engine Projects/RealTwoAtOnce/RunAndGun/Intermediate/Shaders/WorkingDirectory/2952/).
[2018.11.16-18.58.00:044][  0]LogShaderCompilers: Cleaned the shader compiler working directory 'C:/Users/Thomas Simon/AppData/Local/Temp/UnrealShaderWorkingDir/9D2B7E1D42F2CE6543453AAD5A98F761/'.
[2018.11.16-18.58.00:288][  0]LogTemp: Display: Loaded TP AllDesktopTargetPlatform
[2018.11.16-18.58.00:300][  0]LogTemp: Display: Loaded TP MacClientTargetPlatform
[2018.11.16-18.58.00:313][  0]LogTemp: Display: Loaded TP MacNoEditorTargetPlatform
[2018.11.16-18.58.00:326][  0]LogTemp: Display: Loaded TP MacServerTargetPlatform
[2018.11.16-18.58.00:340][  0]LogTemp: Display: Loaded TP MacTargetPlatform
[2018.11.16-18.58.00:354][  0]LogTemp: Display: Loaded TP WindowsClientTargetPlatform
[2018.11.16-18.58.00:368][  0]LogTemp: Display: Loaded TP WindowsNoEditorTargetPlatform
[2018.11.16-18.58.00:382][  0]LogTemp: Display: Loaded TP WindowsServerTargetPlatform
[2018.11.16-18.58.00:388][  0]LogTemp: Display: Loaded TP WindowsTargetPlatform
[2018.11.16-18.58.00:464][  0]LogTemp: Display: Loaded TP AndroidTargetPlatform
[2018.11.16-18.58.00:464][  0]LogTemp: Display: Loaded TP AndroidTargetPlatform
[2018.11.16-18.58.00:465][  0]LogTemp: Display: Loaded TP AndroidTargetPlatform
[2018.11.16-18.58.00:465][  0]LogTemp: Display: Loaded TP AndroidTargetPlatform
[2018.11.16-18.58.00:465][  0]LogTemp: Display: Loaded TP AndroidTargetPlatform
[2018.11.16-18.58.00:465][  0]LogTemp: Display: Loaded TP AndroidTargetPlatform
[2018.11.16-18.58.00:465][  0]LogTemp: Display: Loaded TP AndroidTargetPlatform
[2018.11.16-18.58.00:465][  0]LogTemp: Display: Loaded TP AndroidTargetPlatform
[2018.11.16-18.58.00:465][  0]LogTemp: Display: Loaded TP AndroidTargetPlatform
[2018.11.16-18.58.00:465][  0]LogTemp: Display: Loaded TP AndroidTargetPlatform
[2018.11.16-18.58.00:465][  0]LogTemp: Display: Loaded TP AndroidTargetPlatform
[2018.11.16-18.58.00:465][  0]LogTemp: Display: Loaded TP AndroidTargetPlatform
[2018.11.16-18.58.00:465][  0]LogTemp: Display: Loaded TP AndroidTargetPlatform
[2018.11.16-18.58.00:465][  0]LogTemp: Display: Loaded TP AndroidTargetPlatform
[2018.11.16-18.58.00:465][  0]LogTemp: Display: Loaded TP AndroidTargetPlatform
[2018.11.16-18.58.00:465][  0]LogTemp: Display: Loaded TP AndroidTargetPlatform
[2018.11.16-18.58.00:465][  0]LogTemp: Display: Loaded TP AndroidTargetPlatform
[2018.11.16-18.58.00:465][  0]LogTemp: Display: Loaded TP AndroidTargetPlatform
[2018.11.16-18.58.00:466][  0]LogTemp: Display: Loaded TP HTML5TargetPlatform
[2018.11.16-18.58.00:526][  0]LogTemp: Display: Loaded TP IOSTargetPlatform
[2018.11.16-18.58.00:526][  0]LogTemp: Display: Loaded TP IOSTargetPlatform
[2018.11.16-18.58.00:551][  0]LogTemp: Display: Loaded TP TVOSTargetPlatform
[2018.11.16-18.58.00:551][  0]LogTemp: Display: Loaded TP TVOSTargetPlatform
[2018.11.16-18.58.00:563][  0]LogTemp: Display: Loaded TP LinuxClientTargetPlatform
[2018.11.16-18.58.00:576][  0]LogTemp: Display: Loaded TP LinuxNoEditorTargetPlatform
[2018.11.16-18.58.00:587][  0]LogTemp: Display: Loaded TP LinuxServerTargetPlatform
[2018.11.16-18.58.00:600][  0]LogTemp: Display: Loaded TP LinuxTargetPlatform
[2018.11.16-18.58.00:608][  0]LogTemp: Display: Loaded TP LuminTargetPlatform
[2018.11.16-18.58.00:608][  0]LogTargetPlatformManager: Display: Building Assets For Windows
[2018.11.16-18.58.00:667][  0]LogXGEController: Cannot use XGE Controller as Incredibuild is not installed on this machine.
[2018.11.16-18.58.00:667][  0]LogShaderCompilers: Cannot use XGE Shader Compiler as Incredibuild is not installed on this machine.
[2018.11.16-18.58.00:667][  0]LogShaderCompilers: Display: Using Local Shader Compiler.
[2018.11.16-18.58.01:365][  0]LogDerivedDataCache: Display: Max Cache Size: 512 MB
[2018.11.16-18.58.01:417][  0]LogDerivedDataCache: Loaded boot cache 0.05s 71MB C:/Users/Thomas Simon/AppData/Local/UnrealEngine/4.20/DerivedDataCache/Boot.ddc.
[2018.11.16-18.58.01:418][  0]LogDerivedDataCache: Display: Loaded Boot cache: C:/Users/Thomas Simon/AppData/Local/UnrealEngine/4.20/DerivedDataCache/Boot.ddc
[2018.11.16-18.58.01:418][  0]LogDerivedDataCache: FDerivedDataBackendGraph:  Pak pak cache file A:/Projects/Unreal Engine Projects/RealTwoAtOnce/RunAndGun/DerivedDataCache/DDC.ddp not found, will not use a pak cache.
[2018.11.16-18.58.01:418][  0]LogDerivedDataCache: Unable to find inner node Pak for hierarchical cache Hierarchy.
[2018.11.16-18.58.01:418][  0]LogDerivedDataCache: FDerivedDataBackendGraph:  CompressedPak pak cache file A:/Projects/Unreal Engine Projects/RealTwoAtOnce/RunAndGun/DerivedDataCache/Compressed.ddp not found, will not use a pak cache.
[2018.11.16-18.58.01:418][  0]LogDerivedDataCache: Unable to find inner node CompressedPak for hierarchical cache Hierarchy.
[2018.11.16-18.58.01:430][  0]LogDerivedDataCache: Display: Pak cache opened for reading ../../../Engine/DerivedDataCache/Compressed.ddp.
[2018.11.16-18.58.01:443][  0]LogDerivedDataCache: Using Local data cache path C:/Users/Thomas Simon/AppData/Local/UnrealEngine/Common/DerivedDataCache: Writable
[2018.11.16-18.58.01:443][  0]LogDerivedDataCache: Shared data cache path not found in *engine.ini, will not use an Shared cache.
[2018.11.16-18.58.01:443][  0]LogDerivedDataCache: Unable to find inner node Shared for hierarchical cache Hierarchy.
[2018.11.16-18.58.01:461][  0]LogMaterial: Verifying Global Shaders for PCD3D_SM5
[2018.11.16-18.58.01:462][  0]LogSlate: Using FreeType 2.6.0
[2018.11.16-18.58.01:463][  0]LogSlate: SlateFontServices - WITH_FREETYPE: 1, WITH_HARFBUZZ: 1
[2018.11.16-18.58.01:535][  0]LogAssetRegistry: FAssetRegistry took 0.0261 seconds to start up
[2018.11.16-18.58.01:824][  0]LogInit: Selected Device Profile: [Windows]
[2018.11.16-18.58.01:949][  0]LogSimplygon: Simplygon DLL not present - disabling.
[2018.11.16-18.58.01:951][  0]LogMeshReduction: Using SimplygonSwarm for distributed automatic mesh merging
[2018.11.16-18.58.01:952][  0]LogMeshReduction: Using ProxyLODMeshReduction for automatic mesh merging
[2018.11.16-18.58.01:952][  0]LogMeshReduction: Using QuadricMeshReduction for automatic static mesh reduction
[2018.11.16-18.58.01:952][  0]LogMeshReduction: No automatic skeletal mesh reduction module available
[2018.11.16-18.58.01:976][  0]LogNetVersion: RunAndGun 1.0.0, NetCL: 4212847, EngineNetVer: 5, GameNetVer: 0 (Checksum: 2764751435)
[2018.11.16-18.58.02:499][  0]LogPackageLocalizationCache: Processed 11 localized package path(s) for 2 prioritized culture(s) in 0.130116 seconds
[2018.11.16-18.58.02:505][  0]LogUObjectArray: 38425 objects as part of root set at end of initial load.
[2018.11.16-18.58.02:505][  0]LogUObjectAllocator: 6690864 out of 0 bytes used by permanent object pool.
[2018.11.16-18.58.02:505][  0]LogUObjectArray: CloseDisregardForGC: 0/0 objects in disregard for GC pool
[2018.11.16-18.58.03:318][  0]LogTcpMessaging: Initializing TcpMessaging bridge
[2018.11.16-18.58.03:331][  0]LogUdpMessaging: Initializing bridge on interface 0.0.0.0:0 to multicast group 230.0.0.1:6666.
[2018.11.16-18.58.03:468][  0]SourceControl: Source control is disabled
[2018.11.16-18.58.03:468][  0]SourceControl: Source control is disabled
[2018.11.16-18.58.03:469][  0]SourceControl: Source control is disabled
[2018.11.16-18.58.03:470][  0]SourceControl: Source control is disabled
[2018.11.16-18.58.03:628][  0]LogAndroidPermission: UAndroidPermissionCallbackProxy::GetInstance
[2018.11.16-18.58.03:672][  0]LogOcInput: OculusInput pre-init called
[2018.11.16-18.58.03:727][  0]LogEngine: Initializing Engine...
[2018.11.16-18.58.03:728][  0]LogHMD: Failed to initialize OpenVR with code 110
[2018.11.16-18.58.03:729][  0]LogStats: UGameplayTagsManager::ConstructGameplayTagTree: ImportINI prefixes -  0.000 s
[2018.11.16-18.58.03:729][  0]LogStats: UGameplayTagsManager::ConstructGameplayTagTree: Construct from data asset -  0.000 s
[2018.11.16-18.58.03:729][  0]LogStats: UGameplayTagsManager::ConstructGameplayTagTree: ImportINI -  0.000 s
[2018.11.16-18.58.03:729][  0]LogStats: UGameplayTagsManager::ConstructGameplayTagTree: GameplayTagTreeChangedEvent.Broadcast -  0.000 s
[2018.11.16-18.58.03:928][  0]LogInit: Initializing FReadOnlyCVARCache
[2018.11.16-18.58.03:939][  0]LogAIModule: Creating AISystem for world Untitled
[2018.11.16-18.58.03:957][  0]LogInit: XAudio2 using 'Headphones (High Definition Audio Device)' : 2 channels at 44.1 kHz using 16 bits per sample (channel mask 0x3)
[2018.11.16-18.58.03:971][  0]LogInit: FAudioDevice initialized.
[2018.11.16-18.58.03:971][  0]LogNetVersion: Set ProjectVersion to 1.0.0.0. Version Checksum will be recalculated on next use.
[2018.11.16-18.58.04:041][  0]LogDerivedDataCache: Saved boot cache 0.07s 71MB C:/Users/Thomas Simon/AppData/Local/UnrealEngine/4.20/DerivedDataCache/Boot.ddc.
[2018.11.16-18.58.04:048][  0]LogInit: Texture streaming: Enabled
[2018.11.16-18.58.04:064][  0]LogEngineSessionManager: EngineSessionManager initialized
[2018.11.16-18.58.04:078][  0]LogInit: Transaction tracking system initialized
[2018.11.16-18.58.04:101][  0]BlueprintLog: New page: Editor Load
[2018.11.16-18.58.04:174][  0]LocalizationService: Localization service is disabled
[2018.11.16-18.58.04:411][  0]LogCook: Display: Max memory allowance for cook 16384mb min free memory 0mb
[2018.11.16-18.58.04:411][  0]LogCook: Display: Mobile HDR setting 1
[2018.11.16-18.58.04:411][  0]LogGameplayTags: Display: UGameplayTagsManager::DoneAddingNativeTags. DelegateIsBound: 0
[2018.11.16-18.58.04:411][  0]LogStats: UGameplayTagsManager::ConstructGameplayTagTree: ImportINI prefixes -  0.000 s
[2018.11.16-18.58.04:411][  0]LogStats: UGameplayTagsManager::ConstructGameplayTagTree: Construct from data asset -  0.000 s
[2018.11.16-18.58.04:411][  0]LogStats: UGameplayTagsManager::ConstructGameplayTagTree: ImportINI -  0.000 s
[2018.11.16-18.58.04:411][  0]LogStats: UGameplayTagsManager::ConstructGameplayTagTree: GameplayTagTreeChangedEvent.Broadcast -  0.000 s
[2018.11.16-18.58.04:513][  0]LogFileCache: Scanning file cache for directory 'A:/Projects/Unreal Engine Projects/RealTwoAtOnce/RunAndGun/Content/' took 0.01s
[2018.11.16-18.58.04:513][  0]SourceControl: Source control is disabled
[2018.11.16-18.58.04:513][  0]Cmd: MAP LOAD FILE="A:/Projects/Unreal Engine Projects/RealTwoAtOnce/RunAndGun/Content/MyContent/Maps/Main.umap" TEMPLATE=0 SHOWPROGRESS=1 FEATURELEVEL=3
[2018.11.16-18.58.04:514][  0]LightingResults: New page: Lighting Build
[2018.11.16-18.58.04:516][  0]MapCheck: New page: Map Check
[2018.11.16-18.58.04:516][  0]LightingResults: New page: Lighting Build
[2018.11.16-18.58.04:750][  0]LogAIModule: Creating AISystem for world Main
[2018.11.16-18.58.04:757][  0]LogEditorServer: Finished looking for orphan Actors (0.000 secs)
[2018.11.16-18.58.04:778][  0]Cmd: MAP CHECKDEP NOCLEARLOG
[2018.11.16-18.58.04:837][  0]MapCheck: Map check complete: 0 Error(s), 0 Warning(s), took 58.541ms to complete.
[2018.11.16-18.58.04:837][  0]LogFileHelpers: Loading map 'Main' took 0.324
[2018.11.16-18.58.04:966][  0]LogSlate: Updating window title bar state: overlay mode, drag disabled, window buttons hidden, title bar hidden
[2018.11.16-18.58.04:973][  0]LogSlate: Updating window title bar state: overlay mode, drag disabled, window buttons hidden, title bar hidden
[2018.11.16-18.58.04:981][  0]LogSlate: Updating window title bar state: overlay mode, drag disabled, window buttons hidden, title bar hidden
[2018.11.16-18.58.04:988][  0]LogSlate: Updating window title bar state: overlay mode, drag disabled, window buttons hidden, title bar hidden
[2018.11.16-18.58.04:994][  0]LogCollectionManager: Loaded 0 collections in 0.001559 seconds
[2018.11.16-18.58.05:043][  0]LogFileCache: Scanning file cache for directory 'A:/Projects/Unreal Engine Projects/RealTwoAtOnce/RunAndGun/Saved/Collections/' took 0.01s
[2018.11.16-18.58.05:043][  0]LogFileCache: Scanning file cache for directory 'A:/Projects/Unreal Engine Projects/RealTwoAtOnce/RunAndGun/Content/Developers/ThomasSimon/Collections/' took 0.01s
[2018.11.16-18.58.05:043][  0]LogFileCache: Scanning file cache for directory 'A:/Projects/Unreal Engine Projects/RealTwoAtOnce/RunAndGun/Content/Collections/' took 0.01s
[2018.11.16-18.58.05:043][  0]LogCollectionManager: Rebuilt the GUID cache for 0 collections in 0.000001 seconds
[2018.11.16-18.58.05:052][  0]LogContentBrowser: Native class hierarchy populated in 0.0090 seconds. Added 2582 classes and 607 folders.
[2018.11.16-18.58.05:059][  0]LogContentBrowser: Native class hierarchy updated for 'WidgetCarousel' in 0.0003 seconds. Added 0 classes and 0 folders.
[2018.11.16-18.58.05:095][  0]LogContentBrowser: Native class hierarchy updated for 'AddContentDialog' in 0.0003 seconds. Added 0 classes and 0 folders.
[2018.11.16-18.58.06:020][  0]LogSlate: Only BGRA pngs, bmps or icos are supported in by External Image Picker
[2018.11.16-18.58.06:045][  0]LogSlate: Took 0.000199 seconds to synchronously load lazily loaded font '../../../Engine/Content/Slate/Fonts/Roboto-Regular.ttf' (155K)
[2018.11.16-18.58.06:048][  0]LogSlate: Took 0.000168 seconds to synchronously load lazily loaded font '../../../Engine/Content/Slate/Fonts/Roboto-Bold.ttf' (160K)
[2018.11.16-18.58.06:051][  0]LogSlate: Took 0.000192 seconds to synchronously load lazily loaded font '../../../Engine/Content/Editor/Slate/Fonts/FontAwesome.ttf' (139K)
[2018.11.16-18.58.06:121][  0]LogTemp: Executing iPhonePackager certificates Engine -bundlename com.YourCompany.RunAndGun
[2018.11.16-18.58.06:121][  0]LogTemp: CWD: C:\Program Files\Epic Games\UE_4.20\Engine\Binaries\DotNET\IOS
[2018.11.16-18.58.06:121][  0]LogTemp: Initial Dir: C:\Program Files\Epic Games\UE_4.20
[2018.11.16-18.58.06:121][  0]LogTemp: Env CWD: C:\Program Files\Epic Games\UE_4.20\Engine\Binaries\DotNET\IOS
[2018.11.16-18.58.06:121][  0]LogTemp: BranchPath = DESKTOP-C6U4EA4/C/Program Files/Epic Games/UE_4.20/Engine/Binaries --- GameBranchPath = DESKTOP-C6U4EA4/C/Program Files/Epic Games/UE_4.20/Engine/Binaries
[2018.11.16-18.58.06:121][  0]LogTemp: IPP ERROR: Could not find provision directory 'C:\Users\Thomas Simon\AppData\Local/Apple Computer/MobileDevice/Provisioning Profiles/'.
[2018.11.16-18.58.06:121][  0]LogRenderer: Reallocating scene render targets to support 1152x600 Format 10 NumSamples 1 (Frame:1).
[2018.11.16-18.58.06:167][  0]LogSlate: Took 0.000188 seconds to synchronously load lazily loaded font '../../../Engine/Content/Slate/Fonts/Roboto-Light.ttf' (167K)
[2018.11.16-18.58.06:250][  0]LogContentBrowser: Native class hierarchy updated for 'HierarchicalLODOutliner' in 0.0003 seconds. Added 0 classes and 0 folders.
[2018.11.16-18.58.06:250][  0]LogLoad: (Engine Initialization) Total time: 8.33 seconds
[2018.11.16-18.58.06:250][  0]LogLoad: (Engine Initialization) Total Blueprint compile time: 0.00 seconds
[2018.11.16-18.58.06:260][  0]LogWindowsTextInputMethodSystem: Display: IME system now deactivated.
[2018.11.16-18.58.06:283][  0]LogContentStreaming: Texture pool size now 1000 MB
[2018.11.16-18.58.06:352][  1]LogAssetRegistry: Asset discovery search completed in 4.8394 seconds
[2018.11.16-18.58.06:354][  1]LogCollectionManager: Rebuilt the object cache for 0 collections in 0.000001 seconds (found 0 objects)
[2018.11.16-18.58.06:354][  1]LogCollectionManager: Fixed up redirectors for 0 collections in 0.000057 seconds (updated 0 objects)
[2018.11.16-18.58.07:286][108]LogSlate: Took 0.000215 seconds to synchronously load lazily loaded font '../../../Engine/Content/Slate/Fonts/Roboto-Light.ttf' (167K)
[2018.11.16-18.58.16:668][233]LogSlate: FSceneViewport::OnFocusLost() reason 0
[2018.11.16-18.58.16:919][247]LogAssetEditorManager: Opening Asset editor for Blueprint /Game/MyContent/Blueprints/Bp_PlayerCharacter.Bp_PlayerCharacter
[2018.11.16-18.58.17:353][247]LogContentBrowser: Native class hierarchy updated for 'BlueprintGraph' in 0.0006 seconds. Added 116 classes and 0 folders.
[2018.11.16-18.58.21:014][562]LogSlate: Window 'Bp_PlayerCharacter' being destroyed
[2018.11.16-18.58.21:656][639]LogSlate: FSceneViewport::OnFocusLost() reason 0
[2018.11.16-18.58.21:827][650]LogAssetEditorManager: Opening Asset editor for Blueprint /Game/MyContent/Blueprints/Bp_PlayerCharacter.Bp_PlayerCharacter
[2018.11.16-18.58.22:124][650]LogSlate: Took 0.000473 seconds to synchronously load lazily loaded font '../../../Engine/Content/Slate/Fonts/Roboto-BoldCondensed.ttf' (158K)
[2018.11.16-18.58.24:026][868]LogSlate: Window 'Bp_PlayerCharacter' being destroyed
[2018.11.16-18.58.24:952][975]LogRenderer: Reallocating scene render targets to support 1152x900 Format 10 NumSamples 1 (Frame:1).
[2018.11.16-18.58.28:177][358]LogEditor: Attempting to add actor of class 'Respawn' to level at 1200.00,-1610.00,-410.00
[2018.11.16-18.58.29:348][498]LogEditor: Attempting to add actor of class 'Respawn' to level at 1180.00,-1470.00,-320.00
[2018.11.16-18.58.31:280][727]LogSlate: FSceneViewport::OnFocusLost() reason 0
[2018.11.16-18.58.37:204][436]LogSlate: FSceneViewport::OnFocusLost() reason 0
[2018.11.16-18.58.40:644][848]LogSlate: FSceneViewport::OnFocusLost() reason 0
[2018.11.16-18.58.41:132][904]LogAssetEditorManager: Opening Asset editor for Class /Script/RunAndGun.Respawn
[2018.11.16-18.58.41:213][904]LogVSAccessor: Warning: Couldn't goto line number '1' in 'A:/Projects/Unreal Engine Projects/RealTwoAtOnce/RunAndGun/Source/RunAndGun/Respawn.h'
[2018.11.16-18.58.52:682][269]LogSlate: FSceneViewport::OnFocusLost() reason 2
[2018.11.16-18.58.56:560][734]LogSlate: FSceneViewport::OnFocusLost() reason 0
[2018.11.16-18.58.57:339][827]LogEditorActor: Deleted Actor: Respawn
[2018.11.16-18.58.57:370][827]LogEditorActor: Deleted 1 Actors (0.035 secs)
[2018.11.16-19.00.05:434][751]LogEditorViewport: Clicking on Actor (LMB): BP_Sky_Sphere_C (Sky Sphere)
[2018.11.16-19.00.19:676][832]LogEditorViewport: Clicking on Actor (LMB): PlayerStart (Player Start)
[2018.11.16-19.00.29:824][ 18]LogNavigationPoint: PostEditMove Clear paths rebuilt
[2018.11.16-19.01.17:552][788]LogNavigationPoint: PostEditMove Clear paths rebuilt
[2018.11.16-19.01.21:610][247]LogSlate: FSceneViewport::OnFocusLost() reason 0
[2018.11.16-19.01.21:707][256]Candidate modules for hot reload:
[2018.11.16-19.01.21:707][256]  RunAndGun
[2018.11.16-19.01.21:707][256]Launching UnrealBuildTool... [C:/Program Files/Epic Games/UE_4.20/Engine/Binaries/DotNET/UnrealBuildTool.exe  -ModuleWithSuffix=RunAndGun,5545 Win64 Development -TargetType=Editor -Project="A:/Projects/Unreal Engine Projects/RealTwoAtOnce/RunAndGun/RunAndGun.uproject" -canskiplink "A:/Projects/Unreal Engine Projects/RealTwoAtOnce/RunAndGun/RunAndGun.uproject" ]
[2018.11.16-19.01.21:714][256]Warning: Starting HotReload took  0.0s.
[2018.11.16-19.01.29:666][173]CompilerResultsLog: New page: Compilation - 16 Nov 2018 19:01:29
[2018.11.16-19.01.29:666][173]CompilerResultsLog: Using 'git status' to determine working set for adaptive non-unity build.
[2018.11.16-19.01.29:666][173]CompilerResultsLog: Creating makefile for hot reloading RunAndGunEditor (modules to compile have changed)
[2018.11.16-19.01.29:666][173]CompilerResultsLog: Compiling game modules for hot reload
[2018.11.16-19.01.29:666][173]CompilerResultsLog: Using Visual Studio 2017 14.15.26726 toolchain (C:\Program Files (x86)\Microsoft Visual Studio\2017\Community\VC\Tools\MSVC\14.15.26726) and Windows 10.0.17134.0 SDK (C:\Program Files (x86)\Windows Kits\10).
[2018.11.16-19.01.29:666][173]CompilerResultsLog: Building 3 actions with 4 processes...
[2018.11.16-19.01.29:666][173]CompilerResultsLog:   [1/3] OutOfBounds.cpp
[2018.11.16-19.01.29:666][173]CompilerResultsLog:    A:\Projects\Unreal Engine Projects\RealTwoAtOnce\RunAndGun\Source\RunAndGun\OutOfBounds.cpp(25) : error C2664: 'bool AActor::SetActorLocation(const FVector &,bool,FHitResult *,ETeleportType)': cannot convert argument 1 from 'float' to 'const FVector &'
[2018.11.16-19.01.29:666][173]CompilerResultsLog:   A:\Projects\Unreal Engine Projects\RealTwoAtOnce\RunAndGun\Source\RunAndGun\OutOfBounds.cpp(25): note: Reason: cannot convert from 'float' to 'const FVector'
[2018.11.16-19.01.29:666][173]CompilerResultsLog:   A:\Projects\Unreal Engine Projects\RealTwoAtOnce\RunAndGun\Source\RunAndGun\OutOfBounds.cpp(25): note: Constructor for struct 'FVector' is declared 'explicit'
[2018.11.16-19.01.29:666][173]CompilerResultsLog: ERROR: UBT ERROR: Failed to produce item: A:\Projects\Unreal Engine Projects\RealTwoAtOnce\RunAndGun\Binaries\Win64\UE4Editor-RunAndGun-5545.dll
[2018.11.16-19.01.29:666][173]CompilerResultsLog:        (see ../Programs/UnrealBuildTool/Log.txt for full exception trace)
[2018.11.16-19.01.29:666][173]CompilerResultsLog: Total build time: 7.62 seconds (Parallel executor: 0.00 seconds)
[2018.11.16-19.01.29:666][173]LogMainFrame: MainFrame: Module compiling took 7.972 seconds
[2018.11.16-19.01.29:666][173]Warning: HotReload failed, recompile failed
[2018.11.16-19.01.40:261][432]Cmd: OBJ SAVEPACKAGE PACKAGE="/Game/MyContent/Maps/Main" FILE="A:/Projects/Unreal Engine Projects/RealTwoAtOnce/RunAndGun/Content/MyContent/Maps/Main.umap" SILENT=true AUTOSAVING=false KEEPDIRTY=false
[2018.11.16-19.01.40:403][432]LogSavePackage: Moving 'A:/Projects/Unreal Engine Projects/RealTwoAtOnce/RunAndGun/Saved/Main5F128A8742AF1C3BF25DE3A790337F27.tmp' to 'A:/Projects/Unreal Engine Projects/RealTwoAtOnce/RunAndGun/Content/MyContent/Maps/Main.umap'
[2018.11.16-19.03.37:534][462]Candidate modules for hot reload:
[2018.11.16-19.03.37:534][462]  RunAndGun
[2018.11.16-19.03.37:534][462]Launching UnrealBuildTool... [C:/Program Files/Epic Games/UE_4.20/Engine/Binaries/DotNET/UnrealBuildTool.exe  -ModuleWithSuffix=RunAndGun,1150 Win64 Development -TargetType=Editor -Project="A:/Projects/Unreal Engine Projects/RealTwoAtOnce/RunAndGun/RunAndGun.uproject" -canskiplink "A:/Projects/Unreal Engine Projects/RealTwoAtOnce/RunAndGun/RunAndGun.uproject" ]
[2018.11.16-19.03.37:541][462]Warning: Starting HotReload took  0.0s.
[2018.11.16-19.03.40:922][852]CompilerResultsLog: New page: Compilation - 16 Nov 2018 19:03:40
[2018.11.16-19.03.40:922][852]CompilerResultsLog: Using 'git status' to determine working set for adaptive non-unity build.
[2018.11.16-19.03.40:922][852]CompilerResultsLog: Compiling game modules for hot reload
[2018.11.16-19.03.40:922][852]CompilerResultsLog: Building 3 actions with 4 processes...
[2018.11.16-19.03.40:922][852]CompilerResultsLog:   [1/3] OutOfBounds.cpp
[2018.11.16-19.03.40:922][852]CompilerResultsLog:    A:\Projects\Unreal Engine Projects\RealTwoAtOnce\RunAndGun\Source\RunAndGun\OutOfBounds.cpp(24) : error C2440: 'initializing': cannot convert from 'float' to 'FVector'
[2018.11.16-19.03.40:922][852]CompilerResultsLog:   A:\Projects\Unreal Engine Projects\RealTwoAtOnce\RunAndGun\Source\RunAndGun\OutOfBounds.cpp(24): note: Constructor for struct 'FVector' is declared 'explicit'
[2018.11.16-19.03.40:922][852]CompilerResultsLog: ERROR: UBT ERROR: Failed to produce item: A:\Projects\Unreal Engine Projects\RealTwoAtOnce\RunAndGun\Binaries\Win64\UE4Editor-RunAndGun-1150.dll
[2018.11.16-19.03.40:922][852]CompilerResultsLog:        (see ../Programs/UnrealBuildTool/Log.txt for full exception trace)
[2018.11.16-19.03.40:922][852]CompilerResultsLog: Total build time: 3.08 seconds (Parallel executor: 0.00 seconds)
[2018.11.16-19.03.40:922][852]LogMainFrame: MainFrame: Module compiling took 3.404 seconds
[2018.11.16-19.03.40:922][852]Warning: HotReload failed, recompile failed
[2018.11.16-19.04.03:841][647]Candidate modules for hot reload:
[2018.11.16-19.04.03:841][647]  RunAndGun
[2018.11.16-19.04.03:841][647]Launching UnrealBuildTool... [C:/Program Files/Epic Games/UE_4.20/Engine/Binaries/DotNET/UnrealBuildTool.exe  -ModuleWithSuffix=RunAndGun,9462 Win64 Development -TargetType=Editor -Project="A:/Projects/Unreal Engine Projects/RealTwoAtOnce/RunAndGun/RunAndGun.uproject" -canskiplink "A:/Projects/Unreal Engine Projects/RealTwoAtOnce/RunAndGun/RunAndGun.uproject" ]
[2018.11.16-19.04.03:848][647]Warning: Starting HotReload took  0.0s.
[2018.11.16-19.04.09:156][276]CompilerResultsLog: New page: Compilation - 16 Nov 2018 19:04:09
[2018.11.16-19.04.09:156][276]CompilerResultsLog: Using 'git status' to determine working set for adaptive non-unity build.
[2018.11.16-19.04.09:156][276]CompilerResultsLog: Compiling game modules for hot reload
[2018.11.16-19.04.09:156][276]CompilerResultsLog: Building 3 actions with 4 processes...
[2018.11.16-19.04.09:156][276]CompilerResultsLog:   [1/3] OutOfBounds.cpp
[2018.11.16-19.04.09:156][276]CompilerResultsLog:   [2/3] UE4Editor-RunAndGun-9462.lib
[2018.11.16-19.04.09:156][276]CompilerResultsLog:      Creating library A:\Projects\Unreal Engine Projects\RealTwoAtOnce\RunAndGun\Intermediate\Build\Win64\UE4Editor\Development\RunAndGun\UE4Editor-RunAndGun-9462.lib and object A:\Projects\Unreal Engine Projects\RealTwoAtOnce\RunAndGun\Intermediate\Build\Win64\UE4Editor\Development\RunAndGun\UE4Editor-RunAndGun-9462.exp
[2018.11.16-19.04.09:156][276]CompilerResultsLog:   [3/3] UE4Editor-RunAndGun-9462.dll
[2018.11.16-19.04.09:156][276]CompilerResultsLog:      Creating library A:\Projects\Unreal Engine Projects\RealTwoAtOnce\RunAndGun\Intermediate\Build\Win64\UE4Editor\Development\RunAndGun\UE4Editor-RunAndGun-9462.suppressed.lib and object A:\Projects\Unreal Engine Projects\RealTwoAtOnce\RunAndGun\Intermediate\Build\Win64\UE4Editor\Development\RunAndGun\UE4Editor-RunAndGun-9462.suppressed.exp
[2018.11.16-19.04.09:156][276]CompilerResultsLog: Total build time: 5.03 seconds (Parallel executor: 3.13 seconds)
[2018.11.16-19.04.09:156][276]LogMainFrame: MainFrame: Module compiling took 5.331 seconds
[2018.11.16-19.04.09:214][276]LogHotReload: Re-instancing OutOfBounds after hot-reload.
[2018.11.16-19.04.09:312][276]LogContentBrowser: Native class hierarchy updated for 'RunAndGun' in 0.0004 seconds. Added 9 classes and 2 folders.
[2018.11.16-19.04.09:315][276]Display: HotReload successful (4 functions remapped  0 scriptstructs remapped)
[2018.11.16-19.04.09:687][276]LogContentBrowser: Native class hierarchy populated in 0.0085 seconds. Added 2582 classes and 607 folders.
[2018.11.16-19.04.09:688][276]Display: HotReload took  5.9s.
[2018.11.16-19.04.48:567][353]Candidate modules for hot reload:
[2018.11.16-19.04.48:567][353]  RunAndGun
[2018.11.16-19.04.48:567][353]Launching UnrealBuildTool... [C:/Program Files/Epic Games/UE_4.20/Engine/Binaries/DotNET/UnrealBuildTool.exe  -ModuleWithSuffix=RunAndGun,5017 Win64 Development -TargetType=Editor -Project="A:/Projects/Unreal Engine Projects/RealTwoAtOnce/RunAndGun/RunAndGun.uproject" -canskiplink "A:/Projects/Unreal Engine Projects/RealTwoAtOnce/RunAndGun/RunAndGun.uproject" ]
[2018.11.16-19.04.48:573][353]Warning: Starting HotReload took  0.0s.
[2018.11.16-19.04.53:730][944]CompilerResultsLog: New page: Compilation - 16 Nov 2018 19:04:53
[2018.11.16-19.04.53:730][944]CompilerResultsLog: Using 'git status' to determine working set for adaptive non-unity build.
[2018.11.16-19.04.53:730][944]CompilerResultsLog: Compiling game modules for hot reload
[2018.11.16-19.04.53:730][944]CompilerResultsLog: Building 3 actions with 4 processes...
[2018.11.16-19.04.53:730][944]CompilerResultsLog:   [1/3] OutOfBounds.cpp
[2018.11.16-19.04.53:730][944]CompilerResultsLog:   [2/3] UE4Editor-RunAndGun-5017.lib
[2018.11.16-19.04.53:730][944]CompilerResultsLog:      Creating library A:\Projects\Unreal Engine Projects\RealTwoAtOnce\RunAndGun\Intermediate\Build\Win64\UE4Editor\Development\RunAndGun\UE4Editor-RunAndGun-5017.lib and object A:\Projects\Unreal Engine Projects\RealTwoAtOnce\RunAndGun\Intermediate\Build\Win64\UE4Editor\Development\RunAndGun\UE4Editor-RunAndGun-5017.exp
[2018.11.16-19.04.53:730][944]CompilerResultsLog:   [3/3] UE4Editor-RunAndGun-5017.dll
[2018.11.16-19.04.53:730][944]CompilerResultsLog:      Creating library A:\Projects\Unreal Engine Projects\RealTwoAtOnce\RunAndGun\Intermediate\Build\Win64\UE4Editor\Development\RunAndGun\UE4Editor-RunAndGun-5017.suppressed.lib and object A:\Projects\Unreal Engine Projects\RealTwoAtOnce\RunAndGun\Intermediate\Build\Win64\UE4Editor\Development\RunAndGun\UE4Editor-RunAndGun-5017.suppressed.exp
[2018.11.16-19.04.53:730][944]CompilerResultsLog: Total build time: 4.79 seconds (Parallel executor: 2.71 seconds)
[2018.11.16-19.04.53:730][944]LogMainFrame: MainFrame: Module compiling took 5.176 seconds
[2018.11.16-19.04.53:806][944]LogHotReload: Re-instancing OutOfBounds after hot-reload.
[2018.11.16-19.04.53:933][944]LogContentBrowser: Native class hierarchy updated for 'RunAndGun' in 0.0004 seconds. Added 9 classes and 2 folders.
[2018.11.16-19.04.53:936][944]Display: HotReload successful (4 functions remapped  0 scriptstructs remapped)
[2018.11.16-19.04.54:270][944]LogContentBrowser: Native class hierarchy populated in 0.0088 seconds. Added 2582 classes and 607 folders.
[2018.11.16-19.04.54:270][944]Display: HotReload took  5.7s.
[2018.11.16-19.04.59:237][532]LogTemp: Repeating last play command: Selected Viewport
[2018.11.16-19.04.59:257][532]LogPlayLevel: PlayLevel: No blueprints needed recompiling
[2018.11.16-19.04.59:270][532]PIE: New page: PIE session: Main (16 Nov 2018 19:04:59)
[2018.11.16-19.04.59:270][532]LogPlayLevel: Creating play world package: /Game/MyContent/Maps/UEDPIE_0_Main
[2018.11.16-19.04.59:283][532]LogPlayLevel: PIE: StaticDuplicateObject took: (0.012922s)
[2018.11.16-19.04.59:284][532]LogAIModule: Creating AISystem for world Main
[2018.11.16-19.04.59:284][532]LogPlayLevel: PIE: World Init took: (0.000810s)
[2018.11.16-19.04.59:284][532]LogPlayLevel: PIE: Created PIE world by copying editor world from /Game/MyContent/Maps/Main.Main to /Game/MyContent/Maps/UEDPIE_0_Main.Main (0.013913s)
[2018.11.16-19.04.59:355][532]LogInit: XAudio2 using 'Headphones (High Definition Audio Device)' : 2 channels at 44.1 kHz using 16 bits per sample (channel mask 0x3)
[2018.11.16-19.04.59:366][532]LogInit: FAudioDevice initialized.
[2018.11.16-19.04.59:431][532]LogLoad: Game class is 'Bp_RunAndGunGameModeBase_C'
[2018.11.16-19.04.59:434][532]LogWorld: Bringing World /Game/MyContent/Maps/UEDPIE_0_Main.Main up for play (max tick rate 0) at 2018.11.16-19.04.59
[2018.11.16-19.04.59:435][532]LogWorld: Bringing up level for play took: 0.001910
[2018.11.16-19.04.59:468][532]LogContentBrowser: Native class hierarchy updated for 'MovieSceneCapture' in 0.0003 seconds. Added 10 classes and 0 folders.
[2018.11.16-19.04.59:470][532]PIE: Play in editor start time for /Game/MyContent/Maps/UEDPIE_0_Main -0.578
[2018.11.16-19.05.11:647][978]LogSlate: Updating window title bar state: overlay mode, drag disabled, window buttons hidden, title bar hidden
[2018.11.16-19.05.11:682][978]LogPlayLevel: Display: Shutting down PIE online subsystems
[2018.11.16-19.05.11:719][978]LogSlate: Updating window title bar state: overlay mode, drag disabled, window buttons hidden, title bar hidden
[2018.11.16-19.05.11:756][979]LogPlayLevel: Display: Destroying online subsystem :Context_5
[2018.11.16-19.12.20:839][684]LogSlate: FSceneViewport::OnFocusLost() reason 0
[2018.11.16-19.12.20:971][687]Candidate modules for hot reload:
[2018.11.16-19.12.20:972][687]  RunAndGun
[2018.11.16-19.12.20:972][687]Launching UnrealBuildTool... [C:/Program Files/Epic Games/UE_4.20/Engine/Binaries/DotNET/UnrealBuildTool.exe  -ModuleWithSuffix=RunAndGun,2204 Win64 Development -TargetType=Editor -Project="A:/Projects/Unreal Engine Projects/RealTwoAtOnce/RunAndGun/RunAndGun.uproject" -canskiplink "A:/Projects/Unreal Engine Projects/RealTwoAtOnce/RunAndGun/RunAndGun.uproject" ]
[2018.11.16-19.12.20:979][687]Warning: Starting HotReload took  0.0s.
[2018.11.16-19.12.37:736][647]CompilerResultsLog: New page: Compilation - 16 Nov 2018 19:12:37
[2018.11.16-19.12.37:736][647]CompilerResultsLog: Using 'git status' to determine working set for adaptive non-unity build.
[2018.11.16-19.12.37:736][647]CompilerResultsLog: Compiling game modules for hot reload
[2018.11.16-19.12.37:736][647]CompilerResultsLog: Parsing headers for RunAndGunEditor
[2018.11.16-19.12.37:736][647]CompilerResultsLog:   Running UnrealHeaderTool "A:\Projects\Unreal Engine Projects\RealTwoAtOnce\RunAndGun\RunAndGun.uproject" "A:\Projects\Unreal Engine Projects\RealTwoAtOnce\RunAndGun\Intermediate\Build\Win64\RunAndGunEditor\Development\RunAndGunEditor.uhtmanifest" -LogCmds="loginit warning, logexit warning, logdatabase error" -Unattended -WarningsAsErrors -installed
[2018.11.16-19.12.37:736][647]CompilerResultsLog: Reflection code generated for RunAndGunEditor in 11.5342611 seconds
[2018.11.16-19.12.37:736][647]CompilerResultsLog: Building 5 actions with 4 processes...
[2018.11.16-19.12.37:736][647]CompilerResultsLog:   [1/5] RunAndGun.init.gen.cpp
[2018.11.16-19.12.37:736][647]CompilerResultsLog:   [2/5] OutOfBounds.gen.cpp
[2018.11.16-19.12.37:736][647]CompilerResultsLog:   [3/5] OutOfBounds.cpp
[2018.11.16-19.12.37:736][647]CompilerResultsLog:   [4/5] UE4Editor-RunAndGun-2204.lib
[2018.11.16-19.12.37:736][647]CompilerResultsLog:      Creating library A:\Projects\Unreal Engine Projects\RealTwoAtOnce\RunAndGun\Intermediate\Build\Win64\UE4Editor\Development\RunAndGun\UE4Editor-RunAndGun-2204.lib and object A:\Projects\Unreal Engine Projects\RealTwoAtOnce\RunAndGun\Intermediate\Build\Win64\UE4Editor\Development\RunAndGun\UE4Editor-RunAndGun-2204.exp
[2018.11.16-19.12.37:736][647]CompilerResultsLog:   [5/5] UE4Editor-RunAndGun-2204.dll
[2018.11.16-19.12.37:736][647]CompilerResultsLog:      Creating library A:\Projects\Unreal Engine Projects\RealTwoAtOnce\RunAndGun\Intermediate\Build\Win64\UE4Editor\Development\RunAndGun\UE4Editor-RunAndGun-2204.suppressed.lib and object A:\Projects\Unreal Engine Projects\RealTwoAtOnce\RunAndGun\Intermediate\Build\Win64\UE4Editor\Development\RunAndGun\UE4Editor-RunAndGun-2204.suppressed.exp
[2018.11.16-19.12.37:736][647]CompilerResultsLog: Total build time: 16.41 seconds (Parallel executor: 2.83 seconds)
[2018.11.16-19.12.37:736][647]LogMainFrame: MainFrame: Module compiling took 16.782 seconds
[2018.11.16-19.12.37:784][647]LogClass: Could not find existing class OutOfBounds in package /Script/RunAndGun for HotReload, assuming new class
[2018.11.16-19.12.37:784][647]LogClass: Function OnBeginOverlap is new.
[2018.11.16-19.12.37:801][647]LogHotReload: Re-instancing OutOfBounds after hot-reload.
[2018.11.16-19.12.37:927][647]LogContentBrowser: Native class hierarchy updated for 'RunAndGun' in 0.0004 seconds. Added 9 classes and 2 folders.
[2018.11.16-19.12.37:931][647]Display: HotReload successful (3 functions remapped  0 scriptstructs remapped)
[2018.11.16-19.12.38:259][647]LogContentBrowser: Native class hierarchy populated in 0.0090 seconds. Added 2582 classes and 607 folders.
[2018.11.16-19.12.38:259][647]Display: HotReload took 17.3s.
[2018.11.16-19.12.46:141][554]LogSlate: FSceneViewport::OnFocusLost() reason 0
[2018.11.16-19.12.53:731][456]LogEditorViewport: Clicking on Actor (LMB): PlayerStart (Player Start)
[2018.11.16-19.12.57:393][890]LogNavigationPoint: PostEditMove Clear paths rebuilt
[2018.11.16-19.13.03:921][653]LogSlate: FSceneViewport::OnFocusLost() reason 0
[2018.11.16-19.13.07:044][ 22]LogEditorViewport: Clicking on Actor (LMB): BP_Sky_Sphere_C (Sky Sphere)
[2018.11.16-19.13.07:654][ 90]LogEditorViewport: Clicking on Actor (LMB): BP_Sky_Sphere_C (Sky Sphere)
[2018.11.16-19.13.10:606][437]LogSlate: FSceneViewport::OnFocusLost() reason 0
[2018.11.16-19.13.17:780][288]LogEditorViewport: Clicking on Actor (LMB): PlayerStart (Player Start)
[2018.11.16-19.13.23:094][887]LogNavigationPoint: PostEditMove Clear paths rebuilt
[2018.11.16-19.13.28:283][466]LogNavigationPoint: PostEditMove Clear paths rebuilt
[2018.11.16-19.13.32:723][962]LogSlate: FSceneViewport::OnFocusLost() reason 0
[2018.11.16-19.13.40:210][833]LogSlate: FSceneViewport::OnFocusLost() reason 0
[2018.11.16-19.13.51:715][196]LogEditorViewport: Clicking on Actor (LMB): PlayerStart (Player Start)
[2018.11.16-19.13.56:640][740]LogNavigationPoint: PostEditMove Clear paths rebuilt
[2018.11.16-19.14.03:973][575]LogNavigationPoint: PostEditMove Clear paths rebuilt
[2018.11.16-19.14.06:823][913]LogSlate: FSceneViewport::OnFocusLost() reason 0
[2018.11.16-19.14.06:942][925]Cmd: OBJ SAVEPACKAGE PACKAGE="/Game/MyContent/Maps/Main" FILE="A:/Projects/Unreal Engine Projects/RealTwoAtOnce/RunAndGun/Content/MyContent/Maps/Main.umap" SILENT=true AUTOSAVING=false KEEPDIRTY=false
[2018.11.16-19.14.07:114][925]LogSavePackage: Moving 'A:/Projects/Unreal Engine Projects/RealTwoAtOnce/RunAndGun/Saved/Main547E0CC24EFF2F824F5D6BB30E06751B.tmp' to 'A:/Projects/Unreal Engine Projects/RealTwoAtOnce/RunAndGun/Content/MyContent/Maps/Main.umap'
[2018.11.16-19.14.08:748][116]LogTemp: Repeating last play command: Selected Viewport
[2018.11.16-19.14.08:764][116]LogPlayLevel: PlayLevel: No blueprints needed recompiling
[2018.11.16-19.14.08:765][116]PIE: New page: PIE session: Main (16 Nov 2018 19:14:08)
[2018.11.16-19.14.08:765][116]LogPlayLevel: Creating play world package: /Game/MyContent/Maps/UEDPIE_0_Main
[2018.11.16-19.14.08:776][116]LogPlayLevel: PIE: StaticDuplicateObject took: (0.010973s)
[2018.11.16-19.14.08:776][116]LogAIModule: Creating AISystem for world Main
[2018.11.16-19.14.08:776][116]LogPlayLevel: PIE: World Init took: (0.000664s)
[2018.11.16-19.14.08:776][116]LogPlayLevel: PIE: Created PIE world by copying editor world from /Game/MyContent/Maps/Main.Main to /Game/MyContent/Maps/UEDPIE_0_Main.Main (0.011760s)
[2018.11.16-19.14.08:825][116]LogInit: XAudio2 using 'Headphones (High Definition Audio Device)' : 2 channels at 44.1 kHz using 16 bits per sample (channel mask 0x3)
[2018.11.16-19.14.08:836][116]LogInit: FAudioDevice initialized.
[2018.11.16-19.14.08:866][116]LogLoad: Game class is 'Bp_RunAndGunGameModeBase_C'
[2018.11.16-19.14.08:868][116]LogWorld: Bringing World /Game/MyContent/Maps/UEDPIE_0_Main.Main up for play (max tick rate 0) at 2018.11.16-19.14.08
[2018.11.16-19.14.08:868][116]LogWorld: Bringing up level for play took: 0.001726
[2018.11.16-19.14.08:882][116]PIE: Play in editor start time for /Game/MyContent/Maps/UEDPIE_0_Main 0.834
[2018.11.16-19.14.18:353][243]LogSlate: Updating window title bar state: overlay mode, drag disabled, window buttons hidden, title bar hidden
[2018.11.16-19.14.18:390][243]LogPlayLevel: Display: Shutting down PIE online subsystems
[2018.11.16-19.14.18:420][243]LogSlate: Updating window title bar state: overlay mode, drag disabled, window buttons hidden, title bar hidden
[2018.11.16-19.14.18:454][245]LogPlayLevel: Display: Destroying online subsystem :Context_6
[2018.11.16-19.14.20:277][463]LogSlate: FSceneViewport::OnFocusLost() reason 0
[2018.11.16-19.14.20:369][474]LogTemp: Repeating last play command: Selected Viewport
[2018.11.16-19.14.20:385][474]LogPlayLevel: PlayLevel: No blueprints needed recompiling
[2018.11.16-19.14.20:386][474]PIE: New page: PIE session: Main (16 Nov 2018 19:14:20)
[2018.11.16-19.14.20:386][474]LogPlayLevel: Creating play world package: /Game/MyContent/Maps/UEDPIE_0_Main
[2018.11.16-19.14.20:397][474]LogPlayLevel: PIE: StaticDuplicateObject took: (0.011496s)
[2018.11.16-19.14.20:398][474]LogAIModule: Creating AISystem for world Main
[2018.11.16-19.14.20:398][474]LogPlayLevel: PIE: World Init took: (0.000767s)
[2018.11.16-19.14.20:398][474]LogPlayLevel: PIE: Created PIE world by copying editor world from /Game/MyContent/Maps/Main.Main to /Game/MyContent/Maps/UEDPIE_0_Main.Main (0.012403s)
[2018.11.16-19.14.20:434][474]LogInit: XAudio2 using 'Headphones (High Definition Audio Device)' : 2 channels at 44.1 kHz using 16 bits per sample (channel mask 0x3)
[2018.11.16-19.14.20:444][474]LogInit: FAudioDevice initialized.
[2018.11.16-19.14.20:475][474]LogLoad: Game class is 'Bp_RunAndGunGameModeBase_C'
[2018.11.16-19.14.20:477][474]LogWorld: Bringing World /Game/MyContent/Maps/UEDPIE_0_Main.Main up for play (max tick rate 0) at 2018.11.16-19.14.20
[2018.11.16-19.14.20:477][474]LogWorld: Bringing up level for play took: 0.001912
[2018.11.16-19.14.20:491][474]PIE: Play in editor start time for /Game/MyContent/Maps/UEDPIE_0_Main 0.443
[2018.11.16-19.15.00:111][198]LogSlate: Updating window title bar state: overlay mode, drag disabled, window buttons hidden, title bar hidden
[2018.11.16-19.15.00:150][198]LogPlayLevel: Display: Shutting down PIE online subsystems
[2018.11.16-19.15.00:185][198]LogSlate: Updating window title bar state: overlay mode, drag disabled, window buttons hidden, title bar hidden
[2018.11.16-19.15.00:216][199]LogPlayLevel: Display: Destroying online subsystem :Context_7
