Log file open, 11/14/18 04:24:32
LogWindows: Failed to load 'aqProf.dll' (GetLastError=126)
LogWindows: File 'aqProf.dll' does not exist
LogWindows: Failed to load 'VtuneApi.dll' (GetLastError=126)
LogWindows: File 'VtuneApi.dll' does not exist
LogWindows: Failed to load 'VtuneApi32e.dll' (GetLastError=126)
LogWindows: File 'VtuneApi32e.dll' does not exist
LogInit: Display: Running engine for game: RunAndGun
LogPlatformFile: Not using cached read wrapper
LogTaskGraph: Started task graph with 5 named threads and 14 total threads with 3 sets of task threads.
LogStats: Stats thread started at 0.185706
LogD3D11RHI: Loaded GFSDK_Aftermath_Lib.x64.dll
LogICUInternationalization: Display: ICU TimeZone Detection - Raw Offset: +0:00, Platform Override: ''
LogPluginManager: Mounting plugin Paper2D
LogPluginManager: Mounting plugin AISupport
LogPluginManager: Mounting plugin LightPropagationVolume
LogPluginManager: Mounting plugin CLionSourceCodeAccess
LogPluginManager: Mounting plugin CodeLiteSourceCodeAccess
LogPluginManager: Mounting plugin GitSourceControl
LogPluginManager: Mounting plugin KDevelopSourceCodeAccess
LogPluginManager: Mounting plugin NullSourceCodeAccess
LogPluginManager: Mounting plugin PerforceSourceControl
LogPluginManager: Mounting plugin SubversionSourceControl
LogPluginManager: Mounting plugin UObjectPlugin
LogPluginManager: Mounting plugin VisualStudioCodeSourceCodeAccess
LogPluginManager: Mounting plugin VisualStudioSourceCodeAccess
LogPluginManager: Mounting plugin XCodeSourceCodeAccess
LogPluginManager: Mounting plugin AssetManagerEditor
LogPluginManager: Mounting plugin CryptoKeys
LogPluginManager: Mounting plugin DataValidation
LogPluginManager: Mounting plugin FacialAnimation
LogPluginManager: Mounting plugin GameplayTagsEditor
LogPluginManager: Mounting plugin MacGraphicsSwitching
LogPluginManager: Mounting plugin MeshEditor
LogPluginManager: Mounting plugin MobileLauncherProfileWizard
LogPluginManager: Mounting plugin PluginBrowser
LogPluginManager: Mounting plugin SpeedTreeImporter
LogPluginManager: Mounting plugin DatasmithContent
LogPluginManager: Mounting plugin AlembicImporter
LogPluginManager: Mounting plugin AppleImageUtils
LogPluginManager: Mounting plugin AppleVision
LogPluginManager: Mounting plugin BackChannel
LogPluginManager: Mounting plugin CharacterAI
LogPluginManager: Mounting plugin GeometryCache
LogPluginManager: Mounting plugin HTML5Networking
LogPluginManager: Mounting plugin ProxyLODPlugin
LogPluginManager: Mounting plugin MagicLeap
LogPluginManager: Mounting plugin MagicLeapEmulator
LogPluginManager: Mounting plugin MagicLeapMedia
LogPluginManager: Mounting plugin AndroidMedia
LogPluginManager: Mounting plugin AvfMedia
LogPluginManager: Mounting plugin ImgMedia
LogPluginManager: Mounting plugin LinearTimecode
LogPluginManager: Mounting plugin MediaCompositing
LogPluginManager: Mounting plugin MediaPlayerEditor
LogPluginManager: Mounting plugin WmfMedia
LogPluginManager: Mounting plugin TcpMessaging
LogPluginManager: Mounting plugin UdpMessaging
LogPluginManager: Mounting plugin ActorSequence
LogPluginManager: Mounting plugin LevelSequenceEditor
LogPluginManager: Mounting plugin MatineeToLevelSequence
LogPluginManager: Mounting plugin NetcodeUnitTest
LogPluginManager: Mounting plugin NUTUnrealEngine4
LogPluginManager: Mounting plugin OnlineSubsystemGooglePlay
LogPluginManager: Mounting plugin OnlineSubsystemIOS
LogPluginManager: Mounting plugin OnlineSubsystem
LogPluginManager: Mounting plugin OnlineSubsystemNull
LogPluginManager: Mounting plugin OnlineSubsystemUtils
LogPluginManager: Mounting plugin LauncherChunkInstaller
LogPluginManager: Mounting plugin AndroidDeviceProfileSelector
LogPluginManager: Mounting plugin AndroidMoviePlayer
LogPluginManager: Mounting plugin AndroidPermission
LogPluginManager: Mounting plugin AppleMoviePlayer
LogPluginManager: Mounting plugin ArchVisCharacter
LogPluginManager: Mounting plugin AudioCapture
LogPluginManager: Mounting plugin CableComponent
LogPluginManager: Mounting plugin CustomMeshComponent
LogPluginManager: Mounting plugin EditableMesh
LogPluginManager: Mounting plugin ExampleDeviceProfileSelector
LogPluginManager: Mounting plugin GoogleCloudMessaging
LogPluginManager: Mounting plugin ImmediatePhysics
LogPluginManager: Mounting plugin IOSDeviceProfileSelector
LogPluginManager: Mounting plugin LinuxDeviceProfileSelector
LogPluginManager: Mounting plugin LocationServicesBPLibrary
LogPluginManager: Mounting plugin MobilePatchingUtils
LogPluginManager: Mounting plugin OculusVR
LogPluginManager: Plugin shader directory ../../../Engine/Plugins/Runtime/Oculus/OculusVR/Shaders found
LogPluginManager: Mapping shader source directory ../../../Engine/Plugins/Runtime/Oculus/OculusVR/Shaders to virtual directory /Plugin/OculusVR
LogPluginManager: Mounting plugin PhysXVehicles
LogPluginManager: Mounting plugin ProceduralMeshComponent
LogPluginManager: Mounting plugin RuntimePhysXCooking
LogPluginManager: Mounting plugin SteamVR
LogPluginManager: Mounting plugin WindowsMoviePlayer
LogStreaming: Display: Took  0.124s to configure plugins.
LogInit: Using libcurl 7.55.1-DEV
LogInit:  - built for x86_64-pc-win32
LogInit:  - supports SSL with OpenSSL/1.0.2h
LogInit:  - supports HTTP deflate (compression) using libz 1.2.8
LogInit:  - other features:
LogInit:      CURL_VERSION_SSL
LogInit:      CURL_VERSION_LIBZ
LogInit:      CURL_VERSION_IPV6
LogInit:      CURL_VERSION_ASYNCHDNS
LogInit:      CURL_VERSION_LARGEFILE
LogInit:      CURL_VERSION_IDN
LogInit:  CurlRequestOptions (configurable via config and command line):
LogInit:  - bVerifyPeer = false  - Libcurl will NOT verify peer certificate
LogInit:  - bUseHttpProxy = false  - Libcurl will NOT use HTTP proxy
LogInit:  - bDontReuseConnections = false  - Libcurl will reuse connections
LogInit:  - CertBundlePath = nullptr  - Libcurl will use whatever was configured at build time.
LogInit:  - MaxHostConnections = 16  - Libcurl will limit the number of connections to a host
LogInit:  - LocalHostAddr = Default
LogInit:  - BufferSize = 65536
LogInit: WinSock: version 1.1 (2.2), MaxSocks=32767, MaxUdp=65467
LogInit: Build: ++UE4+Release-4.20-CL-4369336
LogInit: Engine Version: 4.20.3-4369336+++UE4+Release-4.20
LogInit: Compatible Engine Version: 4.20.0-4212847+++UE4+Release-4.20
LogInit: Net CL: 4212847
LogInit: OS: Windows 10 (), CPU: Intel(R) Core(TM) i5-6600 CPU @ 3.30GHz, GPU: NVIDIA GeForce GTX 970
LogInit: Compiled (64-bit): Sep 17 2018 12:26:19
LogInit: Compiled with Visual C++: 19.13.26129.00
LogInit: Build Configuration: Development
LogInit: Branch Name: ++UE4+Release-4.20
LogInit: Command Line:  
LogInit: Base Directory: C:/Program Files/Epic Games/UE_4.20/Engine/Binaries/Win64/
LogInit: Installed Engine Build: 1
LogDevObjectVersion: Number of dev versions registered: 20
LogDevObjectVersion:   Dev-Blueprints (B0D832E4-1F89-4F0D-ACCF-7EB736FD4AA2): 10
LogDevObjectVersion:   Dev-Build (E1C64328-A22C-4D53-A36C-8E866417BD8C): 0
LogDevObjectVersion:   Dev-Core (375EC13C-06E4-48FB-B500-84F0262A717E): 2
LogDevObjectVersion:   Dev-Editor (E4B068ED-F494-42E9-A231-DA0B2E46BB41): 24
LogDevObjectVersion:   Dev-Framework (CFFC743F-43B0-4480-9391-14DF171D2073): 34
LogDevObjectVersion:   Dev-Mobile (B02B49B5-BB20-44E9-A304-32B752E40360): 2
LogDevObjectVersion:   Dev-Networking (A4E4105C-59A1-49B5-A7C5-40C4547EDFEE): 0
LogDevObjectVersion:   Dev-Online (39C831C9-5AE6-47DC-9A44-9C173E1C8E7C): 0
LogDevObjectVersion:   Dev-Physics (78F01B33-EBEA-4F98-B9B4-84EACCB95AA2): 0
LogDevObjectVersion:   Dev-Platform (6631380F-2D4D-43E0-8009-CF276956A95A): 0
LogDevObjectVersion:   Dev-Rendering (12F88B9F-8875-4AFC-A67C-D90C383ABD29): 26
LogDevObjectVersion:   Dev-Sequencer (7B5AE74C-D270-4C10-A958-57980B212A5A): 9
LogDevObjectVersion:   Dev-VR (D7296918-1DD6-4BDD-9DE2-64A83CC13884): 2
LogDevObjectVersion:   Dev-LoadTimes (C2A15278-BFE7-4AFE-6C17-90FF531DF755): 1
LogDevObjectVersion:   Private-Geometry (6EACA3D4-40EC-4CC1-B786-8BED09428FC5): 3
LogDevObjectVersion:   Dev-AnimPhys (29E575DD-E0A3-4627-9D10-D276232CDCEA): 17
LogDevObjectVersion:   Dev-ReflectionCapture (6B266CEC-1EC7-4B8F-A30B-E4D90942FC07): 1
LogDevObjectVersion:   Dev-Automation (0DF73D61-A23F-47EA-B727-89E90C41499A): 1
LogDevObjectVersion:   FortniteMain (601D1886-AC64-4F84-AA16-D3DE0DEAC7D6): 12
LogDevObjectVersion:   Dev-Enterprise (9DFFBCD6-494F-0158-E221-12823C92A888): 1
LogStreaming: Display: Took  0.000s to delete old logs.
LogInit: Presizing for max 8388607 objects, including 0 objects not considered by GC, pre-allocating 0 bytes for permanent pool.
LogInit: Object subsystem initialized
[2018.11.14-04.24.33:124][  0]LogInit: Selected Device Profile: [Windows]
[2018.11.14-04.24.33:124][  0]LogInit: Applying CVar settings loaded from the selected device profile: [Windows]
[2018.11.14-04.24.33:133][  0]LogHAL: Display: Platform has ~ 16 GB [17116667904 / 17179869184 / 16], which maps to Larger [LargestMinGB=32, LargerMinGB=12, DefaultMinGB=8, SmallerMinGB=6, SmallestMinGB=0)
[2018.11.14-04.24.33:133][  0]LogInit: Setting Device Profile CVar: [[r.Vulkan.UseRealUBs:1]]
[2018.11.14-04.24.33:133][  0]LogInit: Going up to parent DeviceProfile []
[2018.11.14-04.24.33:133][  0]LogInit: Computer: DESKTOP-C6U4EA4
[2018.11.14-04.24.33:133][  0]LogInit: User: ThomasSimon
[2018.11.14-04.24.33:133][  0]LogInit: CPU Page size=4096, Cores=4
[2018.11.14-04.24.33:133][  0]LogInit: High frequency timer resolution =3.234371 MHz
[2018.11.14-04.24.33:133][  0]LogMemory: Memory total: Physical=15.9GB (16GB approx)
[2018.11.14-04.24.33:133][  0]LogMemory: Platform Memory Stats for Windows
[2018.11.14-04.24.33:133][  0]LogMemory: Process Physical Memory: 100.56 MB used, 100.56 MB peak
[2018.11.14-04.24.33:133][  0]LogMemory: Process Virtual Memory: 84.46 MB used, 84.46 MB peak
[2018.11.14-04.24.33:133][  0]LogMemory: Physical Memory: 6693.00 MB used,  9630.73 MB free, 16323.73 MB total
[2018.11.14-04.24.33:133][  0]LogMemory: Virtual Memory: 4625.40 MB used,  9630.73 MB free, 134217728.00 MB total
[2018.11.14-04.24.33:153][  0]LogInit: Using OS detected language (en-GB).
[2018.11.14-04.24.33:153][  0]LogInit: Using OS detected locale (en-GB).
[2018.11.14-04.24.33:153][  0]LogTextLocalizationManager: No specific localization for 'en-GB' exists, so the 'en' localization will be used.
[2018.11.14-04.24.33:520][  0]LogStreaming: Display: Took  0.368s to InitEngineTextLocalization.
[2018.11.14-04.24.33:520][  0]LogInit: Setting process to per monitor DPI aware
[2018.11.14-04.24.33:563][  0]LogSlate: New Slate User Created.  User Index 0, Is Virtual User: 0
[2018.11.14-04.24.33:563][  0]LogSlate: Slate User Registered.  User Index 0, Is Virtual User: 0
[2018.11.14-04.24.33:734][  0]LogHMD: Failed to initialize OpenVR with code 110
[2018.11.14-04.24.33:734][  0]LogD3D11RHI: D3D11 adapters:
[2018.11.14-04.24.33:776][  0]LogD3D11RHI:    0. 'NVIDIA GeForce GTX 970' (Feature Level 11_0)
[2018.11.14-04.24.33:776][  0]LogD3D11RHI:       4043/0/8161 MB DedicatedVideo/DedicatedSystem/SharedSystem, Outputs:3, VendorId:0x10de
[2018.11.14-04.24.33:778][  0]LogD3D11RHI:    1. 'Microsoft Basic Render Driver' (Feature Level 11_0)
[2018.11.14-04.24.33:778][  0]LogD3D11RHI:       0/0/8161 MB DedicatedVideo/DedicatedSystem/SharedSystem, Outputs:0, VendorId:0x1414
[2018.11.14-04.24.33:778][  0]LogD3D11RHI: Chosen D3D11 Adapter: 0
[2018.11.14-04.24.33:785][  0]LogD3D11RHI: Creating new Direct3DDevice
[2018.11.14-04.24.33:785][  0]LogD3D11RHI:     GPU DeviceId: 0x13c2 (for the marketing name, search the web for "GPU Device Id")
[2018.11.14-04.24.33:785][  0]LogWindows: EnumDisplayDevices:
[2018.11.14-04.24.33:785][  0]LogWindows:    0. 'NVIDIA GeForce GTX 970' (P:0 D:1)
[2018.11.14-04.24.33:785][  0]LogWindows:    1. 'NVIDIA GeForce GTX 970' (P:0 D:1)
[2018.11.14-04.24.33:785][  0]LogWindows:    2. 'NVIDIA GeForce GTX 970' (P:1 D:1)
[2018.11.14-04.24.33:786][  0]LogWindows:    3. 'NVIDIA GeForce GTX 970' (P:0 D:0)
[2018.11.14-04.24.33:786][  0]LogWindows: DebugString: FoundDriverCount:4 
[2018.11.14-04.24.33:786][  0]LogD3D11RHI:     Adapter Name: NVIDIA GeForce GTX 970
[2018.11.14-04.24.33:786][  0]LogD3D11RHI:   Driver Version: 398.11 (internal:24.21.13.9811, unified:398.11)
[2018.11.14-04.24.33:786][  0]LogD3D11RHI:      Driver Date: 6-1-2018
[2018.11.14-04.24.33:786][  0]LogRHI: Texture pool is 2830 MB (70% of 4043 MB)
[2018.11.14-04.24.33:816][  0]LogD3D11RHI: Async texture creation enabled
[2018.11.14-04.24.33:833][  0]LogD3D11RHI: GPU Timing Frequency: 1000.000000 (Debug: 2 2)
[2018.11.14-04.24.33:885][  0]LogShaderCompilers: Guid format shader working directory is -6 characters bigger than the processId version (A:/Projects/Unreal Engine Projects/RealTwoAtOnce/RunAndGun/Intermediate/Shaders/WorkingDirectory/28720/).
[2018.11.14-04.24.33:885][  0]LogShaderCompilers: Cleaned the shader compiler working directory 'C:/Users/Thomas Simon/AppData/Local/Temp/UnrealShaderWorkingDir/E2B216B14CD7A022242D05A7F9345FF9/'.
[2018.11.14-04.24.34:143][  0]LogTemp: Display: Loaded TP AllDesktopTargetPlatform
[2018.11.14-04.24.34:157][  0]LogTemp: Display: Loaded TP MacClientTargetPlatform
[2018.11.14-04.24.34:169][  0]LogTemp: Display: Loaded TP MacNoEditorTargetPlatform
[2018.11.14-04.24.34:181][  0]LogTemp: Display: Loaded TP MacServerTargetPlatform
[2018.11.14-04.24.34:194][  0]LogTemp: Display: Loaded TP MacTargetPlatform
[2018.11.14-04.24.34:206][  0]LogTemp: Display: Loaded TP WindowsClientTargetPlatform
[2018.11.14-04.24.34:219][  0]LogTemp: Display: Loaded TP WindowsNoEditorTargetPlatform
[2018.11.14-04.24.34:232][  0]LogTemp: Display: Loaded TP WindowsServerTargetPlatform
[2018.11.14-04.24.34:238][  0]LogTemp: Display: Loaded TP WindowsTargetPlatform
[2018.11.14-04.24.34:313][  0]LogTemp: Display: Loaded TP AndroidTargetPlatform
[2018.11.14-04.24.34:313][  0]LogTemp: Display: Loaded TP AndroidTargetPlatform
[2018.11.14-04.24.34:313][  0]LogTemp: Display: Loaded TP AndroidTargetPlatform
[2018.11.14-04.24.34:313][  0]LogTemp: Display: Loaded TP AndroidTargetPlatform
[2018.11.14-04.24.34:313][  0]LogTemp: Display: Loaded TP AndroidTargetPlatform
[2018.11.14-04.24.34:313][  0]LogTemp: Display: Loaded TP AndroidTargetPlatform
[2018.11.14-04.24.34:313][  0]LogTemp: Display: Loaded TP AndroidTargetPlatform
[2018.11.14-04.24.34:313][  0]LogTemp: Display: Loaded TP AndroidTargetPlatform
[2018.11.14-04.24.34:313][  0]LogTemp: Display: Loaded TP AndroidTargetPlatform
[2018.11.14-04.24.34:313][  0]LogTemp: Display: Loaded TP AndroidTargetPlatform
[2018.11.14-04.24.34:313][  0]LogTemp: Display: Loaded TP AndroidTargetPlatform
[2018.11.14-04.24.34:313][  0]LogTemp: Display: Loaded TP AndroidTargetPlatform
[2018.11.14-04.24.34:313][  0]LogTemp: Display: Loaded TP AndroidTargetPlatform
[2018.11.14-04.24.34:313][  0]LogTemp: Display: Loaded TP AndroidTargetPlatform
[2018.11.14-04.24.34:313][  0]LogTemp: Display: Loaded TP AndroidTargetPlatform
[2018.11.14-04.24.34:313][  0]LogTemp: Display: Loaded TP AndroidTargetPlatform
[2018.11.14-04.24.34:313][  0]LogTemp: Display: Loaded TP AndroidTargetPlatform
[2018.11.14-04.24.34:313][  0]LogTemp: Display: Loaded TP AndroidTargetPlatform
[2018.11.14-04.24.34:314][  0]LogTemp: Display: Loaded TP HTML5TargetPlatform
[2018.11.14-04.24.34:373][  0]LogTemp: Display: Loaded TP IOSTargetPlatform
[2018.11.14-04.24.34:373][  0]LogTemp: Display: Loaded TP IOSTargetPlatform
[2018.11.14-04.24.34:395][  0]LogTemp: Display: Loaded TP TVOSTargetPlatform
[2018.11.14-04.24.34:395][  0]LogTemp: Display: Loaded TP TVOSTargetPlatform
[2018.11.14-04.24.34:407][  0]LogTemp: Display: Loaded TP LinuxClientTargetPlatform
[2018.11.14-04.24.34:418][  0]LogTemp: Display: Loaded TP LinuxNoEditorTargetPlatform
[2018.11.14-04.24.34:429][  0]LogTemp: Display: Loaded TP LinuxServerTargetPlatform
[2018.11.14-04.24.34:443][  0]LogTemp: Display: Loaded TP LinuxTargetPlatform
[2018.11.14-04.24.34:452][  0]LogTemp: Display: Loaded TP LuminTargetPlatform
[2018.11.14-04.24.34:452][  0]LogTargetPlatformManager: Display: Building Assets For Windows
[2018.11.14-04.24.34:528][  0]LogXGEController: Cleaning working directory: C:/Users/Thomas Simon/AppData/Local/Temp/UnrealXGEWorkingDir/
[2018.11.14-04.24.34:528][  0]LogXGEController: Cannot use XGE Controller as Incredibuild is not installed on this machine.
[2018.11.14-04.24.34:528][  0]LogShaderCompilers: Cannot use XGE Shader Compiler as Incredibuild is not installed on this machine.
[2018.11.14-04.24.34:528][  0]LogShaderCompilers: Display: Using Local Shader Compiler.
[2018.11.14-04.24.35:227][  0]LogDerivedDataCache: Display: Max Cache Size: 512 MB
[2018.11.14-04.24.35:283][  0]LogDerivedDataCache: Loaded boot cache 0.06s 71MB C:/Users/Thomas Simon/AppData/Local/UnrealEngine/4.20/DerivedDataCache/Boot.ddc.
[2018.11.14-04.24.35:284][  0]LogDerivedDataCache: Display: Loaded Boot cache: C:/Users/Thomas Simon/AppData/Local/UnrealEngine/4.20/DerivedDataCache/Boot.ddc
[2018.11.14-04.24.35:284][  0]LogDerivedDataCache: FDerivedDataBackendGraph:  Pak pak cache file A:/Projects/Unreal Engine Projects/RealTwoAtOnce/RunAndGun/DerivedDataCache/DDC.ddp not found, will not use a pak cache.
[2018.11.14-04.24.35:284][  0]LogDerivedDataCache: Unable to find inner node Pak for hierarchical cache Hierarchy.
[2018.11.14-04.24.35:284][  0]LogDerivedDataCache: FDerivedDataBackendGraph:  CompressedPak pak cache file A:/Projects/Unreal Engine Projects/RealTwoAtOnce/RunAndGun/DerivedDataCache/Compressed.ddp not found, will not use a pak cache.
[2018.11.14-04.24.35:284][  0]LogDerivedDataCache: Unable to find inner node CompressedPak for hierarchical cache Hierarchy.
[2018.11.14-04.24.35:299][  0]LogDerivedDataCache: Display: Pak cache opened for reading ../../../Engine/DerivedDataCache/Compressed.ddp.
[2018.11.14-04.24.35:312][  0]LogDerivedDataCache: Using Local data cache path C:/Users/Thomas Simon/AppData/Local/UnrealEngine/Common/DerivedDataCache: Writable
[2018.11.14-04.24.35:312][  0]LogDerivedDataCache: Shared data cache path not found in *engine.ini, will not use an Shared cache.
[2018.11.14-04.24.35:312][  0]LogDerivedDataCache: Unable to find inner node Shared for hierarchical cache Hierarchy.
[2018.11.14-04.24.35:331][  0]LogMaterial: Verifying Global Shaders for PCD3D_SM5
[2018.11.14-04.24.35:332][  0]LogSlate: Using FreeType 2.6.0
[2018.11.14-04.24.35:332][  0]LogSlate: SlateFontServices - WITH_FREETYPE: 1, WITH_HARFBUZZ: 1
[2018.11.14-04.24.35:403][  0]LogAssetRegistry: FAssetRegistry took 0.0261 seconds to start up
[2018.11.14-04.24.35:696][  0]LogInit: Selected Device Profile: [Windows]
[2018.11.14-04.24.35:819][  0]LogSimplygon: Simplygon DLL not present - disabling.
[2018.11.14-04.24.35:822][  0]LogMeshReduction: Using SimplygonSwarm for distributed automatic mesh merging
[2018.11.14-04.24.35:822][  0]LogMeshReduction: Using ProxyLODMeshReduction for automatic mesh merging
[2018.11.14-04.24.35:822][  0]LogMeshReduction: Using QuadricMeshReduction for automatic static mesh reduction
[2018.11.14-04.24.35:822][  0]LogMeshReduction: No automatic skeletal mesh reduction module available
[2018.11.14-04.24.35:847][  0]LogNetVersion: RunAndGun 1.0.0, NetCL: 4212847, EngineNetVer: 5, GameNetVer: 0 (Checksum: 2764751435)
[2018.11.14-04.24.36:396][  0]LogPackageLocalizationCache: Processed 11 localized package path(s) for 2 prioritized culture(s) in 0.145468 seconds
[2018.11.14-04.24.36:402][  0]LogUObjectArray: 38425 objects as part of root set at end of initial load.
[2018.11.14-04.24.36:402][  0]LogUObjectAllocator: 6690864 out of 0 bytes used by permanent object pool.
[2018.11.14-04.24.36:402][  0]LogUObjectArray: CloseDisregardForGC: 0/0 objects in disregard for GC pool
[2018.11.14-04.24.37:204][  0]LogTcpMessaging: Initializing TcpMessaging bridge
[2018.11.14-04.24.37:216][  0]LogUdpMessaging: Initializing bridge on interface 0.0.0.0:0 to multicast group 230.0.0.1:6666.
[2018.11.14-04.24.37:358][  0]SourceControl: Source control is disabled
[2018.11.14-04.24.37:359][  0]SourceControl: Source control is disabled
[2018.11.14-04.24.37:360][  0]SourceControl: Source control is disabled
[2018.11.14-04.24.37:361][  0]SourceControl: Source control is disabled
[2018.11.14-04.24.37:524][  0]LogAndroidPermission: UAndroidPermissionCallbackProxy::GetInstance
[2018.11.14-04.24.37:567][  0]LogOcInput: OculusInput pre-init called
[2018.11.14-04.24.37:620][  0]LogEngine: Initializing Engine...
[2018.11.14-04.24.37:621][  0]LogHMD: Failed to initialize OpenVR with code 110
[2018.11.14-04.24.37:622][  0]LogStats: UGameplayTagsManager::ConstructGameplayTagTree: ImportINI prefixes -  0.000 s
[2018.11.14-04.24.37:622][  0]LogStats: UGameplayTagsManager::ConstructGameplayTagTree: Construct from data asset -  0.000 s
[2018.11.14-04.24.37:622][  0]LogStats: UGameplayTagsManager::ConstructGameplayTagTree: ImportINI -  0.000 s
[2018.11.14-04.24.37:622][  0]LogStats: UGameplayTagsManager::ConstructGameplayTagTree: GameplayTagTreeChangedEvent.Broadcast -  0.000 s
[2018.11.14-04.24.37:825][  0]LogInit: Initializing FReadOnlyCVARCache
[2018.11.14-04.24.37:836][  0]LogAIModule: Creating AISystem for world Untitled
[2018.11.14-04.24.37:855][  0]LogInit: XAudio2 using 'Headphones (High Definition Audio Device)' : 2 channels at 44.1 kHz using 16 bits per sample (channel mask 0x3)
[2018.11.14-04.24.37:869][  0]LogInit: FAudioDevice initialized.
[2018.11.14-04.24.37:869][  0]LogNetVersion: Set ProjectVersion to 1.0.0.0. Version Checksum will be recalculated on next use.
[2018.11.14-04.24.37:940][  0]LogDerivedDataCache: Saved boot cache 0.07s 71MB C:/Users/Thomas Simon/AppData/Local/UnrealEngine/4.20/DerivedDataCache/Boot.ddc.
[2018.11.14-04.24.37:946][  0]LogInit: Texture streaming: Enabled
[2018.11.14-04.24.37:965][  0]LogEngineSessionManager: EngineSessionManager initialized
[2018.11.14-04.24.37:979][  0]LogInit: Transaction tracking system initialized
[2018.11.14-04.24.38:002][  0]BlueprintLog: New page: Editor Load
[2018.11.14-04.24.38:081][  0]LocalizationService: Localization service is disabled
[2018.11.14-04.24.38:316][  0]LogCook: Display: Max memory allowance for cook 16384mb min free memory 0mb
[2018.11.14-04.24.38:316][  0]LogCook: Display: Mobile HDR setting 1
[2018.11.14-04.24.38:316][  0]LogGameplayTags: Display: UGameplayTagsManager::DoneAddingNativeTags. DelegateIsBound: 0
[2018.11.14-04.24.38:316][  0]LogStats: UGameplayTagsManager::ConstructGameplayTagTree: ImportINI prefixes -  0.000 s
[2018.11.14-04.24.38:316][  0]LogStats: UGameplayTagsManager::ConstructGameplayTagTree: Construct from data asset -  0.000 s
[2018.11.14-04.24.38:316][  0]LogStats: UGameplayTagsManager::ConstructGameplayTagTree: ImportINI -  0.000 s
[2018.11.14-04.24.38:316][  0]LogStats: UGameplayTagsManager::ConstructGameplayTagTree: GameplayTagTreeChangedEvent.Broadcast -  0.000 s
[2018.11.14-04.24.38:420][  0]LogFileCache: Scanning file cache for directory 'A:/Projects/Unreal Engine Projects/RealTwoAtOnce/RunAndGun/Content/' took 0.01s
[2018.11.14-04.24.38:420][  0]SourceControl: Source control is disabled
[2018.11.14-04.24.38:420][  0]Cmd: MAP LOAD FILE="A:/Projects/Unreal Engine Projects/RealTwoAtOnce/RunAndGun/Content/StarterContent/Maps/Minimal_Default.umap" TEMPLATE=0 SHOWPROGRESS=1 FEATURELEVEL=3
[2018.11.14-04.24.38:421][  0]LightingResults: New page: Lighting Build
[2018.11.14-04.24.38:424][  0]MapCheck: New page: Map Check
[2018.11.14-04.24.38:424][  0]LightingResults: New page: Lighting Build
[2018.11.14-04.24.38:733][  0]LogAIModule: Creating AISystem for world Minimal_Default
[2018.11.14-04.24.38:741][  0]LogEditorServer: Finished looking for orphan Actors (0.000 secs)
[2018.11.14-04.24.38:763][  0]Cmd: MAP CHECKDEP NOCLEARLOG
[2018.11.14-04.24.38:824][  0]MapCheck: Map check complete: 0 Error(s), 0 Warning(s), took 61.167ms to complete.
[2018.11.14-04.24.38:824][  0]LogFileHelpers: Loading map 'Minimal_Default' took 0.404
[2018.11.14-04.24.38:963][  0]LogSlate: Updating window title bar state: overlay mode, drag disabled, window buttons hidden, title bar hidden
[2018.11.14-04.24.38:970][  0]LogSlate: Updating window title bar state: overlay mode, drag disabled, window buttons hidden, title bar hidden
[2018.11.14-04.24.38:977][  0]LogSlate: Updating window title bar state: overlay mode, drag disabled, window buttons hidden, title bar hidden
[2018.11.14-04.24.38:984][  0]LogSlate: Updating window title bar state: overlay mode, drag disabled, window buttons hidden, title bar hidden
[2018.11.14-04.24.38:990][  0]LogCollectionManager: Loaded 0 collections in 0.001531 seconds
[2018.11.14-04.24.39:039][  0]LogFileCache: Scanning file cache for directory 'A:/Projects/Unreal Engine Projects/RealTwoAtOnce/RunAndGun/Saved/Collections/' took 0.01s
[2018.11.14-04.24.39:039][  0]LogFileCache: Scanning file cache for directory 'A:/Projects/Unreal Engine Projects/RealTwoAtOnce/RunAndGun/Content/Developers/ThomasSimon/Collections/' took 0.01s
[2018.11.14-04.24.39:039][  0]LogFileCache: Scanning file cache for directory 'A:/Projects/Unreal Engine Projects/RealTwoAtOnce/RunAndGun/Content/Collections/' took 0.01s
[2018.11.14-04.24.39:039][  0]LogCollectionManager: Rebuilt the GUID cache for 0 collections in 0.000000 seconds
[2018.11.14-04.24.39:048][  0]LogContentBrowser: Native class hierarchy populated in 0.0082 seconds. Added 2575 classes and 607 folders.
[2018.11.14-04.24.39:053][  0]LogContentBrowser: Native class hierarchy updated for 'WidgetCarousel' in 0.0003 seconds. Added 0 classes and 0 folders.
[2018.11.14-04.24.39:089][  0]LogContentBrowser: Native class hierarchy updated for 'AddContentDialog' in 0.0004 seconds. Added 0 classes and 0 folders.
[2018.11.14-04.24.39:101][  0]LogSlate: Took 0.000229 seconds to synchronously load lazily loaded font '../../../Engine/Content/Slate/Fonts/Roboto-Regular.ttf' (155K)
[2018.11.14-04.24.39:105][  0]LogSlate: Took 0.000205 seconds to synchronously load lazily loaded font '../../../Engine/Content/Slate/Fonts/Roboto-Bold.ttf' (160K)
[2018.11.14-04.24.39:107][  0]LogSlate: Took 0.000306 seconds to synchronously load lazily loaded font '../../../Engine/Content/Editor/Slate/Fonts/FontAwesome.ttf' (139K)
[2018.11.14-04.24.39:172][  0]LogRenderer: Reallocating scene render targets to support 1152x600 Format 10 NumSamples 1 (Frame:1).
[2018.11.14-04.24.39:285][  0]LogContentBrowser: Native class hierarchy updated for 'HierarchicalLODOutliner' in 0.0003 seconds. Added 0 classes and 0 folders.
[2018.11.14-04.24.39:285][  0]LogLoad: (Engine Initialization) Total time: 7.50 seconds
[2018.11.14-04.24.39:285][  0]LogLoad: (Engine Initialization) Total Blueprint compile time: 0.00 seconds
[2018.11.14-04.24.39:296][  0]LogWindowsTextInputMethodSystem: Display: IME system now deactivated.
[2018.11.14-04.24.39:316][  0]LogContentStreaming: Texture pool size now 1000 MB
[2018.11.14-04.24.39:391][  0]LogSlate: Took 0.000178 seconds to synchronously load lazily loaded font '../../../Engine/Content/Slate/Fonts/Roboto-Light.ttf' (167K)
[2018.11.14-04.24.39:403][  1]LogAssetRegistry: Asset discovery search completed in 4.0231 seconds
[2018.11.14-04.24.39:405][  1]LogCollectionManager: Rebuilt the object cache for 0 collections in 0.000000 seconds (found 0 objects)
[2018.11.14-04.24.39:405][  1]LogCollectionManager: Fixed up redirectors for 0 collections in 0.000060 seconds (updated 0 objects)
[2018.11.14-04.24.40:320][105]LogSlate: Took 0.000200 seconds to synchronously load lazily loaded font '../../../Engine/Content/Slate/Fonts/Roboto-Light.ttf' (167K)
[2018.11.14-04.24.45:240][694]LogSlate: FSceneViewport::OnFocusLost() reason 0
[2018.11.14-04.24.52:367][545]LogAssetEditorManager: Opening Asset editor for Blueprint /Game/MyContent/Blueprints/Bp_PlayerCharacter.Bp_PlayerCharacter
[2018.11.14-04.24.52:803][545]LogContentBrowser: Native class hierarchy updated for 'BlueprintGraph' in 0.0009 seconds. Added 116 classes and 0 folders.
[2018.11.14-04.24.56:716][909]LogSlate: Window 'Bp_PlayerCharacter' being destroyed
[2018.11.14-04.24.58:236][ 82]LogAssetEditorManager: Opening Asset editor for Blueprint /Game/MyContent/Blueprints/Bp_PlayerCharacter.Bp_PlayerCharacter
[2018.11.14-04.24.58:521][ 82]LogSlate: Took 0.000228 seconds to synchronously load lazily loaded font '../../../Engine/Content/Slate/Fonts/Roboto-BoldCondensed.ttf' (158K)
[2018.11.14-04.24.59:881][235]LogSlate: Window 'Bp_PlayerCharacter' being destroyed
[2018.11.14-04.25.01:166][385]LogRenderer: Reallocating scene render targets to support 1152x900 Format 10 NumSamples 1 (Frame:1).
[2018.11.14-04.25.13:328][820]LogAIModule: Creating AISystem for world Main
[2018.11.14-04.25.13:333][820]LogAssetEditorManager: Opening Asset editor for World /Game/MyContent/Maps/Main.Main
[2018.11.14-04.25.13:366][820]Cmd: MAP LOAD FILE="A:/Projects/Unreal Engine Projects/RealTwoAtOnce/RunAndGun/Content/MyContent/Maps/Main.umap" TEMPLATE=0 SHOWPROGRESS=1 FEATURELEVEL=3
[2018.11.14-04.25.13:367][820]LightingResults: New page: Lighting Build
[2018.11.14-04.25.13:367][820]LoadErrors: New page: Loading map: Main.umap
[2018.11.14-04.25.13:368][820]MapCheck: New page: Map Check
[2018.11.14-04.25.13:368][820]LightingResults: New page: Lighting Build
[2018.11.14-04.25.13:398][820]LogEditorServer: Finished looking for orphan Actors (0.000 secs)
[2018.11.14-04.25.13:441][820]Cmd: MAP CHECKDEP NOCLEARLOG
[2018.11.14-04.25.13:515][820]MapCheck: Map check complete: 0 Error(s), 0 Warning(s), took 73.486ms to complete.
[2018.11.14-04.25.13:515][820]LogFileHelpers: Loading map 'Main' took 0.148
[2018.11.14-04.25.35:887][404]LogSlate: Only BGRA pngs, bmps or icos are supported in by External Image Picker
[2018.11.14-04.25.35:948][405]LogTemp: Executing iPhonePackager certificates Engine -bundlename com.YourCompany.RunAndGun
[2018.11.14-04.25.35:948][405]LogTemp: CWD: C:\Program Files\Epic Games\UE_4.20\Engine\Binaries\DotNET\IOS
[2018.11.14-04.25.35:948][405]LogTemp: Initial Dir: C:\Program Files\Epic Games\UE_4.20
[2018.11.14-04.25.35:948][405]LogTemp: Env CWD: C:\Program Files\Epic Games\UE_4.20\Engine\Binaries\DotNET\IOS
[2018.11.14-04.25.35:960][406]LogTemp: BranchPath = DESKTOP-C6U4EA4/C/Program Files/Epic Games/UE_4.20/Engine/Binaries --- GameBranchPath = DESKTOP-C6U4EA4/C/Program Files/Epic Games/UE_4.20/Engine/Binaries
[2018.11.14-04.25.35:976][407]LogTemp: IPP ERROR: Could not find provision directory 'C:\Users\Thomas Simon\AppData\Local/Apple Computer/MobileDevice/Provisioning Profiles/'.
[2018.11.14-04.25.41:568][ 75]LogUObjectGlobals: Warning: Failed to find object 'Class /Script/RunAndGun.RunAndGunGameMode'
[2018.11.14-04.25.53:698][494]LogSlate: Took 0.000189 seconds to synchronously load lazily loaded font '../../../Engine/Content/Slate/Fonts/Roboto-Italic.ttf' (157K)
[2018.11.14-04.25.54:276][562]LogSlate: FSceneViewport::OnFocusLost() reason 0
[2018.11.14-04.25.58:330][ 29]LogTexture: Display: Building textures: UE4_Mannequin_MAT_MASKA (AutoDXT, 1024X1024)
[2018.11.14-04.25.58:330][ 29]LogTexture: Display: Building textures: UE4_Mannequin_occlusion_Mobile (DXT1, 512X512)
[2018.11.14-04.25.58:330][ 29]LogTexture: Display: Building textures: T_ML_Rubber_Blue_01_D (DXT1, 512X512)
[2018.11.14-04.25.58:649][ 29]LogTexture: Display: Building textures: UE4_Mannequin__normals (BC5, 2048X2048)
[2018.11.14-04.25.58:649][ 29]LogTexture: Display: Building textures: T_ML_Aluminum01_N (BC5, 512X512)
[2018.11.14-04.25.58:649][ 29]LogTexture: Display: Building textures: UE4Man_Logo_N (BC5, 512X512)
[2018.11.14-04.25.58:649][ 29]LogTexture: Display: Building textures: T_ML_Aluminum01 (DXT1, 512X512)
[2018.11.14-04.25.58:649][ 29]LogTexture: Display: Building textures: T_ML_Rubber_Blue_01_N (BC5, 512X512)
[2018.11.14-04.25.58:978][ 29]LogMaterial: Display: Missing cached shader map for material M_UE4Man_Body, compiling. 
[2018.11.14-04.25.59:090][ 29]LogMaterial: Display: Missing cached shader map for material M_UE4Man_Body, compiling. 
[2018.11.14-04.25.59:135][ 29]LogShaderCompilers: Display: Shaders left to compile 128
[2018.11.14-04.25.59:135][ 29]LogShaderCompilers: Display: Shaders left to compile 118
[2018.11.14-04.25.59:135][ 29]LogShaderCompilers: Display: Shaders left to compile 108
[2018.11.14-04.25.59:135][ 29]LogSkeletalMesh: Building Skeletal Mesh SK_Mannequin...
[2018.11.14-04.25.59:192][ 29]LogSkeletalMesh: Built Skeletal Mesh [0.06s] /Game/AnimStarterPack/UE4_Mannequin/Mesh/SK_Mannequin.SK_Mannequin
[2018.11.14-04.26.03:252][478]LogShaderCompilers: Display: Shaders left to compile 226
[2018.11.14-04.26.04:164][577]LogShaderCompilers: Display: Shaders left to compile 216
[2018.11.14-04.26.04:213][583]LogShaderCompilers: Display: Shaders left to compile 206
[2018.11.14-04.26.07:289][937]LogShaderCompilers: Display: Shaders left to compile 196
[2018.11.14-04.26.08:206][ 43]LogShaderCompilers: Display: Shaders left to compile 186
[2018.11.14-04.26.09:055][140]LogShaderCompilers: Display: Shaders left to compile 176
[2018.11.14-04.26.10:529][311]LogShaderCompilers: Display: Shaders left to compile 166
[2018.11.14-04.26.13:327][635]LogShaderCompilers: Display: Shaders left to compile 156
[2018.11.14-04.26.13:551][661]LogShaderCompilers: Display: Shaders left to compile 146
[2018.11.14-04.26.13:707][679]LogShaderCompilers: Display: Shaders left to compile 136
[2018.11.14-04.26.16:185][964]LogShaderCompilers: Display: Shaders left to compile 126
[2018.11.14-04.26.18:084][183]LogShaderCompilers: Display: Shaders left to compile 116
[2018.11.14-04.26.18:493][229]LogShaderCompilers: Display: Shaders left to compile 106
[2018.11.14-04.26.19:031][289]LogShaderCompilers: Display: Shaders left to compile 96
[2018.11.14-04.26.21:278][548]LogShaderCompilers: Display: Shaders left to compile 86
[2018.11.14-04.26.21:658][592]LogShaderCompilers: Display: Shaders left to compile 76
[2018.11.14-04.26.23:778][836]LogShaderCompilers: Display: Shaders left to compile 66
[2018.11.14-04.26.24:561][926]LogShaderCompilers: Display: Shaders left to compile 56
[2018.11.14-04.26.24:916][967]LogShaderCompilers: Display: Shaders left to compile 46
[2018.11.14-04.26.27:171][227]LogShaderCompilers: Display: Shaders left to compile 36
[2018.11.14-04.26.28:690][402]LogShaderCompilers: Display: Shaders left to compile 26
[2018.11.14-04.26.29:795][530]LogShaderCompilers: Display: Shaders left to compile 16
[2018.11.14-04.26.29:950][548]LogShaderCompilers: Display: Shaders left to compile 6
[2018.11.14-04.26.58:507][932]LogClass: Warning: In asset 'None', there is an enum property of type 'EAnimationMode' with an invalid value of ''
[2018.11.14-04.26.58:521][932]LogSlate: FSceneViewport::OnFocusLost() reason 2
[2018.11.14-04.27.01:493][277]LogSlate: FSceneViewport::OnFocusLost() reason 2
[2018.11.14-04.27.15:573][957]LogClass: Warning: In asset 'None', there is an enum property of type 'EAnimationMode' with an invalid value of ''
[2018.11.14-04.27.15:588][957]LogSlate: FSceneViewport::OnFocusLost() reason 2
[2018.11.14-04.27.26:752][261]BlueprintLog: New page: Compile Bp_PlayerCharacter
[2018.11.14-04.27.27:782][356]LogSavePackage: Moving 'A:/Projects/Unreal Engine Projects/RealTwoAtOnce/RunAndGun/Saved/Bp_PlayerCharacter6E78606C481466B072C610A11013EAB5.tmp' to 'A:/Projects/Unreal Engine Projects/RealTwoAtOnce/RunAndGun/Content/MyContent/Blueprints/Bp_PlayerCharacter.uasset'
[2018.11.14-04.29.01:102][609]LogSlate: Window 'Pick Parent Class' being destroyed
[2018.11.14-04.29.22:094][115]LogAssetEditorManager: Opening Asset editor for Blueprint /Game/MyContent/Blueprints/Bp_RunAndGunGameModeBase.Bp_RunAndGunGameModeBase
[2018.11.14-04.29.22:355][115]LogSlate: Window 'Add Blueprint Class' being destroyed
[2018.11.14-04.29.30:248][ 50]LogSlate: Prevented a slow task dialog from being summoned while a context menu was open
[2018.11.14-04.29.52:894][754]BlueprintLog: New page: Compile Bp_RunAndGunGameModeBase
[2018.11.14-04.29.54:032][870]LogSavePackage: Moving 'A:/Projects/Unreal Engine Projects/RealTwoAtOnce/RunAndGun/Saved/Bp_RunAndGunGameModeBase54D58A2D40C18E8098119786E669A917.tmp' to 'A:/Projects/Unreal Engine Projects/RealTwoAtOnce/RunAndGun/Content/MyContent/Blueprints/Bp_RunAndGunGameModeBase.uasset'
[2018.11.14-04.29.58:922][359]LogSlate: Only BGRA pngs, bmps or icos are supported in by External Image Picker
[2018.11.14-04.29.59:008][364]LogTemp: Executing iPhonePackager certificates Engine -bundlename com.YourCompany.RunAndGun
[2018.11.14-04.29.59:009][364]LogTemp: CWD: C:\Program Files\Epic Games\UE_4.20\Engine\Binaries\DotNET\IOS
[2018.11.14-04.29.59:009][364]LogTemp: Initial Dir: C:\Program Files\Epic Games\UE_4.20
[2018.11.14-04.29.59:009][364]LogTemp: Env CWD: C:\Program Files\Epic Games\UE_4.20\Engine\Binaries\DotNET\IOS
[2018.11.14-04.29.59:009][364]LogTemp: BranchPath = DESKTOP-C6U4EA4/C/Program Files/Epic Games/UE_4.20/Engine/Binaries --- GameBranchPath = DESKTOP-C6U4EA4/C/Program Files/Epic Games/UE_4.20/Engine/Binaries
[2018.11.14-04.29.59:025][366]LogTemp: IPP ERROR: Could not find provision directory 'C:\Users\Thomas Simon\AppData\Local/Apple Computer/MobileDevice/Provisioning Profiles/'.
[2018.11.14-04.30.04:760][ 49]LogSlate: Prevented a slow task dialog from being summoned while a context menu was open
[2018.11.14-04.30.11:768][881]LogTemp: Repeating last play command: Selected Viewport
[2018.11.14-04.30.11:787][881]LogPlayLevel: PlayLevel: No blueprints needed recompiling
[2018.11.14-04.30.11:801][881]PIE: New page: PIE session: Main (14 Nov 2018 04:30:11)
[2018.11.14-04.30.11:801][881]LogPlayLevel: Creating play world package: /Game/MyContent/Maps/UEDPIE_0_Main
[2018.11.14-04.30.11:806][881]LogPlayLevel: PIE: StaticDuplicateObject took: (0.004336s)
[2018.11.14-04.30.11:807][881]LogAIModule: Creating AISystem for world Main
[2018.11.14-04.30.11:807][881]LogPlayLevel: PIE: World Init took: (0.001127s)
[2018.11.14-04.30.11:807][881]LogPlayLevel: PIE: Created PIE world by copying editor world from /Game/MyContent/Maps/Main.Main to /Game/MyContent/Maps/UEDPIE_0_Main.Main (0.005808s)
[2018.11.14-04.30.11:845][881]LogInit: XAudio2 using 'Headphones (High Definition Audio Device)' : 2 channels at 44.1 kHz using 16 bits per sample (channel mask 0x3)
[2018.11.14-04.30.11:855][881]LogInit: FAudioDevice initialized.
[2018.11.14-04.30.11:898][881]LogLoad: Game class is 'Bp_RunAndGunGameModeBase_C'
[2018.11.14-04.30.11:905][881]LogWorld: Bringing World /Game/MyContent/Maps/UEDPIE_0_Main.Main up for play (max tick rate 0) at 2018.11.14-04.30.11
[2018.11.14-04.30.11:905][881]LogWorld: Bringing up level for play took: 0.001310
[2018.11.14-04.30.11:934][881]LogContentBrowser: Native class hierarchy updated for 'MovieSceneCapture' in 0.0003 seconds. Added 10 classes and 0 folders.
[2018.11.14-04.30.11:944][881]PIE: Play in editor start time for /Game/MyContent/Maps/UEDPIE_0_Main 0.479
[2018.11.14-04.30.46:731][ 46]LogSlate: Updating window title bar state: overlay mode, drag disabled, window buttons hidden, title bar hidden
[2018.11.14-04.30.46:770][ 46]LogPlayLevel: Display: Shutting down PIE online subsystems
[2018.11.14-04.30.46:802][ 46]LogSlate: Updating window title bar state: overlay mode, drag disabled, window buttons hidden, title bar hidden
[2018.11.14-04.30.46:831][ 48]LogPlayLevel: Display: Destroying online subsystem :Context_7
[2018.11.14-04.30.48:227][215]LogSlate: FSceneViewport::OnFocusLost() reason 0
[2018.11.14-04.31.06:658][402]LogSlate: FSceneViewport::OnFocusLost() reason 0
[2018.11.14-04.31.18:354][798]LogSlate: FSceneViewport::OnFocusLost() reason 0
[2018.11.14-04.31.25:287][594]LogSlate: FSceneViewport::OnFocusLost() reason 0
[2018.11.14-04.31.49:130][223]BlueprintLog: New page: Compile Bp_PlayerCharacter
[2018.11.14-04.31.50:066][307]LogSavePackage: Moving 'A:/Projects/Unreal Engine Projects/RealTwoAtOnce/RunAndGun/Saved/Bp_PlayerCharacterB16FF80A486F7F8883F194B0B8DA1598.tmp' to 'A:/Projects/Unreal Engine Projects/RealTwoAtOnce/RunAndGun/Content/MyContent/Blueprints/Bp_PlayerCharacter.uasset'
[2018.11.14-04.31.51:514][480]LogTemp: Repeating last play command: Selected Viewport
[2018.11.14-04.31.51:529][480]LogPlayLevel: PlayLevel: No blueprints needed recompiling
[2018.11.14-04.31.51:529][480]PIE: New page: PIE session: Main (14 Nov 2018 04:31:51)
[2018.11.14-04.31.51:529][480]LogPlayLevel: Creating play world package: /Game/MyContent/Maps/UEDPIE_0_Main
[2018.11.14-04.31.51:531][480]LogPlayLevel: PIE: StaticDuplicateObject took: (0.001880s)
[2018.11.14-04.31.51:532][480]LogAIModule: Creating AISystem for world Main
[2018.11.14-04.31.51:532][480]LogPlayLevel: PIE: World Init took: (0.000711s)
[2018.11.14-04.31.51:532][480]LogPlayLevel: PIE: Created PIE world by copying editor world from /Game/MyContent/Maps/Main.Main to /Game/MyContent/Maps/UEDPIE_0_Main.Main (0.002752s)
[2018.11.14-04.31.51:564][480]LogInit: XAudio2 using 'Headphones (High Definition Audio Device)' : 2 channels at 44.1 kHz using 16 bits per sample (channel mask 0x3)
[2018.11.14-04.31.51:574][480]LogInit: FAudioDevice initialized.
[2018.11.14-04.31.51:602][480]LogLoad: Game class is 'Bp_RunAndGunGameModeBase_C'
[2018.11.14-04.31.51:603][480]LogWorld: Bringing World /Game/MyContent/Maps/UEDPIE_0_Main.Main up for play (max tick rate 0) at 2018.11.14-04.31.51
[2018.11.14-04.31.51:603][480]LogWorld: Bringing up level for play took: 0.000482
[2018.11.14-04.31.51:616][480]PIE: Play in editor start time for /Game/MyContent/Maps/UEDPIE_0_Main 0.152
[2018.11.14-04.31.53:618][717]LogSlate: Updating window title bar state: overlay mode, drag disabled, window buttons hidden, title bar hidden
[2018.11.14-04.31.53:650][717]LogPlayLevel: Display: Shutting down PIE online subsystems
[2018.11.14-04.31.53:681][717]LogSlate: Updating window title bar state: overlay mode, drag disabled, window buttons hidden, title bar hidden
[2018.11.14-04.31.53:725][721]LogPlayLevel: Display: Destroying online subsystem :Context_8
[2018.11.14-04.31.54:935][866]LogSlate: FSceneViewport::OnFocusLost() reason 0
[2018.11.14-04.31.55:060][878]Candidate modules for hot reload:
[2018.11.14-04.31.55:060][878]  RunAndGun
[2018.11.14-04.31.55:060][878]Launching UnrealBuildTool... [C:/Program Files/Epic Games/UE_4.20/Engine/Binaries/DotNET/UnrealBuildTool.exe  -ModuleWithSuffix=RunAndGun,1512 Win64 Development -TargetType=Editor -Project="A:/Projects/Unreal Engine Projects/RealTwoAtOnce/RunAndGun/RunAndGun.uproject" -canskiplink "A:/Projects/Unreal Engine Projects/RealTwoAtOnce/RunAndGun/RunAndGun.uproject" ]
[2018.11.14-04.31.55:074][878]Warning: Starting HotReload took  0.0s.
[2018.11.14-04.32.01:148][604]CompilerResultsLog: New page: Compilation - 14 Nov 2018 04:32:01
[2018.11.14-04.32.01:148][604]CompilerResultsLog: Using 'git status' to determine working set for adaptive non-unity build.
[2018.11.14-04.32.01:148][604]CompilerResultsLog: Creating makefile for hot reloading RunAndGunEditor (ini files are newer than UBTMakefile)
[2018.11.14-04.32.01:148][604]CompilerResultsLog: Compiling game modules for hot reload
[2018.11.14-04.32.01:148][604]CompilerResultsLog: Using Visual Studio 2017 14.15.26726 toolchain (C:\Program Files (x86)\Microsoft Visual Studio\2017\Community\VC\Tools\MSVC\14.15.26726) and Windows 10.0.17134.0 SDK (C:\Program Files (x86)\Windows Kits\10).
[2018.11.14-04.32.01:148][604]CompilerResultsLog: Target is up to date
[2018.11.14-04.32.01:148][604]CompilerResultsLog: Total build time: 5.76 seconds (NoActionsToExecute executor: 0.00 seconds)
[2018.11.14-04.32.01:148][604]LogMainFrame: MainFrame: Module compiling took 6.101 seconds
[2018.11.14-04.32.01:430][604]LogContentBrowser: Native class hierarchy populated in 0.0088 seconds. Added 2575 classes and 607 folders.
[2018.11.14-04.32.01:430][604]Display: HotReload took  6.4s.
[2018.11.14-04.32.02:898][780]LogTemp: Repeating last play command: Selected Viewport
[2018.11.14-04.32.02:914][780]LogPlayLevel: PlayLevel: No blueprints needed recompiling
[2018.11.14-04.32.02:914][780]PIE: New page: PIE session: Main (14 Nov 2018 04:32:02)
[2018.11.14-04.32.02:914][780]LogPlayLevel: Creating play world package: /Game/MyContent/Maps/UEDPIE_0_Main
[2018.11.14-04.32.02:916][780]LogPlayLevel: PIE: StaticDuplicateObject took: (0.001590s)
[2018.11.14-04.32.02:917][780]LogAIModule: Creating AISystem for world Main
[2018.11.14-04.32.02:917][780]LogPlayLevel: PIE: World Init took: (0.001515s)
[2018.11.14-04.32.02:918][780]LogPlayLevel: PIE: Created PIE world by copying editor world from /Game/MyContent/Maps/Main.Main to /Game/MyContent/Maps/UEDPIE_0_Main.Main (0.003259s)
[2018.11.14-04.32.02:966][780]LogInit: XAudio2 using 'Headphones (High Definition Audio Device)' : 2 channels at 44.1 kHz using 16 bits per sample (channel mask 0x3)
[2018.11.14-04.32.02:975][780]LogInit: FAudioDevice initialized.
[2018.11.14-04.32.03:004][780]LogLoad: Game class is 'Bp_RunAndGunGameModeBase_C'
[2018.11.14-04.32.03:005][780]LogWorld: Bringing World /Game/MyContent/Maps/UEDPIE_0_Main.Main up for play (max tick rate 0) at 2018.11.14-04.32.03
[2018.11.14-04.32.03:005][780]LogWorld: Bringing up level for play took: 0.000429
[2018.11.14-04.32.03:018][780]PIE: Play in editor start time for /Game/MyContent/Maps/UEDPIE_0_Main -0.447
[2018.11.14-04.32.33:622][444]LogSlate: Updating window title bar state: overlay mode, drag disabled, window buttons hidden, title bar hidden
[2018.11.14-04.32.33:655][444]LogPlayLevel: Display: Shutting down PIE online subsystems
[2018.11.14-04.32.33:688][444]LogSlate: Updating window title bar state: overlay mode, drag disabled, window buttons hidden, title bar hidden
[2018.11.14-04.32.33:726][447]LogPlayLevel: Display: Destroying online subsystem :Context_9
