Log file open, 11/14/18 03:19:09
LogWindows: Failed to load 'aqProf.dll' (GetLastError=126)
LogWindows: File 'aqProf.dll' does not exist
LogWindows: Failed to load 'VtuneApi.dll' (GetLastError=126)
LogWindows: File 'VtuneApi.dll' does not exist
LogWindows: Failed to load 'VtuneApi32e.dll' (GetLastError=126)
LogWindows: File 'VtuneApi32e.dll' does not exist
LogInit: Display: Running engine for game: RunAndGun
LogPlatformFile: Not using cached read wrapper
LogTaskGraph: Started task graph with 5 named threads and 14 total threads with 3 sets of task threads.
LogStats: Stats thread started at 0.180735
LogD3D11RHI: Loaded GFSDK_Aftermath_Lib.x64.dll
LogICUInternationalization: Display: ICU TimeZone Detection - Raw Offset: +0:00, Platform Override: ''
LogPluginManager: Mounting plugin Paper2D
LogPluginManager: Mounting plugin AISupport
LogPluginManager: Mounting plugin LightPropagationVolume
LogPluginManager: Mounting plugin CLionSourceCodeAccess
LogPluginManager: Mounting plugin CodeLiteSourceCodeAccess
LogPluginManager: Mounting plugin GitSourceControl
LogPluginManager: Mounting plugin KDevelopSourceCodeAccess
LogPluginManager: Mounting plugin NullSourceCodeAccess
LogPluginManager: Mounting plugin PerforceSourceControl
LogPluginManager: Mounting plugin SubversionSourceControl
LogPluginManager: Mounting plugin UObjectPlugin
LogPluginManager: Mounting plugin VisualStudioCodeSourceCodeAccess
LogPluginManager: Mounting plugin VisualStudioSourceCodeAccess
LogPluginManager: Mounting plugin XCodeSourceCodeAccess
LogPluginManager: Mounting plugin AssetManagerEditor
LogPluginManager: Mounting plugin CryptoKeys
LogPluginManager: Mounting plugin DataValidation
LogPluginManager: Mounting plugin FacialAnimation
LogPluginManager: Mounting plugin GameplayTagsEditor
LogPluginManager: Mounting plugin MacGraphicsSwitching
LogPluginManager: Mounting plugin MeshEditor
LogPluginManager: Mounting plugin MobileLauncherProfileWizard
LogPluginManager: Mounting plugin PluginBrowser
LogPluginManager: Mounting plugin SpeedTreeImporter
LogPluginManager: Mounting plugin DatasmithContent
LogPluginManager: Mounting plugin AlembicImporter
LogPluginManager: Mounting plugin AppleImageUtils
LogPluginManager: Mounting plugin AppleVision
LogPluginManager: Mounting plugin BackChannel
LogPluginManager: Mounting plugin CharacterAI
LogPluginManager: Mounting plugin GeometryCache
LogPluginManager: Mounting plugin HTML5Networking
LogPluginManager: Mounting plugin ProxyLODPlugin
LogPluginManager: Mounting plugin MagicLeap
LogPluginManager: Mounting plugin MagicLeapEmulator
LogPluginManager: Mounting plugin MagicLeapMedia
LogPluginManager: Mounting plugin AndroidMedia
LogPluginManager: Mounting plugin AvfMedia
LogPluginManager: Mounting plugin ImgMedia
LogPluginManager: Mounting plugin LinearTimecode
LogPluginManager: Mounting plugin MediaCompositing
LogPluginManager: Mounting plugin MediaPlayerEditor
LogPluginManager: Mounting plugin WmfMedia
LogPluginManager: Mounting plugin TcpMessaging
LogPluginManager: Mounting plugin UdpMessaging
LogPluginManager: Mounting plugin ActorSequence
LogPluginManager: Mounting plugin LevelSequenceEditor
LogPluginManager: Mounting plugin MatineeToLevelSequence
LogPluginManager: Mounting plugin NetcodeUnitTest
LogPluginManager: Mounting plugin NUTUnrealEngine4
LogPluginManager: Mounting plugin OnlineSubsystemGooglePlay
LogPluginManager: Mounting plugin OnlineSubsystemIOS
LogPluginManager: Mounting plugin OnlineSubsystem
LogPluginManager: Mounting plugin OnlineSubsystemNull
LogPluginManager: Mounting plugin OnlineSubsystemUtils
LogPluginManager: Mounting plugin LauncherChunkInstaller
LogPluginManager: Mounting plugin AndroidDeviceProfileSelector
LogPluginManager: Mounting plugin AndroidMoviePlayer
LogPluginManager: Mounting plugin AndroidPermission
LogPluginManager: Mounting plugin AppleMoviePlayer
LogPluginManager: Mounting plugin ArchVisCharacter
LogPluginManager: Mounting plugin AudioCapture
LogPluginManager: Mounting plugin CableComponent
LogPluginManager: Mounting plugin CustomMeshComponent
LogPluginManager: Mounting plugin EditableMesh
LogPluginManager: Mounting plugin ExampleDeviceProfileSelector
LogPluginManager: Mounting plugin GoogleCloudMessaging
LogPluginManager: Mounting plugin ImmediatePhysics
LogPluginManager: Mounting plugin IOSDeviceProfileSelector
LogPluginManager: Mounting plugin LinuxDeviceProfileSelector
LogPluginManager: Mounting plugin LocationServicesBPLibrary
LogPluginManager: Mounting plugin MobilePatchingUtils
LogPluginManager: Mounting plugin OculusVR
LogPluginManager: Plugin shader directory ../../../Engine/Plugins/Runtime/Oculus/OculusVR/Shaders found
LogPluginManager: Mapping shader source directory ../../../Engine/Plugins/Runtime/Oculus/OculusVR/Shaders to virtual directory /Plugin/OculusVR
LogPluginManager: Mounting plugin PhysXVehicles
LogPluginManager: Mounting plugin ProceduralMeshComponent
LogPluginManager: Mounting plugin RuntimePhysXCooking
LogPluginManager: Mounting plugin SteamVR
LogPluginManager: Mounting plugin WindowsMoviePlayer
LogStreaming: Display: Took  0.119s to configure plugins.
LogInit: Using libcurl 7.55.1-DEV
LogInit:  - built for x86_64-pc-win32
LogInit:  - supports SSL with OpenSSL/1.0.2h
LogInit:  - supports HTTP deflate (compression) using libz 1.2.8
LogInit:  - other features:
LogInit:      CURL_VERSION_SSL
LogInit:      CURL_VERSION_LIBZ
LogInit:      CURL_VERSION_IPV6
LogInit:      CURL_VERSION_ASYNCHDNS
LogInit:      CURL_VERSION_LARGEFILE
LogInit:      CURL_VERSION_IDN
LogInit:  CurlRequestOptions (configurable via config and command line):
LogInit:  - bVerifyPeer = false  - Libcurl will NOT verify peer certificate
LogInit:  - bUseHttpProxy = false  - Libcurl will NOT use HTTP proxy
LogInit:  - bDontReuseConnections = false  - Libcurl will reuse connections
LogInit:  - CertBundlePath = nullptr  - Libcurl will use whatever was configured at build time.
LogInit:  - MaxHostConnections = 16  - Libcurl will limit the number of connections to a host
LogInit:  - LocalHostAddr = Default
LogInit:  - BufferSize = 65536
LogInit: WinSock: version 1.1 (2.2), MaxSocks=32767, MaxUdp=65467
LogInit: Build: ++UE4+Release-4.20-CL-4369336
LogInit: Engine Version: 4.20.3-4369336+++UE4+Release-4.20
LogInit: Compatible Engine Version: 4.20.0-4212847+++UE4+Release-4.20
LogInit: Net CL: 4212847
LogInit: OS: Windows 10 (), CPU: Intel(R) Core(TM) i5-6600 CPU @ 3.30GHz, GPU: NVIDIA GeForce GTX 970
LogInit: Compiled (64-bit): Sep 17 2018 12:26:19
LogInit: Compiled with Visual C++: 19.13.26129.00
LogInit: Build Configuration: Development
LogInit: Branch Name: ++UE4+Release-4.20
LogInit: Command Line:  
LogInit: Base Directory: C:/Program Files/Epic Games/UE_4.20/Engine/Binaries/Win64/
LogInit: Installed Engine Build: 1
LogDevObjectVersion: Number of dev versions registered: 20
LogDevObjectVersion:   Dev-Blueprints (B0D832E4-1F89-4F0D-ACCF-7EB736FD4AA2): 10
LogDevObjectVersion:   Dev-Build (E1C64328-A22C-4D53-A36C-8E866417BD8C): 0
LogDevObjectVersion:   Dev-Core (375EC13C-06E4-48FB-B500-84F0262A717E): 2
LogDevObjectVersion:   Dev-Editor (E4B068ED-F494-42E9-A231-DA0B2E46BB41): 24
LogDevObjectVersion:   Dev-Framework (CFFC743F-43B0-4480-9391-14DF171D2073): 34
LogDevObjectVersion:   Dev-Mobile (B02B49B5-BB20-44E9-A304-32B752E40360): 2
LogDevObjectVersion:   Dev-Networking (A4E4105C-59A1-49B5-A7C5-40C4547EDFEE): 0
LogDevObjectVersion:   Dev-Online (39C831C9-5AE6-47DC-9A44-9C173E1C8E7C): 0
LogDevObjectVersion:   Dev-Physics (78F01B33-EBEA-4F98-B9B4-84EACCB95AA2): 0
LogDevObjectVersion:   Dev-Platform (6631380F-2D4D-43E0-8009-CF276956A95A): 0
LogDevObjectVersion:   Dev-Rendering (12F88B9F-8875-4AFC-A67C-D90C383ABD29): 26
LogDevObjectVersion:   Dev-Sequencer (7B5AE74C-D270-4C10-A958-57980B212A5A): 9
LogDevObjectVersion:   Dev-VR (D7296918-1DD6-4BDD-9DE2-64A83CC13884): 2
LogDevObjectVersion:   Dev-LoadTimes (C2A15278-BFE7-4AFE-6C17-90FF531DF755): 1
LogDevObjectVersion:   Private-Geometry (6EACA3D4-40EC-4CC1-B786-8BED09428FC5): 3
LogDevObjectVersion:   Dev-AnimPhys (29E575DD-E0A3-4627-9D10-D276232CDCEA): 17
LogDevObjectVersion:   Dev-ReflectionCapture (6B266CEC-1EC7-4B8F-A30B-E4D90942FC07): 1
LogDevObjectVersion:   Dev-Automation (0DF73D61-A23F-47EA-B727-89E90C41499A): 1
LogDevObjectVersion:   FortniteMain (601D1886-AC64-4F84-AA16-D3DE0DEAC7D6): 12
LogDevObjectVersion:   Dev-Enterprise (9DFFBCD6-494F-0158-E221-12823C92A888): 1
LogStreaming: Display: Took  0.000s to delete old logs.
LogInit: Presizing for max 8388607 objects, including 0 objects not considered by GC, pre-allocating 0 bytes for permanent pool.
LogInit: Object subsystem initialized
[2018.11.14-03.19.10:079][  0]LogInit: Selected Device Profile: [Windows]
[2018.11.14-03.19.10:080][  0]LogInit: Applying CVar settings loaded from the selected device profile: [Windows]
[2018.11.14-03.19.10:089][  0]LogHAL: Display: Platform has ~ 16 GB [17116667904 / 17179869184 / 16], which maps to Larger [LargestMinGB=32, LargerMinGB=12, DefaultMinGB=8, SmallerMinGB=6, SmallestMinGB=0)
[2018.11.14-03.19.10:089][  0]LogInit: Setting Device Profile CVar: [[r.Vulkan.UseRealUBs:1]]
[2018.11.14-03.19.10:089][  0]LogInit: Going up to parent DeviceProfile []
[2018.11.14-03.19.10:089][  0]LogInit: Computer: DESKTOP-C6U4EA4
[2018.11.14-03.19.10:089][  0]LogInit: User: ThomasSimon
[2018.11.14-03.19.10:089][  0]LogInit: CPU Page size=4096, Cores=4
[2018.11.14-03.19.10:089][  0]LogInit: High frequency timer resolution =3.234371 MHz
[2018.11.14-03.19.10:089][  0]LogMemory: Memory total: Physical=15.9GB (16GB approx)
[2018.11.14-03.19.10:089][  0]LogMemory: Platform Memory Stats for Windows
[2018.11.14-03.19.10:089][  0]LogMemory: Process Physical Memory: 99.32 MB used, 99.32 MB peak
[2018.11.14-03.19.10:089][  0]LogMemory: Process Virtual Memory: 82.94 MB used, 82.94 MB peak
[2018.11.14-03.19.10:089][  0]LogMemory: Physical Memory: 5039.08 MB used,  11284.65 MB free, 16323.73 MB total
[2018.11.14-03.19.10:089][  0]LogMemory: Virtual Memory: 4623.84 MB used,  11284.65 MB free, 134217728.00 MB total
[2018.11.14-03.19.10:108][  0]LogInit: Using OS detected language (en-GB).
[2018.11.14-03.19.10:108][  0]LogInit: Using OS detected locale (en-GB).
[2018.11.14-03.19.10:109][  0]LogTextLocalizationManager: No specific localization for 'en-GB' exists, so the 'en' localization will be used.
[2018.11.14-03.19.10:463][  0]LogStreaming: Display: Took  0.355s to InitEngineTextLocalization.
[2018.11.14-03.19.10:464][  0]LogInit: Setting process to per monitor DPI aware
[2018.11.14-03.19.10:501][  0]LogSlate: New Slate User Created.  User Index 0, Is Virtual User: 0
[2018.11.14-03.19.10:501][  0]LogSlate: Slate User Registered.  User Index 0, Is Virtual User: 0
[2018.11.14-03.19.10:674][  0]LogHMD: Failed to initialize OpenVR with code 110
[2018.11.14-03.19.10:674][  0]LogD3D11RHI: D3D11 adapters:
[2018.11.14-03.19.10:714][  0]LogD3D11RHI:    0. 'NVIDIA GeForce GTX 970' (Feature Level 11_0)
[2018.11.14-03.19.10:714][  0]LogD3D11RHI:       4043/0/8161 MB DedicatedVideo/DedicatedSystem/SharedSystem, Outputs:3, VendorId:0x10de
[2018.11.14-03.19.10:716][  0]LogD3D11RHI:    1. 'Microsoft Basic Render Driver' (Feature Level 11_0)
[2018.11.14-03.19.10:716][  0]LogD3D11RHI:       0/0/8161 MB DedicatedVideo/DedicatedSystem/SharedSystem, Outputs:0, VendorId:0x1414
[2018.11.14-03.19.10:716][  0]LogD3D11RHI: Chosen D3D11 Adapter: 0
[2018.11.14-03.19.10:722][  0]LogD3D11RHI: Creating new Direct3DDevice
[2018.11.14-03.19.10:723][  0]LogD3D11RHI:     GPU DeviceId: 0x13c2 (for the marketing name, search the web for "GPU Device Id")
[2018.11.14-03.19.10:723][  0]LogWindows: EnumDisplayDevices:
[2018.11.14-03.19.10:723][  0]LogWindows:    0. 'NVIDIA GeForce GTX 970' (P:0 D:1)
[2018.11.14-03.19.10:723][  0]LogWindows:    1. 'NVIDIA GeForce GTX 970' (P:0 D:1)
[2018.11.14-03.19.10:723][  0]LogWindows:    2. 'NVIDIA GeForce GTX 970' (P:1 D:1)
[2018.11.14-03.19.10:723][  0]LogWindows:    3. 'NVIDIA GeForce GTX 970' (P:0 D:0)
[2018.11.14-03.19.10:724][  0]LogWindows: DebugString: FoundDriverCount:4 
[2018.11.14-03.19.10:724][  0]LogD3D11RHI:     Adapter Name: NVIDIA GeForce GTX 970
[2018.11.14-03.19.10:724][  0]LogD3D11RHI:   Driver Version: 398.11 (internal:24.21.13.9811, unified:398.11)
[2018.11.14-03.19.10:724][  0]LogD3D11RHI:      Driver Date: 6-1-2018
[2018.11.14-03.19.10:724][  0]LogRHI: Texture pool is 2830 MB (70% of 4043 MB)
[2018.11.14-03.19.10:756][  0]LogD3D11RHI: Async texture creation enabled
[2018.11.14-03.19.10:772][  0]LogD3D11RHI: GPU Timing Frequency: 1000.000000 (Debug: 2 2)
[2018.11.14-03.19.10:824][  0]LogShaderCompilers: Guid format shader working directory is -6 characters bigger than the processId version (A:/Projects/Unreal Engine Projects/RealTwoAtOnce/RunAndGun/Intermediate/Shaders/WorkingDirectory/39352/).
[2018.11.14-03.19.10:825][  0]LogShaderCompilers: Cleaned the shader compiler working directory 'C:/Users/Thomas Simon/AppData/Local/Temp/UnrealShaderWorkingDir/3D997099441E5A57F2C52AA1316E0090/'.
[2018.11.14-03.19.11:071][  0]LogTemp: Display: Loaded TP AllDesktopTargetPlatform
[2018.11.14-03.19.11:082][  0]LogTemp: Display: Loaded TP MacClientTargetPlatform
[2018.11.14-03.19.11:093][  0]LogTemp: Display: Loaded TP MacNoEditorTargetPlatform
[2018.11.14-03.19.11:106][  0]LogTemp: Display: Loaded TP MacServerTargetPlatform
[2018.11.14-03.19.11:118][  0]LogTemp: Display: Loaded TP MacTargetPlatform
[2018.11.14-03.19.11:131][  0]LogTemp: Display: Loaded TP WindowsClientTargetPlatform
[2018.11.14-03.19.11:143][  0]LogTemp: Display: Loaded TP WindowsNoEditorTargetPlatform
[2018.11.14-03.19.11:155][  0]LogTemp: Display: Loaded TP WindowsServerTargetPlatform
[2018.11.14-03.19.11:161][  0]LogTemp: Display: Loaded TP WindowsTargetPlatform
[2018.11.14-03.19.11:233][  0]LogTemp: Display: Loaded TP AndroidTargetPlatform
[2018.11.14-03.19.11:234][  0]LogTemp: Display: Loaded TP AndroidTargetPlatform
[2018.11.14-03.19.11:234][  0]LogTemp: Display: Loaded TP AndroidTargetPlatform
[2018.11.14-03.19.11:234][  0]LogTemp: Display: Loaded TP AndroidTargetPlatform
[2018.11.14-03.19.11:234][  0]LogTemp: Display: Loaded TP AndroidTargetPlatform
[2018.11.14-03.19.11:234][  0]LogTemp: Display: Loaded TP AndroidTargetPlatform
[2018.11.14-03.19.11:234][  0]LogTemp: Display: Loaded TP AndroidTargetPlatform
[2018.11.14-03.19.11:234][  0]LogTemp: Display: Loaded TP AndroidTargetPlatform
[2018.11.14-03.19.11:234][  0]LogTemp: Display: Loaded TP AndroidTargetPlatform
[2018.11.14-03.19.11:234][  0]LogTemp: Display: Loaded TP AndroidTargetPlatform
[2018.11.14-03.19.11:234][  0]LogTemp: Display: Loaded TP AndroidTargetPlatform
[2018.11.14-03.19.11:234][  0]LogTemp: Display: Loaded TP AndroidTargetPlatform
[2018.11.14-03.19.11:234][  0]LogTemp: Display: Loaded TP AndroidTargetPlatform
[2018.11.14-03.19.11:234][  0]LogTemp: Display: Loaded TP AndroidTargetPlatform
[2018.11.14-03.19.11:234][  0]LogTemp: Display: Loaded TP AndroidTargetPlatform
[2018.11.14-03.19.11:234][  0]LogTemp: Display: Loaded TP AndroidTargetPlatform
[2018.11.14-03.19.11:234][  0]LogTemp: Display: Loaded TP AndroidTargetPlatform
[2018.11.14-03.19.11:234][  0]LogTemp: Display: Loaded TP AndroidTargetPlatform
[2018.11.14-03.19.11:235][  0]LogTemp: Display: Loaded TP HTML5TargetPlatform
[2018.11.14-03.19.11:293][  0]LogTemp: Display: Loaded TP IOSTargetPlatform
[2018.11.14-03.19.11:293][  0]LogTemp: Display: Loaded TP IOSTargetPlatform
[2018.11.14-03.19.11:315][  0]LogTemp: Display: Loaded TP TVOSTargetPlatform
[2018.11.14-03.19.11:315][  0]LogTemp: Display: Loaded TP TVOSTargetPlatform
[2018.11.14-03.19.11:326][  0]LogTemp: Display: Loaded TP LinuxClientTargetPlatform
[2018.11.14-03.19.11:338][  0]LogTemp: Display: Loaded TP LinuxNoEditorTargetPlatform
[2018.11.14-03.19.11:349][  0]LogTemp: Display: Loaded TP LinuxServerTargetPlatform
[2018.11.14-03.19.11:360][  0]LogTemp: Display: Loaded TP LinuxTargetPlatform
[2018.11.14-03.19.11:369][  0]LogTemp: Display: Loaded TP LuminTargetPlatform
[2018.11.14-03.19.11:369][  0]LogTargetPlatformManager: Display: Building Assets For Windows
[2018.11.14-03.19.11:425][  0]LogXGEController: Cleaning working directory: C:/Users/Thomas Simon/AppData/Local/Temp/UnrealXGEWorkingDir/
[2018.11.14-03.19.11:425][  0]LogXGEController: Cannot use XGE Controller as Incredibuild is not installed on this machine.
[2018.11.14-03.19.11:425][  0]LogShaderCompilers: Cannot use XGE Shader Compiler as Incredibuild is not installed on this machine.
[2018.11.14-03.19.11:425][  0]LogShaderCompilers: Display: Using Local Shader Compiler.
[2018.11.14-03.19.12:105][  0]LogDerivedDataCache: Display: Max Cache Size: 512 MB
[2018.11.14-03.19.12:163][  0]LogDerivedDataCache: Loaded boot cache 0.06s 84MB C:/Users/Thomas Simon/AppData/Local/UnrealEngine/4.20/DerivedDataCache/Boot.ddc.
[2018.11.14-03.19.12:163][  0]LogDerivedDataCache: Display: Loaded Boot cache: C:/Users/Thomas Simon/AppData/Local/UnrealEngine/4.20/DerivedDataCache/Boot.ddc
[2018.11.14-03.19.12:163][  0]LogDerivedDataCache: FDerivedDataBackendGraph:  Pak pak cache file A:/Projects/Unreal Engine Projects/RealTwoAtOnce/RunAndGun/DerivedDataCache/DDC.ddp not found, will not use a pak cache.
[2018.11.14-03.19.12:163][  0]LogDerivedDataCache: Unable to find inner node Pak for hierarchical cache Hierarchy.
[2018.11.14-03.19.12:163][  0]LogDerivedDataCache: FDerivedDataBackendGraph:  CompressedPak pak cache file A:/Projects/Unreal Engine Projects/RealTwoAtOnce/RunAndGun/DerivedDataCache/Compressed.ddp not found, will not use a pak cache.
[2018.11.14-03.19.12:163][  0]LogDerivedDataCache: Unable to find inner node CompressedPak for hierarchical cache Hierarchy.
[2018.11.14-03.19.12:176][  0]LogDerivedDataCache: Display: Pak cache opened for reading ../../../Engine/DerivedDataCache/Compressed.ddp.
[2018.11.14-03.19.12:189][  0]LogDerivedDataCache: Using Local data cache path C:/Users/Thomas Simon/AppData/Local/UnrealEngine/Common/DerivedDataCache: Writable
[2018.11.14-03.19.12:189][  0]LogDerivedDataCache: Shared data cache path not found in *engine.ini, will not use an Shared cache.
[2018.11.14-03.19.12:189][  0]LogDerivedDataCache: Unable to find inner node Shared for hierarchical cache Hierarchy.
[2018.11.14-03.19.12:206][  0]LogMaterial: Verifying Global Shaders for PCD3D_SM5
[2018.11.14-03.19.12:207][  0]LogSlate: Using FreeType 2.6.0
[2018.11.14-03.19.12:208][  0]LogSlate: SlateFontServices - WITH_FREETYPE: 1, WITH_HARFBUZZ: 1
[2018.11.14-03.19.12:281][  0]LogAssetRegistry: FAssetRegistry took 0.0258 seconds to start up
[2018.11.14-03.19.12:567][  0]LogInit: Selected Device Profile: [Windows]
[2018.11.14-03.19.12:690][  0]LogSimplygon: Simplygon DLL not present - disabling.
[2018.11.14-03.19.12:693][  0]LogMeshReduction: Using SimplygonSwarm for distributed automatic mesh merging
[2018.11.14-03.19.12:693][  0]LogMeshReduction: Using ProxyLODMeshReduction for automatic mesh merging
[2018.11.14-03.19.12:693][  0]LogMeshReduction: Using QuadricMeshReduction for automatic static mesh reduction
[2018.11.14-03.19.12:693][  0]LogMeshReduction: No automatic skeletal mesh reduction module available
[2018.11.14-03.19.12:719][  0]LogNetVersion: RunAndGun 1.0.0, NetCL: 4212847, EngineNetVer: 5, GameNetVer: 0 (Checksum: 2764751435)
[2018.11.14-03.19.13:247][  0]LogPackageLocalizationCache: Processed 11 localized package path(s) for 2 prioritized culture(s) in 0.147373 seconds
[2018.11.14-03.19.13:253][  0]LogUObjectArray: 38425 objects as part of root set at end of initial load.
[2018.11.14-03.19.13:253][  0]LogUObjectAllocator: 6690864 out of 0 bytes used by permanent object pool.
[2018.11.14-03.19.13:253][  0]LogUObjectArray: CloseDisregardForGC: 0/0 objects in disregard for GC pool
[2018.11.14-03.19.14:052][  0]LogTcpMessaging: Initializing TcpMessaging bridge
[2018.11.14-03.19.14:066][  0]LogUdpMessaging: Initializing bridge on interface 0.0.0.0:0 to multicast group 230.0.0.1:6666.
[2018.11.14-03.19.14:205][  0]SourceControl: Source control is disabled
[2018.11.14-03.19.14:205][  0]SourceControl: Source control is disabled
[2018.11.14-03.19.14:207][  0]SourceControl: Source control is disabled
[2018.11.14-03.19.14:208][  0]SourceControl: Source control is disabled
[2018.11.14-03.19.14:367][  0]LogAndroidPermission: UAndroidPermissionCallbackProxy::GetInstance
[2018.11.14-03.19.14:410][  0]LogOcInput: OculusInput pre-init called
[2018.11.14-03.19.14:465][  0]LogEngine: Initializing Engine...
[2018.11.14-03.19.14:466][  0]LogHMD: Failed to initialize OpenVR with code 110
[2018.11.14-03.19.14:467][  0]LogStats: UGameplayTagsManager::ConstructGameplayTagTree: ImportINI prefixes -  0.000 s
[2018.11.14-03.19.14:467][  0]LogStats: UGameplayTagsManager::ConstructGameplayTagTree: Construct from data asset -  0.000 s
[2018.11.14-03.19.14:467][  0]LogStats: UGameplayTagsManager::ConstructGameplayTagTree: ImportINI -  0.000 s
[2018.11.14-03.19.14:467][  0]LogStats: UGameplayTagsManager::ConstructGameplayTagTree: GameplayTagTreeChangedEvent.Broadcast -  0.000 s
[2018.11.14-03.19.14:659][  0]LogInit: Initializing FReadOnlyCVARCache
[2018.11.14-03.19.14:671][  0]LogAIModule: Creating AISystem for world Untitled
[2018.11.14-03.19.14:689][  0]LogInit: XAudio2 using 'Headphones (High Definition Audio Device)' : 2 channels at 44.1 kHz using 16 bits per sample (channel mask 0x3)
[2018.11.14-03.19.14:705][  0]LogInit: FAudioDevice initialized.
[2018.11.14-03.19.14:706][  0]LogNetVersion: Set ProjectVersion to 1.0.0.0. Version Checksum will be recalculated on next use.
[2018.11.14-03.19.14:779][  0]LogDerivedDataCache: Saved boot cache 0.07s 71MB C:/Users/Thomas Simon/AppData/Local/UnrealEngine/4.20/DerivedDataCache/Boot.ddc.
[2018.11.14-03.19.14:786][  0]LogInit: Texture streaming: Enabled
[2018.11.14-03.19.14:802][  0]LogEngineSessionManager: EngineSessionManager initialized
[2018.11.14-03.19.14:802][  0]LogEngineSessionManager: EngineSessionManager sent abnormal shutdown report. Type=AbnormalShutdown, SessionId={D820174F-4789-4DD3-886E-C789DBEA0A84}
[2018.11.14-03.19.14:815][  0]LogInit: Transaction tracking system initialized
[2018.11.14-03.19.14:837][  0]BlueprintLog: New page: Editor Load
[2018.11.14-03.19.14:908][  0]LocalizationService: Localization service is disabled
[2018.11.14-03.19.15:139][  0]LogCook: Display: Max memory allowance for cook 16384mb min free memory 0mb
[2018.11.14-03.19.15:139][  0]LogCook: Display: Mobile HDR setting 1
[2018.11.14-03.19.15:139][  0]LogGameplayTags: Display: UGameplayTagsManager::DoneAddingNativeTags. DelegateIsBound: 0
[2018.11.14-03.19.15:139][  0]LogStats: UGameplayTagsManager::ConstructGameplayTagTree: ImportINI prefixes -  0.000 s
[2018.11.14-03.19.15:139][  0]LogStats: UGameplayTagsManager::ConstructGameplayTagTree: Construct from data asset -  0.000 s
[2018.11.14-03.19.15:139][  0]LogStats: UGameplayTagsManager::ConstructGameplayTagTree: ImportINI -  0.000 s
[2018.11.14-03.19.15:139][  0]LogStats: UGameplayTagsManager::ConstructGameplayTagTree: GameplayTagTreeChangedEvent.Broadcast -  0.000 s
[2018.11.14-03.19.15:239][  0]LogFileCache: Scanning file cache for directory 'A:/Projects/Unreal Engine Projects/RealTwoAtOnce/RunAndGun/Content/' took 0.01s
[2018.11.14-03.19.15:239][  0]SourceControl: Source control is disabled
[2018.11.14-03.19.15:239][  0]Cmd: MAP LOAD FILE="A:/Projects/Unreal Engine Projects/RealTwoAtOnce/RunAndGun/Content/StarterContent/Maps/Minimal_Default.umap" TEMPLATE=0 SHOWPROGRESS=1 FEATURELEVEL=3
[2018.11.14-03.19.15:239][  0]LightingResults: New page: Lighting Build
[2018.11.14-03.19.15:242][  0]MapCheck: New page: Map Check
[2018.11.14-03.19.15:242][  0]LightingResults: New page: Lighting Build
[2018.11.14-03.19.15:548][  0]LogAIModule: Creating AISystem for world Minimal_Default
[2018.11.14-03.19.15:556][  0]LogEditorServer: Finished looking for orphan Actors (0.000 secs)
[2018.11.14-03.19.15:577][  0]Cmd: MAP CHECKDEP NOCLEARLOG
[2018.11.14-03.19.15:641][  0]MapCheck: Map check complete: 0 Error(s), 0 Warning(s), took 64.1ms to complete.
[2018.11.14-03.19.15:641][  0]LogFileHelpers: Loading map 'Minimal_Default' took 0.402
[2018.11.14-03.19.15:792][  0]LogSlate: Updating window title bar state: overlay mode, drag disabled, window buttons hidden, title bar hidden
[2018.11.14-03.19.15:798][  0]LogSlate: Updating window title bar state: overlay mode, drag disabled, window buttons hidden, title bar hidden
[2018.11.14-03.19.15:805][  0]LogSlate: Updating window title bar state: overlay mode, drag disabled, window buttons hidden, title bar hidden
[2018.11.14-03.19.15:811][  0]LogSlate: Updating window title bar state: overlay mode, drag disabled, window buttons hidden, title bar hidden
[2018.11.14-03.19.15:816][  0]LogCollectionManager: Loaded 0 collections in 0.001367 seconds
[2018.11.14-03.19.15:865][  0]LogFileCache: Scanning file cache for directory 'A:/Projects/Unreal Engine Projects/RealTwoAtOnce/RunAndGun/Saved/Collections/' took 0.01s
[2018.11.14-03.19.15:865][  0]LogFileCache: Scanning file cache for directory 'A:/Projects/Unreal Engine Projects/RealTwoAtOnce/RunAndGun/Content/Developers/ThomasSimon/Collections/' took 0.01s
[2018.11.14-03.19.15:865][  0]LogFileCache: Scanning file cache for directory 'A:/Projects/Unreal Engine Projects/RealTwoAtOnce/RunAndGun/Content/Collections/' took 0.01s
[2018.11.14-03.19.15:865][  0]LogCollectionManager: Rebuilt the GUID cache for 0 collections in 0.000000 seconds
[2018.11.14-03.19.15:874][  0]LogContentBrowser: Native class hierarchy populated in 0.0084 seconds. Added 2574 classes and 607 folders.
[2018.11.14-03.19.15:879][  0]LogContentBrowser: Native class hierarchy updated for 'WidgetCarousel' in 0.0004 seconds. Added 0 classes and 0 folders.
[2018.11.14-03.19.15:913][  0]LogContentBrowser: Native class hierarchy updated for 'AddContentDialog' in 0.0003 seconds. Added 0 classes and 0 folders.
[2018.11.14-03.19.15:925][  0]LogSlate: Took 0.000196 seconds to synchronously load lazily loaded font '../../../Engine/Content/Slate/Fonts/Roboto-Regular.ttf' (155K)
[2018.11.14-03.19.15:928][  0]LogSlate: Took 0.000162 seconds to synchronously load lazily loaded font '../../../Engine/Content/Slate/Fonts/Roboto-Bold.ttf' (160K)
[2018.11.14-03.19.15:931][  0]LogSlate: Took 0.000348 seconds to synchronously load lazily loaded font '../../../Engine/Content/Editor/Slate/Fonts/FontAwesome.ttf' (139K)
[2018.11.14-03.19.15:995][  0]LogRenderer: Reallocating scene render targets to support 1152x600 Format 10 NumSamples 1 (Frame:1).
[2018.11.14-03.19.16:135][  0]LogContentBrowser: Native class hierarchy updated for 'HierarchicalLODOutliner' in 0.0003 seconds. Added 0 classes and 0 folders.
[2018.11.14-03.19.16:135][  0]LogLoad: (Engine Initialization) Total time: 7.35 seconds
[2018.11.14-03.19.16:135][  0]LogLoad: (Engine Initialization) Total Blueprint compile time: 0.00 seconds
[2018.11.14-03.19.16:145][  0]LogWindowsTextInputMethodSystem: Display: IME system now deactivated.
[2018.11.14-03.19.16:165][  0]LogContentStreaming: Texture pool size now 1000 MB
[2018.11.14-03.19.16:227][  0]LogSlate: Took 0.000177 seconds to synchronously load lazily loaded font '../../../Engine/Content/Slate/Fonts/Roboto-Light.ttf' (167K)
[2018.11.14-03.19.16:241][  1]LogAssetRegistry: Asset discovery search completed in 3.9830 seconds
[2018.11.14-03.19.16:242][  1]LogCollectionManager: Rebuilt the object cache for 0 collections in 0.000000 seconds (found 0 objects)
[2018.11.14-03.19.16:242][  1]LogCollectionManager: Fixed up redirectors for 0 collections in 0.000044 seconds (updated 0 objects)
[2018.11.14-03.19.20:592][518]LogSlate: FSceneViewport::OnFocusLost() reason 0
[2018.11.14-03.19.28:094][418]LogSlate: FSceneViewport::OnFocusLost() reason 0
[2018.11.14-03.31.22:920][612]LogSlate: Window 'New Level' being destroyed
[2018.11.14-03.31.22:925][612]Cmd: MAP LOAD FILE="../../../Engine/Content/Maps/Templates/Template_Default.umap" TEMPLATE=1 SHOWPROGRESS=1 FEATURELEVEL=3
[2018.11.14-03.31.22:942][612]LogSlate: Took 0.000189 seconds to synchronously load lazily loaded font '../../../Engine/Content/Slate/Fonts/Roboto-Light.ttf' (167K)
[2018.11.14-03.31.22:951][612]LightingResults: New page: Lighting Build
[2018.11.14-03.31.22:952][612]LoadErrors: New page: Loading map: Template_Default.umap
[2018.11.14-03.31.22:953][612]MapCheck: New page: Map Check
[2018.11.14-03.31.22:954][612]LightingResults: New page: Lighting Build
[2018.11.14-03.31.22:997][612]LogAIModule: Creating AISystem for world Untitled_1
[2018.11.14-03.31.23:005][612]LogEditorServer: Finished looking for orphan Actors (0.000 secs)
[2018.11.14-03.31.23:030][612]Cmd: MAP CHECKDEP NOCLEARLOG
[2018.11.14-03.31.23:097][612]MapCheck: Map check complete: 0 Error(s), 0 Warning(s), took 66.906ms to complete.
[2018.11.14-03.31.23:097][612]LogFileHelpers: Loading map 'Template_Default' took 0.173
[2018.11.14-03.31.38:828][189]LogSlate: Window 'Save Level As' being destroyed
[2018.11.14-03.31.38:940][189]Cmd: OBJ SAVEPACKAGE PACKAGE="/Game/MyContent/Maps/Main" FILE="A:/Projects/Unreal Engine Projects/RealTwoAtOnce/RunAndGun/Content/MyContent/Maps/Main.umap" SILENT=true AUTOSAVING=false KEEPDIRTY=false
[2018.11.14-03.31.38:994][189]LogSavePackage: Moving 'A:/Projects/Unreal Engine Projects/RealTwoAtOnce/RunAndGun/Saved/Main9188A4704F9894221D1FFABDAB96DC32.tmp' to 'A:/Projects/Unreal Engine Projects/RealTwoAtOnce/RunAndGun/Content/MyContent/Maps/Main.umap'
[2018.11.14-03.31.39:006][189]Cmd: OBJ SAVEPACKAGE PACKAGE="/Game/MyContent/Maps/Main_BuiltData" FILE="A:/Projects/Unreal Engine Projects/RealTwoAtOnce/RunAndGun/Content/MyContent/Maps/Main_BuiltData.uasset" SILENT=true
[2018.11.14-03.31.39:018][189]LogSavePackage: Moving 'A:/Projects/Unreal Engine Projects/RealTwoAtOnce/RunAndGun/Saved/Main_BuiltData8D00124A4EF997415163CA8AE5E2BBF7.tmp' to 'A:/Projects/Unreal Engine Projects/RealTwoAtOnce/RunAndGun/Content/MyContent/Maps/Main_BuiltData.uasset'
[2018.11.14-03.31.39:026][189]LogFileHelpers: Saving map 'Main' took 0.193
[2018.11.14-03.31.39:026][189]Cmd: MAP LOAD FILE="A:/Projects/Unreal Engine Projects/RealTwoAtOnce/RunAndGun/Content/MyContent/Maps/Main.umap" TEMPLATE=0 SHOWPROGRESS=1 FEATURELEVEL=3
[2018.11.14-03.31.39:046][189]LightingResults: New page: Lighting Build
[2018.11.14-03.31.39:047][189]LoadErrors: New page: Loading map: Main.umap
[2018.11.14-03.31.39:047][189]MapCheck: New page: Map Check
[2018.11.14-03.31.39:047][189]LightingResults: New page: Lighting Build
[2018.11.14-03.31.39:082][189]LogAIModule: Creating AISystem for world Main
[2018.11.14-03.31.39:087][189]LogEditorServer: Finished looking for orphan Actors (0.000 secs)
[2018.11.14-03.31.39:119][189]Cmd: MAP CHECKDEP NOCLEARLOG
[2018.11.14-03.31.39:184][189]MapCheck: Map check complete: 0 Error(s), 0 Warning(s), took 65.457ms to complete.
[2018.11.14-03.31.39:185][189]LogFileHelpers: Loading map 'Main' took 0.159
[2018.11.14-03.57.16:964][829]LogSlate: Took 0.000246 seconds to synchronously load lazily loaded font '../../../Engine/Content/Slate/Fonts/Roboto-BoldCondensed.ttf' (158K)
[2018.11.14-03.57.29:468][239]Running C:/Program Files/Epic Games/UE_4.20/Engine/Binaries/DotNET/UnrealBuildTool.exe Win64 Development -TargetType=Editor -Project="A:/Projects/Unreal Engine Projects/RealTwoAtOnce/RunAndGun/RunAndGun.uproject" -invalidatemakefilesonly
[2018.11.14-03.57.30:180][239]Invalidating makefiles only in this run.
[2018.11.14-03.57.30:304][239]Candidate modules for hot reload:
[2018.11.14-03.57.30:304][239]  RunAndGun
[2018.11.14-03.57.30:305][239]Launching UnrealBuildTool... [C:/Program Files/Epic Games/UE_4.20/Engine/Binaries/DotNET/UnrealBuildTool.exe  -ModuleWithSuffix=RunAndGun,335 Win64 Development -TargetType=Editor -Project="A:/Projects/Unreal Engine Projects/RealTwoAtOnce/RunAndGun/RunAndGun.uproject" -canskiplink "A:/Projects/Unreal Engine Projects/RealTwoAtOnce/RunAndGun/RunAndGun.uproject" ]
[2018.11.14-03.57.47:605][239]CompilerResultsLog: New page: Compilation - 14 Nov 2018 03:57:47
[2018.11.14-03.57.47:605][239]CompilerResultsLog: Using 'git status' to determine working set for adaptive non-unity build.
[2018.11.14-03.57.47:605][239]CompilerResultsLog: Creating makefile for hot reloading RunAndGunEditor (no existing makefile)
[2018.11.14-03.57.47:605][239]CompilerResultsLog: Compiling game modules for hot reload
[2018.11.14-03.57.47:605][239]CompilerResultsLog: Using Visual Studio 2017 14.15.26726 toolchain (C:\Program Files (x86)\Microsoft Visual Studio\2017\Community\VC\Tools\MSVC\14.15.26726) and Windows 10.0.17134.0 SDK (C:\Program Files (x86)\Windows Kits\10).
[2018.11.14-03.57.47:605][239]CompilerResultsLog: Parsing headers for RunAndGunEditor
[2018.11.14-03.57.47:605][239]CompilerResultsLog:   Running UnrealHeaderTool "A:\Projects\Unreal Engine Projects\RealTwoAtOnce\RunAndGun\RunAndGun.uproject" "A:\Projects\Unreal Engine Projects\RealTwoAtOnce\RunAndGun\Intermediate\Build\Win64\RunAndGunEditor\Development\RunAndGunEditor.uhtmanifest" -LogCmds="loginit warning, logexit warning, logdatabase error" -Unattended -WarningsAsErrors -installed
[2018.11.14-03.57.47:605][239]CompilerResultsLog: Reflection code generated for RunAndGunEditor in 9.0784405 seconds
[2018.11.14-03.57.47:605][239]CompilerResultsLog: Building 8 actions with 4 processes...
[2018.11.14-03.57.47:605][239]CompilerResultsLog:   [1/8] RunAndGun.cpp
[2018.11.14-03.57.47:605][239]CompilerResultsLog:   [2/8] PlayerCharacter.gen.cpp
[2018.11.14-03.57.47:605][239]CompilerResultsLog:   [3/8] RunAndGunGameModeBase.cpp
[2018.11.14-03.57.47:605][239]CompilerResultsLog:   [4/8] PlayerCharacter.cpp
[2018.11.14-03.57.47:605][239]CompilerResultsLog:   [5/8] RunAndGun.init.gen.cpp
[2018.11.14-03.57.47:605][239]CompilerResultsLog:   [6/8] RunAndGunGameModeBase.gen.cpp
[2018.11.14-03.57.47:605][239]CompilerResultsLog:   [7/8] UE4Editor-RunAndGun-335.lib
[2018.11.14-03.57.47:605][239]CompilerResultsLog:      Creating library A:\Projects\Unreal Engine Projects\RealTwoAtOnce\RunAndGun\Intermediate\Build\Win64\UE4Editor\Development\RunAndGun\UE4Editor-RunAndGun-335.lib and object A:\Projects\Unreal Engine Projects\RealTwoAtOnce\RunAndGun\Intermediate\Build\Win64\UE4Editor\Development\RunAndGun\UE4Editor-RunAndGun-335.exp
[2018.11.14-03.57.47:605][239]CompilerResultsLog:   [8/8] UE4Editor-RunAndGun-335.dll
[2018.11.14-03.57.47:605][239]CompilerResultsLog:      Creating library A:\Projects\Unreal Engine Projects\RealTwoAtOnce\RunAndGun\Intermediate\Build\Win64\UE4Editor\Development\RunAndGun\UE4Editor-RunAndGun-335.suppressed.lib and object A:\Projects\Unreal Engine Projects\RealTwoAtOnce\RunAndGun\Intermediate\Build\Win64\UE4Editor\Development\RunAndGun\UE4Editor-RunAndGun-335.suppressed.exp
[2018.11.14-03.57.47:605][239]CompilerResultsLog: Total build time: 17.03 seconds (Parallel executor: 2.85 seconds)
[2018.11.14-03.57.47:605][239]LogMainFrame: MainFrame: Module compiling took 17.314 seconds
[2018.11.14-03.57.47:640][239]LogClass: Could not find existing class PlayerCharacter in package /Script/RunAndGun for HotReload, assuming new class
[2018.11.14-03.57.47:643][239]LogContentBrowser: Native class hierarchy updated for 'RunAndGun' in 0.0003 seconds. Added 2 classes and 2 folders.
[2018.11.14-03.57.47:645][239]Display: HotReload successful (0 functions remapped  0 scriptstructs remapped)
[2018.11.14-03.57.47:727][239]LogContentBrowser: Native class hierarchy populated in 0.0083 seconds. Added 2575 classes and 607 folders.
[2018.11.14-03.57.47:731][239]Display: HotReload took 17.4s.
[2018.11.14-03.57.47:732][239]Warning: HotReload operation took 17.4s.
[2018.11.14-03.57.48:446][239]LogVSAccessor: Warning: Couldn't goto line number '1' in 'A:/Projects/Unreal Engine Projects/RealTwoAtOnce/RunAndGun/Source/RunAndGun/PlayerCharacter.h'
[2018.11.14-03.57.48:447][239]LogVSAccessor: Warning: Couldn't open file 'A:/Projects/Unreal Engine Projects/RealTwoAtOnce/RunAndGun/Source/RunAndGun/PlayerCharacter.cpp'.
[2018.11.14-03.57.48:502][239]LogSlate: Window 'Add C++ Class' being destroyed
[2018.11.14-03.57.48:544][240]LogHotReload: New module detected: UE4Editor-RunAndGun-335.dll
[2018.11.14-03.57.48:563][241]LogHotReload: Starting Hot-Reload from IDE
[2018.11.14-03.57.48:610][241]LogContentBrowser: Native class hierarchy updated for 'RunAndGun' in 0.0004 seconds. Added 2 classes and 2 folders.
[2018.11.14-03.57.48:613][241]Display: HotReload successful (0 functions remapped  0 scriptstructs remapped)
[2018.11.14-03.57.48:642][241]LogContentBrowser: Native class hierarchy populated in 0.0091 seconds. Added 2575 classes and 607 folders.
[2018.11.14-03.57.48:659][241]Display: HotReload took  0.1s.
[2018.11.14-04.06.03:588][689]LogSlate: Only BGRA pngs, bmps or icos are supported in by External Image Picker
[2018.11.14-04.06.03:645][690]LogTemp: Executing iPhonePackager certificates Engine -bundlename com.YourCompany.RunAndGun
[2018.11.14-04.06.03:645][690]LogTemp: CWD: C:\Program Files\Epic Games\UE_4.20\Engine\Binaries\DotNET\IOS
[2018.11.14-04.06.03:645][690]LogTemp: Initial Dir: C:\Program Files\Epic Games\UE_4.20
[2018.11.14-04.06.03:645][690]LogTemp: Env CWD: C:\Program Files\Epic Games\UE_4.20\Engine\Binaries\DotNET\IOS
[2018.11.14-04.06.03:648][690]LogTemp: BranchPath = DESKTOP-C6U4EA4/C/Program Files/Epic Games/UE_4.20/Engine/Binaries --- GameBranchPath = DESKTOP-C6U4EA4/C/Program Files/Epic Games/UE_4.20/Engine/Binaries
[2018.11.14-04.06.03:677][692]LogTemp: IPP ERROR: Could not find provision directory 'C:\Users\Thomas Simon\AppData\Local/Apple Computer/MobileDevice/Provisioning Profiles/'.
[2018.11.14-04.10.49:186][974]Candidate modules for hot reload:
[2018.11.14-04.10.49:186][974]  RunAndGun
[2018.11.14-04.10.49:186][974]Launching UnrealBuildTool... [C:/Program Files/Epic Games/UE_4.20/Engine/Binaries/DotNET/UnrealBuildTool.exe  -ModuleWithSuffix=RunAndGun,4754 Win64 Development -TargetType=Editor -Project="A:/Projects/Unreal Engine Projects/RealTwoAtOnce/RunAndGun/RunAndGun.uproject" -canskiplink "A:/Projects/Unreal Engine Projects/RealTwoAtOnce/RunAndGun/RunAndGun.uproject" ]
[2018.11.14-04.10.49:192][974]Warning: Starting HotReload took  0.0s.
[2018.11.14-04.11.07:377][140]CompilerResultsLog: New page: Compilation - 14 Nov 2018 04:11:07
[2018.11.14-04.11.07:377][140]CompilerResultsLog: Using 'git status' to determine working set for adaptive non-unity build.
[2018.11.14-04.11.07:377][140]CompilerResultsLog: Creating makefile for hot reloading RunAndGunEditor (ini files are newer than UBTMakefile)
[2018.11.14-04.11.07:377][140]CompilerResultsLog: Compiling game modules for hot reload
[2018.11.14-04.11.07:377][140]CompilerResultsLog: Using Visual Studio 2017 14.15.26726 toolchain (C:\Program Files (x86)\Microsoft Visual Studio\2017\Community\VC\Tools\MSVC\14.15.26726) and Windows 10.0.17134.0 SDK (C:\Program Files (x86)\Windows Kits\10).
[2018.11.14-04.11.07:377][140]CompilerResultsLog: Parsing headers for RunAndGunEditor
[2018.11.14-04.11.07:377][140]CompilerResultsLog:   Running UnrealHeaderTool "A:\Projects\Unreal Engine Projects\RealTwoAtOnce\RunAndGun\RunAndGun.uproject" "A:\Projects\Unreal Engine Projects\RealTwoAtOnce\RunAndGun\Intermediate\Build\Win64\RunAndGunEditor\Development\RunAndGunEditor.uhtmanifest" -LogCmds="loginit warning, logexit warning, logdatabase error" -Unattended -WarningsAsErrors -installed
[2018.11.14-04.11.07:377][140]CompilerResultsLog: Reflection code generated for RunAndGunEditor in 10.392194 seconds
[2018.11.14-04.11.07:377][140]CompilerResultsLog: Building 5 actions with 4 processes...
[2018.11.14-04.11.07:377][140]CompilerResultsLog:   [1/5] RunAndGun.init.gen.cpp
[2018.11.14-04.11.07:377][140]CompilerResultsLog:   [2/5] PlayerCharacter.cpp
[2018.11.14-04.11.07:377][140]CompilerResultsLog:    A:\Projects\Unreal Engine Projects\RealTwoAtOnce\RunAndGun\Source\RunAndGun\PlayerCharacter.cpp(13) : error C2027: use of undefined type 'UCapsuleComponent'
[2018.11.14-04.11.07:377][140]CompilerResultsLog:   C:\Program Files\Epic Games\UE_4.20\Engine\Source\Runtime\Engine\Classes\GameFramework/NavMovementComponent.h(19): note: see declaration of 'UCapsuleComponent'
[2018.11.14-04.11.07:377][140]CompilerResultsLog:   [3/5] PlayerCharacter.gen.cpp
[2018.11.14-04.11.07:377][140]CompilerResultsLog: ERROR: UBT ERROR: Failed to produce item: A:\Projects\Unreal Engine Projects\RealTwoAtOnce\RunAndGun\Binaries\Win64\UE4Editor-RunAndGun-4754.dll
[2018.11.14-04.11.07:377][140]CompilerResultsLog:        (see ../Programs/UnrealBuildTool/Log.txt for full exception trace)
[2018.11.14-04.11.07:377][140]CompilerResultsLog: Total build time: 17.89 seconds (Parallel executor: 0.00 seconds)
[2018.11.14-04.11.07:377][140]LogMainFrame: MainFrame: Module compiling took 18.208 seconds
[2018.11.14-04.11.07:377][140]Warning: HotReload failed, recompile failed
[2018.11.14-04.11.43:257][ 49]Candidate modules for hot reload:
[2018.11.14-04.11.43:257][ 49]  RunAndGun
[2018.11.14-04.11.43:257][ 49]Launching UnrealBuildTool... [C:/Program Files/Epic Games/UE_4.20/Engine/Binaries/DotNET/UnrealBuildTool.exe  -ModuleWithSuffix=RunAndGun,4900 Win64 Development -TargetType=Editor -Project="A:/Projects/Unreal Engine Projects/RealTwoAtOnce/RunAndGun/RunAndGun.uproject" -canskiplink "A:/Projects/Unreal Engine Projects/RealTwoAtOnce/RunAndGun/RunAndGun.uproject" ]
[2018.11.14-04.11.43:264][ 49]Warning: Starting HotReload took  0.0s.
[2018.11.14-04.11.47:889][601]CompilerResultsLog: New page: Compilation - 14 Nov 2018 04:11:47
[2018.11.14-04.11.47:889][601]CompilerResultsLog: Using 'git status' to determine working set for adaptive non-unity build.
[2018.11.14-04.11.47:889][601]CompilerResultsLog: Compiling game modules for hot reload
[2018.11.14-04.11.47:889][601]CompilerResultsLog: Building 3 actions with 4 processes...
[2018.11.14-04.11.47:890][601]CompilerResultsLog:   [1/3] PlayerCharacter.cpp
[2018.11.14-04.11.47:890][601]CompilerResultsLog:   [2/3] UE4Editor-RunAndGun-4900.lib
[2018.11.14-04.11.47:890][601]CompilerResultsLog:      Creating library A:\Projects\Unreal Engine Projects\RealTwoAtOnce\RunAndGun\Intermediate\Build\Win64\UE4Editor\Development\RunAndGun\UE4Editor-RunAndGun-4900.lib and object A:\Projects\Unreal Engine Projects\RealTwoAtOnce\RunAndGun\Intermediate\Build\Win64\UE4Editor\Development\RunAndGun\UE4Editor-RunAndGun-4900.exp
[2018.11.14-04.11.47:890][601]CompilerResultsLog:   [3/3] UE4Editor-RunAndGun-4900.dll
[2018.11.14-04.11.47:890][601]CompilerResultsLog:      Creating library A:\Projects\Unreal Engine Projects\RealTwoAtOnce\RunAndGun\Intermediate\Build\Win64\UE4Editor\Development\RunAndGun\UE4Editor-RunAndGun-4900.suppressed.lib and object A:\Projects\Unreal Engine Projects\RealTwoAtOnce\RunAndGun\Intermediate\Build\Win64\UE4Editor\Development\RunAndGun\UE4Editor-RunAndGun-4900.suppressed.exp
[2018.11.14-04.11.47:890][601]CompilerResultsLog: Total build time: 4.35 seconds (Parallel executor: 2.52 seconds)
[2018.11.14-04.11.47:890][601]LogMainFrame: MainFrame: Module compiling took 4.650 seconds
[2018.11.14-04.11.47:922][601]LogClass: Could not find existing class PlayerCharacter in package /Script/RunAndGun for HotReload, assuming new class
[2018.11.14-04.11.47:927][601]LogHotReload: Re-instancing PlayerCharacter after hot-reload.
[2018.11.14-04.11.47:975][601]LogContentBrowser: Native class hierarchy updated for 'RunAndGun' in 0.0004 seconds. Added 2 classes and 2 folders.
[2018.11.14-04.11.47:977][601]Display: HotReload successful (0 functions remapped  0 scriptstructs remapped)
[2018.11.14-04.11.48:025][601]LogContentBrowser: Native class hierarchy populated in 0.0085 seconds. Added 2575 classes and 607 folders.
[2018.11.14-04.11.48:028][601]Display: HotReload took  4.8s.
[2018.11.14-04.12.20:574][404]LogSlate: Only BGRA pngs, bmps or icos are supported in by External Image Picker
[2018.11.14-04.12.20:620][405]LogTemp: Executing iPhonePackager certificates Engine -bundlename com.YourCompany.RunAndGun
[2018.11.14-04.12.20:620][405]LogTemp: CWD: C:\Program Files\Epic Games\UE_4.20\Engine\Binaries\DotNET\IOS
[2018.11.14-04.12.20:620][405]LogTemp: Initial Dir: C:\Program Files\Epic Games\UE_4.20
[2018.11.14-04.12.20:620][405]LogTemp: Env CWD: C:\Program Files\Epic Games\UE_4.20\Engine\Binaries\DotNET\IOS
[2018.11.14-04.12.20:635][407]LogTemp: BranchPath = DESKTOP-C6U4EA4/C/Program Files/Epic Games/UE_4.20/Engine/Binaries --- GameBranchPath = DESKTOP-C6U4EA4/C/Program Files/Epic Games/UE_4.20/Engine/Binaries
[2018.11.14-04.12.20:653][409]LogTemp: IPP ERROR: Could not find provision directory 'C:\Users\Thomas Simon\AppData\Local/Apple Computer/MobileDevice/Provisioning Profiles/'.
[2018.11.14-04.15.01:240][304]LogSlate: Window 'Pick Parent Class' being destroyed
[2018.11.14-04.15.21:267][687]LogAssetEditorManager: Opening Asset editor for Blueprint /Game/MyContent/Blueprints/Bp_PlayerCharacter.Bp_PlayerCharacter
[2018.11.14-04.15.21:707][687]LogContentBrowser: Native class hierarchy updated for 'BlueprintGraph' in 0.0006 seconds. Added 116 classes and 0 folders.
[2018.11.14-04.15.23:897][850]LogSlate: Took 0.000964 seconds to synchronously load lazily loaded font '../../../Engine/Content/Slate/Fonts/Roboto-Italic.ttf' (157K)
[2018.11.14-04.15.25:159][978]LogRenderer: Reallocating scene render targets to support 1152x900 Format 10 NumSamples 1 (Frame:268).
[2018.11.14-04.15.25:560][ 26]LogSlate: Window 'Bp_PlayerCharacter*' being destroyed
[2018.11.14-04.15.26:694][162]BlueprintLog: New page: Compile Bp_PlayerCharacter
[2018.11.14-04.15.27:567][240]LogSavePackage: Moving 'A:/Projects/Unreal Engine Projects/RealTwoAtOnce/RunAndGun/Saved/Bp_PlayerCharacterB67EF630426DEFADE93DF59957C093C5.tmp' to 'A:/Projects/Unreal Engine Projects/RealTwoAtOnce/RunAndGun/Content/MyContent/Blueprints/Bp_PlayerCharacter.uasset'
[2018.11.14-04.15.40:235][727]LogClass: Warning: In asset 'None', there is an enum property of type 'EAnimationMode' with an invalid value of ''
[2018.11.14-04.18.51:885][487]LogAssetTools: Warning: Failed to import 'A:\Projects\Unreal Engine Projects\SideScrollerExample\Content\Mannequin/Animations/ThirdPersonIdle.uasset'. Unknown extension 'uasset'.
[2018.11.14-04.18.51:902][487]LogAssetTools: Warning: Failed to import 'A:\Projects\Unreal Engine Projects\SideScrollerExample\Content\Mannequin/Animations/ThirdPersonJump_End.uasset'. Unknown extension 'uasset'.
[2018.11.14-04.18.51:919][487]LogAssetTools: Warning: Failed to import 'A:\Projects\Unreal Engine Projects\SideScrollerExample\Content\Mannequin/Animations/ThirdPersonJump_Loop.uasset'. Unknown extension 'uasset'.
[2018.11.14-04.18.51:937][487]LogAssetTools: Warning: Failed to import 'A:\Projects\Unreal Engine Projects\SideScrollerExample\Content\Mannequin/Animations/ThirdPersonJump_Start.uasset'. Unknown extension 'uasset'.
[2018.11.14-04.18.51:957][487]LogAssetTools: Warning: Failed to import 'A:\Projects\Unreal Engine Projects\SideScrollerExample\Content\Mannequin/Animations/ThirdPersonRun.uasset'. Unknown extension 'uasset'.
[2018.11.14-04.18.51:977][487]LogAssetTools: Warning: Failed to import 'A:\Projects\Unreal Engine Projects\SideScrollerExample\Content\Mannequin/Animations/ThirdPersonWalk.uasset'. Unknown extension 'uasset'.
[2018.11.14-04.18.51:997][487]LogAssetTools: Warning: Failed to import 'A:\Projects\Unreal Engine Projects\SideScrollerExample\Content\Mannequin/Animations/ThirdPerson_AnimBP.uasset'. Unknown extension 'uasset'.
[2018.11.14-04.18.52:019][487]LogAssetTools: Warning: Failed to import 'A:\Projects\Unreal Engine Projects\SideScrollerExample\Content\Mannequin/Animations/ThirdPerson_IdleRun_2D.uasset'. Unknown extension 'uasset'.
[2018.11.14-04.18.52:040][487]LogAssetTools: Warning: Failed to import 'A:\Projects\Unreal Engine Projects\SideScrollerExample\Content\Mannequin/Animations/ThirdPerson_Jump.uasset'. Unknown extension 'uasset'.
[2018.11.14-04.18.52:063][487]LogAssetTools: Warning: Failed to import 'A:\Projects\Unreal Engine Projects\SideScrollerExample\Content\Mannequin/Character/Materials/MaterialLayers/ML_GlossyBlack_Latex_UE4.uasset'. Unknown extension 'uasset'.
[2018.11.14-04.18.52:087][487]LogAssetTools: Warning: Failed to import 'A:\Projects\Unreal Engine Projects\SideScrollerExample\Content\Mannequin/Character/Materials/MaterialLayers/ML_Plastic_Shiny_Beige.uasset'. Unknown extension 'uasset'.
[2018.11.14-04.18.52:120][487]LogAssetTools: Warning: Failed to import 'A:\Projects\Unreal Engine Projects\SideScrollerExample\Content\Mannequin/Character/Materials/MaterialLayers/ML_Plastic_Shiny_Beige_LOGO.uasset'. Unknown extension 'uasset'.
[2018.11.14-04.18.52:155][487]LogAssetTools: Warning: Failed to import 'A:\Projects\Unreal Engine Projects\SideScrollerExample\Content\Mannequin/Character/Materials/MaterialLayers/ML_SoftMetal_UE4.uasset'. Unknown extension 'uasset'.
[2018.11.14-04.18.52:183][487]LogAssetTools: Warning: Failed to import 'A:\Projects\Unreal Engine Projects\SideScrollerExample\Content\Mannequin/Character/Materials/MaterialLayers/T_ML_Aluminum01.uasset'. Unknown extension 'uasset'.
[2018.11.14-04.18.52:214][487]LogAssetTools: Warning: Failed to import 'A:\Projects\Unreal Engine Projects\SideScrollerExample\Content\Mannequin/Character/Materials/MaterialLayers/T_ML_Aluminum01_N.uasset'. Unknown extension 'uasset'.
[2018.11.14-04.18.52:254][487]LogAssetTools: Warning: Failed to import 'A:\Projects\Unreal Engine Projects\SideScrollerExample\Content\Mannequin/Character/Materials/MaterialLayers/T_ML_Rubber_Blue_01_D.uasset'. Unknown extension 'uasset'.
[2018.11.14-04.18.52:294][487]LogAssetTools: Warning: Failed to import 'A:\Projects\Unreal Engine Projects\SideScrollerExample\Content\Mannequin/Character/Materials/MaterialLayers/T_ML_Rubber_Blue_01_N.uasset'. Unknown extension 'uasset'.
[2018.11.14-04.18.52:343][487]LogAssetTools: Warning: Failed to import 'A:\Projects\Unreal Engine Projects\SideScrollerExample\Content\Mannequin/Character/Materials/M_UE4Man_Body.uasset'. Unknown extension 'uasset'.
[2018.11.14-04.18.52:390][487]LogAssetTools: Warning: Failed to import 'A:\Projects\Unreal Engine Projects\SideScrollerExample\Content\Mannequin/Character/Materials/M_UE4Man_ChestLogo.uasset'. Unknown extension 'uasset'.
[2018.11.14-04.18.52:430][487]LogAssetTools: Warning: Failed to import 'A:\Projects\Unreal Engine Projects\SideScrollerExample\Content\Mannequin/Character/Mesh/SK_Mannequin.uasset'. Unknown extension 'uasset'.
[2018.11.14-04.18.52:475][487]LogAssetTools: Warning: Failed to import 'A:\Projects\Unreal Engine Projects\SideScrollerExample\Content\Mannequin/Character/Mesh/SK_Mannequin_PhysicsAsset.uasset'. Unknown extension 'uasset'.
[2018.11.14-04.18.52:514][487]LogAssetTools: Warning: Failed to import 'A:\Projects\Unreal Engine Projects\SideScrollerExample\Content\Mannequin/Character/Mesh/UE4_Mannequin_Skeleton.uasset'. Unknown extension 'uasset'.
[2018.11.14-04.18.52:552][487]LogAssetTools: Warning: Failed to import 'A:\Projects\Unreal Engine Projects\SideScrollerExample\Content\Mannequin/Character/Textures/UE4Man_Logo_N.uasset'. Unknown extension 'uasset'.
[2018.11.14-04.18.52:587][487]LogAssetTools: Warning: Failed to import 'A:\Projects\Unreal Engine Projects\SideScrollerExample\Content\Mannequin/Character/Textures/UE4_LOGO_CARD.uasset'. Unknown extension 'uasset'.
[2018.11.14-04.18.52:621][487]LogAssetTools: Warning: Failed to import 'A:\Projects\Unreal Engine Projects\SideScrollerExample\Content\Mannequin/Character/Textures/UE4_Mannequin_MAT_MASKA.uasset'. Unknown extension 'uasset'.
[2018.11.14-04.18.52:660][487]LogAssetTools: Warning: Failed to import 'A:\Projects\Unreal Engine Projects\SideScrollerExample\Content\Mannequin/Character/Textures/UE4_Mannequin__normals.uasset'. Unknown extension 'uasset'.
[2018.11.14-04.19.14:675][955]LogAssetTools: Warning: Failed to import 'A:\Projects\Unreal Engine Projects\SideScrollerExample\Content\Mannequin/Animations/ThirdPersonIdle.uasset'. Unknown extension 'uasset'.
[2018.11.14-04.19.14:692][955]LogAssetTools: Warning: Failed to import 'A:\Projects\Unreal Engine Projects\SideScrollerExample\Content\Mannequin/Animations/ThirdPersonJump_End.uasset'. Unknown extension 'uasset'.
[2018.11.14-04.19.14:710][955]LogAssetTools: Warning: Failed to import 'A:\Projects\Unreal Engine Projects\SideScrollerExample\Content\Mannequin/Animations/ThirdPersonJump_Loop.uasset'. Unknown extension 'uasset'.
[2018.11.14-04.19.14:728][955]LogAssetTools: Warning: Failed to import 'A:\Projects\Unreal Engine Projects\SideScrollerExample\Content\Mannequin/Animations/ThirdPersonJump_Start.uasset'. Unknown extension 'uasset'.
[2018.11.14-04.19.14:749][955]LogAssetTools: Warning: Failed to import 'A:\Projects\Unreal Engine Projects\SideScrollerExample\Content\Mannequin/Animations/ThirdPersonRun.uasset'. Unknown extension 'uasset'.
[2018.11.14-04.19.14:768][955]LogAssetTools: Warning: Failed to import 'A:\Projects\Unreal Engine Projects\SideScrollerExample\Content\Mannequin/Animations/ThirdPersonWalk.uasset'. Unknown extension 'uasset'.
[2018.11.14-04.19.14:789][955]LogAssetTools: Warning: Failed to import 'A:\Projects\Unreal Engine Projects\SideScrollerExample\Content\Mannequin/Animations/ThirdPerson_AnimBP.uasset'. Unknown extension 'uasset'.
[2018.11.14-04.19.14:810][955]LogAssetTools: Warning: Failed to import 'A:\Projects\Unreal Engine Projects\SideScrollerExample\Content\Mannequin/Animations/ThirdPerson_IdleRun_2D.uasset'. Unknown extension 'uasset'.
[2018.11.14-04.19.14:832][955]LogAssetTools: Warning: Failed to import 'A:\Projects\Unreal Engine Projects\SideScrollerExample\Content\Mannequin/Animations/ThirdPerson_Jump.uasset'. Unknown extension 'uasset'.
[2018.11.14-04.19.14:856][955]LogAssetTools: Warning: Failed to import 'A:\Projects\Unreal Engine Projects\SideScrollerExample\Content\Mannequin/Character/Materials/MaterialLayers/ML_GlossyBlack_Latex_UE4.uasset'. Unknown extension 'uasset'.
[2018.11.14-04.19.14:879][955]LogAssetTools: Warning: Failed to import 'A:\Projects\Unreal Engine Projects\SideScrollerExample\Content\Mannequin/Character/Materials/MaterialLayers/ML_Plastic_Shiny_Beige.uasset'. Unknown extension 'uasset'.
[2018.11.14-04.19.14:906][955]LogAssetTools: Warning: Failed to import 'A:\Projects\Unreal Engine Projects\SideScrollerExample\Content\Mannequin/Character/Materials/MaterialLayers/ML_Plastic_Shiny_Beige_LOGO.uasset'. Unknown extension 'uasset'.
[2018.11.14-04.19.14:933][955]LogAssetTools: Warning: Failed to import 'A:\Projects\Unreal Engine Projects\SideScrollerExample\Content\Mannequin/Character/Materials/MaterialLayers/ML_SoftMetal_UE4.uasset'. Unknown extension 'uasset'.
[2018.11.14-04.19.14:964][955]LogAssetTools: Warning: Failed to import 'A:\Projects\Unreal Engine Projects\SideScrollerExample\Content\Mannequin/Character/Materials/MaterialLayers/T_ML_Aluminum01.uasset'. Unknown extension 'uasset'.
[2018.11.14-04.19.14:998][955]LogAssetTools: Warning: Failed to import 'A:\Projects\Unreal Engine Projects\SideScrollerExample\Content\Mannequin/Character/Materials/MaterialLayers/T_ML_Aluminum01_N.uasset'. Unknown extension 'uasset'.
[2018.11.14-04.19.15:034][955]LogAssetTools: Warning: Failed to import 'A:\Projects\Unreal Engine Projects\SideScrollerExample\Content\Mannequin/Character/Materials/MaterialLayers/T_ML_Rubber_Blue_01_D.uasset'. Unknown extension 'uasset'.
[2018.11.14-04.19.15:073][955]LogAssetTools: Warning: Failed to import 'A:\Projects\Unreal Engine Projects\SideScrollerExample\Content\Mannequin/Character/Materials/MaterialLayers/T_ML_Rubber_Blue_01_N.uasset'. Unknown extension 'uasset'.
[2018.11.14-04.19.15:112][955]LogAssetTools: Warning: Failed to import 'A:\Projects\Unreal Engine Projects\SideScrollerExample\Content\Mannequin/Character/Materials/M_UE4Man_Body.uasset'. Unknown extension 'uasset'.
[2018.11.14-04.19.15:154][955]LogAssetTools: Warning: Failed to import 'A:\Projects\Unreal Engine Projects\SideScrollerExample\Content\Mannequin/Character/Materials/M_UE4Man_ChestLogo.uasset'. Unknown extension 'uasset'.
[2018.11.14-04.19.15:198][955]LogAssetTools: Warning: Failed to import 'A:\Projects\Unreal Engine Projects\SideScrollerExample\Content\Mannequin/Character/Mesh/SK_Mannequin.uasset'. Unknown extension 'uasset'.
[2018.11.14-04.19.15:243][955]LogAssetTools: Warning: Failed to import 'A:\Projects\Unreal Engine Projects\SideScrollerExample\Content\Mannequin/Character/Mesh/SK_Mannequin_PhysicsAsset.uasset'. Unknown extension 'uasset'.
[2018.11.14-04.19.15:291][955]LogAssetTools: Warning: Failed to import 'A:\Projects\Unreal Engine Projects\SideScrollerExample\Content\Mannequin/Character/Mesh/UE4_Mannequin_Skeleton.uasset'. Unknown extension 'uasset'.
[2018.11.14-04.19.15:330][955]LogAssetTools: Warning: Failed to import 'A:\Projects\Unreal Engine Projects\SideScrollerExample\Content\Mannequin/Character/Textures/UE4Man_Logo_N.uasset'. Unknown extension 'uasset'.
[2018.11.14-04.19.15:372][955]LogAssetTools: Warning: Failed to import 'A:\Projects\Unreal Engine Projects\SideScrollerExample\Content\Mannequin/Character/Textures/UE4_LOGO_CARD.uasset'. Unknown extension 'uasset'.
[2018.11.14-04.19.15:415][955]LogAssetTools: Warning: Failed to import 'A:\Projects\Unreal Engine Projects\SideScrollerExample\Content\Mannequin/Character/Textures/UE4_Mannequin_MAT_MASKA.uasset'. Unknown extension 'uasset'.
[2018.11.14-04.19.15:456][955]LogAssetTools: Warning: Failed to import 'A:\Projects\Unreal Engine Projects\SideScrollerExample\Content\Mannequin/Character/Textures/UE4_Mannequin__normals.uasset'. Unknown extension 'uasset'.
[2018.11.14-04.20.26:305][247]Cmd: OBJ SAVEPACKAGE PACKAGE="/Game/MyContent/Maps/Main" FILE="A:/Projects/Unreal Engine Projects/RealTwoAtOnce/RunAndGun/Content/MyContent/Maps/Main.umap" SILENT=true AUTOSAVING=false KEEPDIRTY=false
[2018.11.14-04.20.26:361][247]LogSavePackage: Moving 'A:/Projects/Unreal Engine Projects/RealTwoAtOnce/RunAndGun/Saved/Main614E1E0644A158DF0543EEA2BC1B25BE.tmp' to 'A:/Projects/Unreal Engine Projects/RealTwoAtOnce/RunAndGun/Content/MyContent/Maps/Main.umap'
[2018.11.14-04.20.26:377][247]Cmd: OBJ SAVEPACKAGE PACKAGE="/Game/MyContent/Maps/Main_BuiltData" FILE="A:/Projects/Unreal Engine Projects/RealTwoAtOnce/RunAndGun/Content/MyContent/Maps/Main_BuiltData.uasset" SILENT=true
[2018.11.14-04.20.26:393][247]LogSavePackage: Moving 'A:/Projects/Unreal Engine Projects/RealTwoAtOnce/RunAndGun/Saved/Main_BuiltDataFC04C73E41CE084374F77395D95CA564.tmp' to 'A:/Projects/Unreal Engine Projects/RealTwoAtOnce/RunAndGun/Content/MyContent/Maps/Main_BuiltData.uasset'
[2018.11.14-04.20.29:591][615]LogSlate: Window 'RunAndGun - Unreal Editor' being destroyed
[2018.11.14-04.20.29:592][615]LogWindowsTextInputMethodSystem: Display: IME system now deactivated.
[2018.11.14-04.20.29:755][616]Cmd: QUIT_EDITOR
[2018.11.14-04.20.29:783][616]LogExit: Preparing to exit.
[2018.11.14-04.20.30:982][616]LogExit: Editor shut down
[2018.11.14-04.20.30:982][616]LogExit: Transaction tracking system shut down
[2018.11.14-04.20.31:412][616]LogExit: Object subsystem successfully closed.
[2018.11.14-04.20.31:430][616]LogShaderCompilers: Display: Shaders left to compile 0
[2018.11.14-04.20.31:433][616]LogD3D11RHI: Shutdown
[2018.11.14-04.20.31:433][616]LogD3D11RHI: CleanupD3DDevice
[2018.11.14-04.20.31:435][616]LogD3D11RHI: ~FD3D11DynamicRHI
[2018.11.14-04.20.31:461][616]LogModuleManager: Shutting down and abandoning module BlueprintGraph (623)
[2018.11.14-04.20.31:461][616]LogModuleManager: Shutting down and abandoning module RunAndGun (621)
[2018.11.14-04.20.31:461][616]LogModuleManager: Shutting down and abandoning module ExternalImagePicker (620)
[2018.11.14-04.20.31:461][616]LogModuleManager: Shutting down and abandoning module HierarchicalLODUtilities (616)
[2018.11.14-04.20.31:461][616]LogModuleManager: Shutting down and abandoning module NewLevelDialog (614)
[2018.11.14-04.20.31:461][616]LogModuleManager: Shutting down and abandoning module HierarchicalLODOutliner (612)
[2018.11.14-04.20.31:461][616]LogModuleManager: Shutting down and abandoning module AddContentDialog (610)
[2018.11.14-04.20.31:461][616]LogModuleManager: Shutting down and abandoning module WidgetCarousel (609)
[2018.11.14-04.20.31:461][616]LogModuleManager: Shutting down and abandoning module EditorWidgets (606)
[2018.11.14-04.20.31:461][616]LogModuleManager: Shutting down and abandoning module CollectionManager (604)
[2018.11.14-04.20.31:461][616]LogModuleManager: Shutting down and abandoning module SceneOutliner (602)
[2018.11.14-04.20.31:461][616]LogModuleManager: Shutting down and abandoning module StatsViewer (600)
[2018.11.14-04.20.31:461][616]LogModuleManager: Shutting down and abandoning module FoliageEdit (598)
[2018.11.14-04.20.31:461][616]LogModuleManager: Shutting down and abandoning module LandscapeEditor (596)
[2018.11.14-04.20.31:462][616]LogModuleManager: Shutting down and abandoning module MeshPaintMode (594)
[2018.11.14-04.20.31:462][616]LogModuleManager: Shutting down and abandoning module SceneDepthPickerMode (592)
[2018.11.14-04.20.31:462][616]LogModuleManager: Shutting down and abandoning module ActorPickerMode (590)
[2018.11.14-04.20.31:462][616]LogModuleManager: Shutting down and abandoning module GeometryMode (588)
[2018.11.14-04.20.31:462][616]LogModuleManager: Shutting down and abandoning module TextureAlignMode (586)
[2018.11.14-04.20.31:462][616]LogModuleManager: Shutting down and abandoning module BspMode (584)
[2018.11.14-04.20.31:462][616]LogModuleManager: Shutting down and abandoning module PIEPreviewDeviceProfileSelector (582)
[2018.11.14-04.20.31:462][616]LogModuleManager: Shutting down and abandoning module SequenceRecorderSections (580)
[2018.11.14-04.20.31:462][616]LogModuleManager: Shutting down and abandoning module AutomationWorker (578)
[2018.11.14-04.20.31:462][616]LogModuleManager: Shutting down and abandoning module AudioCaptureEditor (576)
[2018.11.14-04.20.31:462][616]LogModuleManager: Shutting down and abandoning module SequenceRecorder (575)
[2018.11.14-04.20.31:462][616]LogModuleManager: Shutting down and abandoning module MatineeToLevelSequence (572)
[2018.11.14-04.20.31:462][616]LogModuleManager: Shutting down and abandoning module LevelSequenceEditor (570)
[2018.11.14-04.20.31:462][616]LogModuleManager: Shutting down and abandoning module PlacementMode (569)
[2018.11.14-04.20.31:462][616]LogModuleManager: Shutting down and abandoning module MaterialEditor (568)
[2018.11.14-04.20.31:462][616]LogModuleManager: Shutting down and abandoning module WmfMediaFactory (564)
[2018.11.14-04.20.31:462][616]LogModuleManager: Shutting down and abandoning module WmfMediaEditor (562)
[2018.11.14-04.20.31:462][616]LogModuleManager: Shutting down and abandoning module MediaPlayerEditor (560)
[2018.11.14-04.20.31:462][616]LogModuleManager: Shutting down and abandoning module OpenExrWrapper (558)
[2018.11.14-04.20.31:462][616]LogModuleManager: Shutting down and abandoning module ImgMediaFactory (556)
[2018.11.14-04.20.31:462][616]LogModuleManager: Shutting down and abandoning module ImgMediaEditor (554)
[2018.11.14-04.20.31:462][616]LogModuleManager: Shutting down and abandoning module AvfMediaFactory (552)
[2018.11.14-04.20.31:462][616]LogModuleManager: Shutting down and abandoning module AvfMediaEditor (550)
[2018.11.14-04.20.31:462][616]LogModuleManager: Shutting down and abandoning module AndroidMediaFactory (548)
[2018.11.14-04.20.31:462][616]LogModuleManager: Shutting down and abandoning module AndroidMediaEditor (546)
[2018.11.14-04.20.31:462][616]LogModuleManager: Shutting down and abandoning module MagicLeapCameraPreviewFactory (544)
[2018.11.14-04.20.31:462][616]LogModuleManager: Shutting down and abandoning module MagicLeapMediaFactory (542)
[2018.11.14-04.20.31:462][616]LogModuleManager: Shutting down and abandoning module MagicLeapMediaEditor (540)
[2018.11.14-04.20.31:462][616]LogModuleManager: Shutting down and abandoning module CharacterAI (538)
[2018.11.14-04.20.31:462][616]LogModuleManager: Shutting down and abandoning module SmartSnapping (536)
[2018.11.14-04.20.31:462][616]LogModuleManager: Shutting down and abandoning module SessionServices (534)
[2018.11.14-04.20.31:462][616]LogModuleManager: Shutting down and abandoning module ViewportSnapping (532)
[2018.11.14-04.20.31:462][616]LogModuleManager: Shutting down and abandoning module ViewportInteraction (530)
[2018.11.14-04.20.31:462][616]LogModuleManager: Shutting down and abandoning module ClothPainter (528)
[2018.11.14-04.20.31:462][616]LogModuleManager: Shutting down and abandoning module SkeletalMeshEditor (527)
[2018.11.14-04.20.31:462][616]LogModuleManager: Shutting down and abandoning module LogVisualizer (524)
[2018.11.14-04.20.31:462][616]LogModuleManager: Shutting down and abandoning module IntroTutorials (522)
[2018.11.14-04.20.31:462][616]LogModuleManager: Shutting down and abandoning module GameProjectGeneration (521)
[2018.11.14-04.20.31:462][616]LogModuleManager: Shutting down and abandoning module LuminPlatformEditor (518)
[2018.11.14-04.20.31:462][616]LogModuleManager: Shutting down and abandoning module IOSPlatformEditor (516)
[2018.11.14-04.20.31:462][616]LogModuleManager: Shutting down and abandoning module HTML5PlatformEditor (514)
[2018.11.14-04.20.31:462][616]LogModuleManager: Shutting down and abandoning module AndroidPlatformEditor (512)
[2018.11.14-04.20.31:462][616]LogModuleManager: Shutting down and abandoning module AndroidDeviceDetection (511)
[2018.11.14-04.20.33:000][616]LogModuleManager: Shutting down and abandoning module WindowsPlatformEditor (508)
[2018.11.14-04.20.33:000][616]LogModuleManager: Shutting down and abandoning module LuminRuntimeSettings (506)
[2018.11.14-04.20.33:000][616]LogModuleManager: Shutting down and abandoning module IOSRuntimeSettings (504)
[2018.11.14-04.20.33:000][616]LogModuleManager: Shutting down and abandoning module AndroidRuntimeSettings (502)
[2018.11.14-04.20.33:000][616]LogModuleManager: Shutting down and abandoning module InputBindingEditor (500)
[2018.11.14-04.20.33:000][616]LogModuleManager: Shutting down and abandoning module MergeActors (498)
[2018.11.14-04.20.33:000][616]LogModuleManager: Shutting down and abandoning module LocalizationDashboard (496)
[2018.11.14-04.20.33:000][616]LogModuleManager: Shutting down and abandoning module LocalizationService (495)
[2018.11.14-04.20.33:000][616]LogModuleManager: Shutting down and abandoning module HardwareTargeting (492)
[2018.11.14-04.20.33:000][616]LogModuleManager: Shutting down and abandoning module DeviceProfileEditor (490)
[2018.11.14-04.20.33:000][616]LogModuleManager: Shutting down and abandoning module UndoHistory (488)
[2018.11.14-04.20.33:000][616]LogModuleManager: Shutting down and abandoning module XmlParser (486)
[2018.11.14-04.20.33:000][616]LogModuleManager: Shutting down and abandoning module Blutility (484)
[2018.11.14-04.20.33:000][616]LogModuleManager: Shutting down and abandoning module ProjectSettingsViewer (482)
[2018.11.14-04.20.33:001][616]LogModuleManager: Shutting down and abandoning module ProjectTargetPlatformEditor (481)
[2018.11.14-04.20.33:001][616]LogModuleManager: Shutting down and abandoning module EditorSettingsViewer (478)
[2018.11.14-04.20.33:001][616]LogModuleManager: Shutting down and abandoning module SettingsEditor (476)
[2018.11.14-04.20.33:001][616]LogModuleManager: Shutting down and abandoning module ProjectLauncher (474)
[2018.11.14-04.20.33:001][616]LogModuleManager: Shutting down and abandoning module SessionFrontend (472)
[2018.11.14-04.20.33:001][616]LogModuleManager: Shutting down and abandoning module ProfilerClient (470)
[2018.11.14-04.20.33:001][616]LogModuleManager: Shutting down and abandoning module DeviceManager (468)
[2018.11.14-04.20.33:001][616]LogModuleManager: Shutting down and abandoning module TargetDeviceServices (467)
[2018.11.14-04.20.33:056][616]LogModuleManager: Shutting down and abandoning module AutomationController (464)
[2018.11.14-04.20.33:056][616]LogModuleManager: Shutting down and abandoning module AutomationWindow (462)
[2018.11.14-04.20.33:056][616]LogModuleManager: Shutting down and abandoning module Layers (460)
[2018.11.14-04.20.33:056][616]LogModuleManager: Shutting down and abandoning module ComponentVisualizers (458)
[2018.11.14-04.20.33:056][616]LogModuleManager: Shutting down and abandoning module DetailCustomizations (456)
[2018.11.14-04.20.33:056][616]LogModuleManager: Shutting down and abandoning module PackagesDialog (454)
[2018.11.14-04.20.33:056][616]LogModuleManager: Shutting down and abandoning module Persona (452)
[2018.11.14-04.20.33:056][616]LogModuleManager: Shutting down and abandoning module AdvancedPreviewScene (451)
[2018.11.14-04.20.33:056][616]LogModuleManager: Shutting down and abandoning module AnimGraph (449)
[2018.11.14-04.20.33:056][616]LogModuleManager: Shutting down and abandoning module Kismet (446)
[2018.11.14-04.20.33:060][616]LogModuleManager: Shutting down and abandoning module GraphEditor (444)
[2018.11.14-04.20.33:060][616]LogModuleManager: Shutting down and abandoning module ClassViewer (442)
[2018.11.14-04.20.33:062][616]LogModuleManager: Shutting down and abandoning module Toolbox (440)
[2018.11.14-04.20.33:062][616]LogModuleManager: Shutting down and abandoning module DesktopPlatform (439)
[2018.11.14-04.20.33:062][616]LogModuleManager: Shutting down and abandoning module ModuleUI (436)
[2018.11.14-04.20.33:062][616]LogModuleManager: Shutting down and abandoning module MovieSceneTools (434)
[2018.11.14-04.20.33:062][616]LogModuleManager: Shutting down and abandoning module OutputLog (432)
[2018.11.14-04.20.33:062][616]LogModuleManager: Shutting down and abandoning module GammaUI (430)
[2018.11.14-04.20.33:062][616]LogModuleManager: Shutting down and abandoning module Documentation (428)
[2018.11.14-04.20.33:062][616]LogModuleManager: Shutting down and abandoning module MovieSceneTracks (426)
[2018.11.14-04.20.33:062][616]LogModuleManager: Shutting down and abandoning module MovieScene (424)
[2018.11.14-04.20.33:062][616]LogModuleManager: Shutting down and abandoning module StreamingPauseRendering (422)
[2018.11.14-04.20.33:062][616]LogModuleManager: Shutting down and abandoning module LauncherPlatform (420)
[2018.11.14-04.20.33:062][616]LogModuleManager: Shutting down and abandoning module AnalyticsET (418)
[2018.11.14-04.20.33:062][616]LogModuleManager: Shutting down and abandoning module PortalServices (416)
[2018.11.14-04.20.33:062][616]LogModuleManager: Shutting down and abandoning module PortalRpc (414)
[2018.11.14-04.20.33:062][616]LogModuleManager: Shutting down and abandoning module MessagingRpc (412)
[2018.11.14-04.20.33:062][616]LogModuleManager: Shutting down and abandoning module AIModule (410)
[2018.11.14-04.20.33:063][616]LogModuleManager: Shutting down and abandoning module GameplayDebugger (409)
[2018.11.14-04.20.33:063][616]LogModuleManager: Shutting down and abandoning module AITestSuite (407)
[2018.11.14-04.20.33:063][616]LogModuleManager: Shutting down and abandoning module NavigationSystem (405)
[2018.11.14-04.20.33:063][616]LogModuleManager: Shutting down and abandoning module ProfilerService (402)
[2018.11.14-04.20.33:226][616]LogModuleManager: Shutting down and abandoning module TaskGraph (400)
[2018.11.14-04.20.33:226][616]LogModuleManager: Shutting down and abandoning module SteamVRController (398)
[2018.11.14-04.20.33:226][616]LogModuleManager: Shutting down and abandoning module ProceduralMeshComponentEditor (396)
[2018.11.14-04.20.33:226][616]LogModuleManager: Shutting down and abandoning module ProceduralMeshComponent (394)
[2018.11.14-04.20.33:226][616]LogModuleManager: Shutting down and abandoning module OculusInput (392)
[2018.11.14-04.20.33:226][616]LogModuleManager: Shutting down and abandoning module MobilePatchingUtils (390)
[2018.11.14-04.20.33:226][616]LogModuleManager: Shutting down and abandoning module EditableMesh (388)
[2018.11.14-04.20.33:226][616]LogModuleManager: Shutting down and abandoning module CustomMeshComponent (386)
[2018.11.14-04.20.33:226][616]LogModuleManager: Shutting down and abandoning module CableComponent (384)
[2018.11.14-04.20.33:226][616]LogModuleManager: Shutting down and abandoning module AudioCapture (382)
[2018.11.14-04.20.33:226][616]LogModuleManager: Shutting down and abandoning module ArchVisCharacter (380)
[2018.11.14-04.20.33:227][616]LogModuleManager: Shutting down and abandoning module AndroidPermission (378)
[2018.11.14-04.20.33:227][616]LogModuleManager: Shutting down and abandoning module NUTUnrealEngine4 (376)
[2018.11.14-04.20.33:227][616]LogModuleManager: Shutting down and abandoning module NetcodeUnitTest (374)
[2018.11.14-04.20.33:227][616]LogModuleManager: Shutting down and abandoning module MediaCompositingEditor (372)
[2018.11.14-04.20.33:227][616]LogModuleManager: Shutting down and abandoning module MediaCompositing (370)
[2018.11.14-04.20.33:227][616]LogModuleManager: Shutting down and abandoning module LinearTimecode (368)
[2018.11.14-04.20.33:227][616]LogModuleManager: Shutting down and abandoning module ImgMedia (366)
[2018.11.14-04.20.33:230][616]LogModuleManager: Shutting down and abandoning module HTML5Networking (364)
[2018.11.14-04.20.33:230][616]LogModuleManager: Shutting down and abandoning module GeometryCacheTracks (362)
[2018.11.14-04.20.33:230][616]LogModuleManager: Shutting down and abandoning module GeometryCacheSequencer (360)
[2018.11.14-04.20.33:230][616]LogModuleManager: Shutting down and abandoning module BackChannel (358)
[2018.11.14-04.20.33:230][616]LogModuleManager: Shutting down and abandoning module AppleVision (356)
[2018.11.14-04.20.33:230][616]LogModuleManager: Shutting down and abandoning module AppleImageUtils (354)
[2018.11.14-04.20.33:230][616]LogModuleManager: Shutting down and abandoning module AlembicImporter (352)
[2018.11.14-04.20.33:230][616]LogModuleManager: Shutting down and abandoning module AlembicLibrary (351)
[2018.11.14-04.20.33:230][616]LogModuleManager: Shutting down and abandoning module GeometryCache (350)
[2018.11.14-04.20.33:230][616]LogModuleManager: Shutting down and abandoning module GeometryCacheEd (349)
[2018.11.14-04.20.33:230][616]LogModuleManager: Shutting down and abandoning module DatasmithContentEditor (344)
[2018.11.14-04.20.33:230][616]LogModuleManager: Shutting down and abandoning module DatasmithContent (342)
[2018.11.14-04.20.33:232][616]LogModuleManager: Shutting down and abandoning module SpeedTreeImporter (340)
[2018.11.14-04.20.33:232][616]LogModuleManager: Shutting down and abandoning module PluginBrowser (338)
[2018.11.14-04.20.33:232][616]LogModuleManager: Shutting down and abandoning module MobileLauncherProfileWizard (336)
[2018.11.14-04.20.33:232][616]LogModuleManager: Shutting down and abandoning module PolygonModeling (334)
[2018.11.14-04.20.33:232][616]LogModuleManager: Shutting down and abandoning module MeshEditor (332)
[2018.11.14-04.20.33:232][616]LogModuleManager: Shutting down and abandoning module CryptoKeysOpenSSL (330)
[2018.11.14-04.20.33:232][616]LogModuleManager: Shutting down and abandoning module CryptoKeys (328)
[2018.11.14-04.20.33:232][616]LogModuleManager: Shutting down and abandoning module VisualStudioSourceCodeAccess (326)
[2018.11.14-04.20.33:232][616]LogModuleManager: Shutting down and abandoning module VisualStudioCodeSourceCodeAccess (324)
[2018.11.14-04.20.33:232][616]LogModuleManager: Shutting down and abandoning module UObjectPlugin (322)
[2018.11.14-04.20.33:232][616]LogModuleManager: Shutting down and abandoning module SubversionSourceControl (320)
[2018.11.14-04.20.33:232][616]LogModuleManager: Shutting down and abandoning module PerforceSourceControl (318)
[2018.11.14-04.20.33:232][616]LogModuleManager: Shutting down and abandoning module GitSourceControl (316)
[2018.11.14-04.20.33:232][616]LogModuleManager: Shutting down and abandoning module SourceControl (315)
[2018.11.14-04.20.33:232][616]LogModuleManager: Shutting down and abandoning module CLionSourceCodeAccess (312)
[2018.11.14-04.20.33:232][616]LogModuleManager: Shutting down and abandoning module LightPropagationVolumeEditor (310)
[2018.11.14-04.20.33:232][616]LogModuleManager: Shutting down and abandoning module PaperTiledImporter (308)
[2018.11.14-04.20.33:232][616]LogModuleManager: Shutting down and abandoning module PaperSpriteSheetImporter (306)
[2018.11.14-04.20.33:232][616]LogModuleManager: Shutting down and abandoning module Paper2DEditor (304)
[2018.11.14-04.20.33:232][616]LogModuleManager: Shutting down and abandoning module MeshPaint (303)
[2018.11.14-04.20.33:232][616]LogModuleManager: Shutting down and abandoning module RuntimePhysXCooking (298)
[2018.11.14-04.20.33:232][616]LogModuleManager: Shutting down and abandoning module PhysXVehiclesEditor (296)
[2018.11.14-04.20.33:232][616]LogModuleManager: Shutting down and abandoning module PhysXVehicles (294)
[2018.11.14-04.20.33:232][616]LogModuleManager: Shutting down and abandoning module OculusEditor (292)
[2018.11.14-04.20.33:232][616]LogModuleManager: Shutting down and abandoning module LocationServicesBPLibrary (290)
[2018.11.14-04.20.33:232][616]LogModuleManager: Shutting down and abandoning module ImmediatePhysicsEditor (288)
[2018.11.14-04.20.33:232][616]LogModuleManager: Shutting down and abandoning module ImmediatePhysics (286)
[2018.11.14-04.20.33:232][616]LogModuleManager: Shutting down and abandoning module ActorSequence (284)
[2018.11.14-04.20.33:232][616]LogModuleManager: Shutting down and abandoning module UdpMessaging (282)
[2018.11.14-04.20.33:334][616]LogModuleManager: Shutting down and abandoning module TcpMessaging (280)
[2018.11.14-04.20.33:435][616]LogModuleManager: Shutting down and abandoning module MagicLeapAudio (278)
[2018.11.14-04.20.33:435][616]LogModuleManager: Shutting down and abandoning module GameplayTagsEditor (276)
[2018.11.14-04.20.33:435][616]LogModuleManager: Shutting down and abandoning module FacialAnimationEditor (274)
[2018.11.14-04.20.33:435][616]LogModuleManager: Shutting down and abandoning module FacialAnimation (272)
[2018.11.14-04.20.33:435][616]LogModuleManager: Shutting down and abandoning module DataValidation (270)
[2018.11.14-04.20.33:435][616]LogModuleManager: Shutting down and abandoning module AssetManagerEditor (268)
[2018.11.14-04.20.33:435][616]LogModuleManager: Shutting down and abandoning module LevelEditor (267)
[2018.11.14-04.20.33:437][616]LogModuleManager: Shutting down and abandoning module PixelInspectorModule (266)
[2018.11.14-04.20.33:437][616]LogModuleManager: Shutting down and abandoning module CommonMenuExtensions (264)
[2018.11.14-04.20.33:437][616]LogModuleManager: Shutting down and abandoning module MainFrame (262)
[2018.11.14-04.20.33:437][616]LogModuleManager: Shutting down and abandoning module HotReload (261)
[2018.11.14-04.20.33:438][616]LogModuleManager: Shutting down and abandoning module ContentBrowser (257)
[2018.11.14-04.20.33:439][616]LogModuleManager: Shutting down and abandoning module TreeMap (255)
[2018.11.14-04.20.33:439][616]LogModuleManager: Shutting down and abandoning module LightPropagationVolumeRuntime (252)
[2018.11.14-04.20.33:439][616]LogModuleManager: Shutting down and abandoning module AISupportModule (250)
[2018.11.14-04.20.33:439][616]LogModuleManager: Shutting down and abandoning module Paper2D (248)
[2018.11.14-04.20.33:439][616]LogModuleManager: Shutting down and abandoning module WindowsMoviePlayer (246)
[2018.11.14-04.20.33:439][616]LogModuleManager: Shutting down and abandoning module WmfMedia (244)
[2018.11.14-04.20.33:442][616]LogModuleManager: Shutting down and abandoning module Media (243)
[2018.11.14-04.20.33:448][616]LogModuleManager: Shutting down and abandoning module PacketHandler (240)
[2018.11.14-04.20.33:448][616]LogModuleManager: Shutting down and abandoning module ClothingSystemEditor (238)
[2018.11.14-04.20.33:448][616]LogModuleManager: Shutting down and abandoning module ClothingSystemRuntime (236)
[2018.11.14-04.20.33:448][616]LogModuleManager: Shutting down and abandoning module MediaAssets (234)
[2018.11.14-04.20.33:448][616]LogModuleManager: Shutting down and abandoning module Overlay (232)
[2018.11.14-04.20.33:448][616]LogModuleManager: Shutting down and abandoning module OverlayEditor (231)
[2018.11.14-04.20.33:448][616]LogModuleManager: Shutting down and abandoning module VREditor (228)
[2018.11.14-04.20.33:448][616]LogModuleManager: Shutting down and abandoning module StringTableEditor (226)
[2018.11.14-04.20.33:448][616]LogModuleManager: Shutting down and abandoning module GameplayTasksEditor (224)
[2018.11.14-04.20.33:448][616]LogModuleManager: Shutting down and abandoning module BehaviorTreeEditor (222)
[2018.11.14-04.20.33:449][616]LogModuleManager: Shutting down and abandoning module FunctionalTesting (220)
[2018.11.14-04.20.33:449][616]LogModuleManager: Shutting down and abandoning module CollisionAnalyzer (218)
[2018.11.14-04.20.33:449][616]LogModuleManager: Shutting down and abandoning module WorkspaceMenuStructure (217)
[2018.11.14-04.20.33:449][616]LogModuleManager: Shutting down and abandoning module UMG (214)
[2018.11.14-04.20.33:449][616]LogModuleManager: Shutting down and abandoning module UMGEditor (213)
[2018.11.14-04.20.33:449][616]LogModuleManager: Shutting down and abandoning module Sequencer (212)
[2018.11.14-04.20.33:449][616]LogModuleManager: Shutting down and abandoning module MessageLog (209)
[2018.11.14-04.20.33:449][616]LogModuleManager: Shutting down and abandoning module SlateReflector (204)
[2018.11.14-04.20.33:449][616]LogModuleManager: Shutting down and abandoning module Slate (202)
[2018.11.14-04.20.33:449][616]LogModuleManager: Shutting down and abandoning module EditorStyle (200)
[2018.11.14-04.20.33:450][616]LogModuleManager: Shutting down and abandoning module MRMesh (198)
[2018.11.14-04.20.33:450][616]LogModuleManager: Shutting down and abandoning module SourceCodeAccess (196)
[2018.11.14-04.20.33:450][616]LogModuleManager: Shutting down and abandoning module HeadMountedDisplay (194)
[2018.11.14-04.20.33:450][616]LogModuleManager: Shutting down and abandoning module XAudio2 (192)
[2018.11.14-04.20.33:450][616]LogModuleManager: Shutting down and abandoning module Networking (190)
[2018.11.14-04.20.33:450][616]LogModuleManager: Shutting down and abandoning module Core (188)
[2018.11.14-04.20.33:450][616]LogModuleManager: Shutting down and abandoning module LevelSequence (186)
[2018.11.14-04.20.33:450][616]LogModuleManager: Shutting down and abandoning module KismetCompiler (184)
[2018.11.14-04.20.33:450][616]LogModuleManager: Shutting down and abandoning module MeshUtilities (182)
[2018.11.14-04.20.33:450][616]LogModuleManager: Shutting down and abandoning module MeshMergeUtilities (181)
[2018.11.14-04.20.33:450][616]LogModuleManager: Shutting down and abandoning module MeshReductionInterface (180)
[2018.11.14-04.20.33:450][616]LogModuleManager: Shutting down and abandoning module SimplygonSwarm (179)
[2018.11.14-04.20.33:450][616]LogModuleManager: Shutting down and abandoning module ProxyLODMeshReduction (177)
[2018.11.14-04.20.33:450][616]LogModuleManager: Shutting down and abandoning module SimplygonMeshReduction (175)
[2018.11.14-04.20.33:450][616]LogModuleManager: Shutting down and abandoning module QuadricMeshReduction (173)
[2018.11.14-04.20.33:450][616]LogModuleManager: Shutting down and abandoning module MaterialBaking (169)
[2018.11.14-04.20.33:450][616]LogModuleManager: Shutting down and abandoning module DirectoryWatcher (165)
[2018.11.14-04.20.33:450][616]LogModuleManager: Shutting down and abandoning module DerivedDataCache (162)
[2018.11.14-04.20.33:480][616]LogDerivedDataCache: Shutdown
[2018.11.14-04.20.33:480][616]LogModuleManager: Shutting down and abandoning module XGEController (160)
[2018.11.14-04.20.33:480][616]LogXGEController: Cleaning working directory: C:/Users/Thomas Simon/AppData/Local/Temp/UnrealXGEWorkingDir/
[2018.11.14-04.20.33:481][616]LogModuleManager: Shutting down and abandoning module TargetPlatform (158)
[2018.11.14-04.20.33:481][616]LogModuleManager: Shutting down and abandoning module VulkanShaderFormat (157)
[2018.11.14-04.20.33:481][616]LogModuleManager: Shutting down and abandoning module ShaderFormatVectorVM (155)
[2018.11.14-04.20.33:481][616]LogModuleManager: Shutting down and abandoning module ShaderFormatOpenGL (153)
[2018.11.14-04.20.33:481][616]LogModuleManager: Shutting down and abandoning module ShaderFormatD3D (151)
[2018.11.14-04.20.33:481][616]LogModuleManager: Shutting down and abandoning module MetalShaderFormat (149)
[2018.11.14-04.20.33:481][616]LogModuleManager: Shutting down and abandoning module TextureFormatUncompressed (147)
[2018.11.14-04.20.33:481][616]LogModuleManager: Shutting down and abandoning module TextureFormatPVR (145)
[2018.11.14-04.20.33:481][616]LogModuleManager: Shutting down and abandoning module TextureFormatDXT (143)
[2018.11.14-04.20.33:481][616]LogModuleManager: Shutting down and abandoning module TextureFormatIntelISPCTexComp (141)
[2018.11.14-04.20.33:481][616]LogModuleManager: Shutting down and abandoning module TextureFormatASTC (139)
[2018.11.14-04.20.33:481][616]LogModuleManager: Shutting down and abandoning module ImageWrapper (138)
[2018.11.14-04.20.33:481][616]LogModuleManager: Shutting down and abandoning module TextureFormatAndroid (135)
[2018.11.14-04.20.33:481][616]LogModuleManager: Shutting down and abandoning module AudioFormatOpus (133)
[2018.11.14-04.20.33:481][616]LogModuleManager: Shutting down and abandoning module AudioFormatOgg (131)
[2018.11.14-04.20.33:481][616]LogModuleManager: Shutting down and abandoning module AudioFormatADPCM (129)
[2018.11.14-04.20.33:481][616]LogModuleManager: Shutting down and abandoning module LuminTargetPlatform (127)
[2018.11.14-04.20.33:481][616]LogModuleManager: Shutting down and abandoning module LinuxTargetPlatform (125)
[2018.11.14-04.20.33:481][616]LogModuleManager: Shutting down and abandoning module LinuxServerTargetPlatform (123)
[2018.11.14-04.20.33:481][616]LogModuleManager: Shutting down and abandoning module LinuxNoEditorTargetPlatform (121)
[2018.11.14-04.20.33:481][616]LogModuleManager: Shutting down and abandoning module LinuxClientTargetPlatform (119)
[2018.11.14-04.20.33:481][616]LogModuleManager: Shutting down and abandoning module TVOSTargetPlatform (117)
[2018.11.14-04.20.33:482][616]LogModuleManager: Shutting down and abandoning module Messaging (115)
[2018.11.14-04.20.33:482][616]LogModuleManager: Shutting down and abandoning module IOSTargetPlatform (113)
[2018.11.14-04.20.33:482][616]LogModuleManager: Shutting down and abandoning module HTML5TargetPlatform (111)
[2018.11.14-04.20.33:482][616]LogModuleManager: Shutting down and abandoning module AndroidTargetPlatform (109)
[2018.11.14-04.20.33:488][616]LogModuleManager: Shutting down and abandoning module WindowsTargetPlatform (107)
[2018.11.14-04.20.33:488][616]LogModuleManager: Shutting down and abandoning module WindowsServerTargetPlatform (105)
[2018.11.14-04.20.33:488][616]LogModuleManager: Shutting down and abandoning module WindowsNoEditorTargetPlatform (103)
[2018.11.14-04.20.33:488][616]LogModuleManager: Shutting down and abandoning module WindowsClientTargetPlatform (101)
[2018.11.14-04.20.33:488][616]LogModuleManager: Shutting down and abandoning module MacTargetPlatform (99)
[2018.11.14-04.20.33:488][616]LogModuleManager: Shutting down and abandoning module MacServerTargetPlatform (97)
[2018.11.14-04.20.33:488][616]LogModuleManager: Shutting down and abandoning module MacNoEditorTargetPlatform (95)
[2018.11.14-04.20.33:488][616]LogModuleManager: Shutting down and abandoning module MacClientTargetPlatform (93)
[2018.11.14-04.20.33:488][616]LogModuleManager: Shutting down and abandoning module AllDesktopTargetPlatform (91)
[2018.11.14-04.20.33:488][616]LogModuleManager: Shutting down and abandoning module InputCore (88)
[2018.11.14-04.20.33:488][616]LogModuleManager: Shutting down and abandoning module Settings (86)
[2018.11.14-04.20.33:488][616]LogModuleManager: Shutting down and abandoning module PhysXCooking (84)
[2018.11.14-04.20.33:489][616]LogModuleManager: Shutting down and abandoning module SteamVR (82)
[2018.11.14-04.20.33:489][616]LogModuleManager: Shutting down and abandoning module OculusHMD (80)
[2018.11.14-04.20.33:489][616]LogModuleManager: Shutting down and abandoning module ExampleDeviceProfileSelector (78)
[2018.11.14-04.20.33:489][616]LogModuleManager: Shutting down and abandoning module LauncherChunkInstaller (76)
[2018.11.14-04.20.33:489][616]LogModuleManager: Shutting down and abandoning module OnlineBlueprintSupport (74)
[2018.11.14-04.20.33:489][616]LogModuleManager: Shutting down and abandoning module OnlineSubsystem (70)
[2018.11.14-04.20.33:489][616]LogModuleManager: Shutting down and abandoning module XMPP (65)
[2018.11.14-04.20.33:489][616]LogModuleManager: Shutting down and abandoning module WebSockets (64)
[2018.11.14-04.20.33:507][616]LogModuleManager: Shutting down and abandoning module HTTP (61)
[2018.11.14-04.20.33:507][616]LogHttp: Display: Http module shutting down, but needs to wait on 1 outstanding Http requests:
[2018.11.14-04.20.33:507][616]LogHttp: Display: 	verb=[POST] url=[https://datarouter.ol.epicgames.com/datarouter/api/v1/public/data?SessionID=%7B3E1D232C-445B-3C17-3A60-63B0CA5FDD29%7D&AppID=UEEditor.Rocket.Release&AppVersion=4.20.3-4369336%2B%2B%2BUE4%2BRelease-4.20&UserID=5fdfb9eb4a3af766a039a8b9b40f75dc%7C75455451a11a4e86936f96d58b7d0fbf%7C0157599c-15ed-48c0-9aab-018aec8adfe9&AppEnvironment=datacollector-binary&UploadType=eteventstream] status=Processing
[2018.11.14-04.20.33:530][616]LogModuleManager: Shutting down and abandoning module SSL (60)
[2018.11.14-04.20.33:530][616]LogModuleManager: Shutting down and abandoning module MagicLeapEmulator (56)
[2018.11.14-04.20.33:530][616]LogModuleManager: Shutting down and abandoning module MagicLeapPrivileges (54)
[2018.11.14-04.20.33:530][616]LogModuleManager: Shutting down and abandoning module MagicLeapIdentity (52)
[2018.11.14-04.20.33:530][616]LogModuleManager: Shutting down and abandoning module MagicLeapHelperVulkan (50)
[2018.11.14-04.20.33:531][616]LogModuleManager: Shutting down and abandoning module MagicLeapHelperOpenGL (48)
[2018.11.14-04.20.33:531][616]LogModuleManager: Shutting down and abandoning module MagicLeapSecureStorage (46)
[2018.11.14-04.20.33:531][616]LogModuleManager: Shutting down and abandoning module MagicLeapGestures (44)
[2018.11.14-04.20.33:531][616]LogModuleManager: Shutting down and abandoning module MagicLeapEyeTracker (42)
[2018.11.14-04.20.33:531][616]LogModuleManager: Shutting down and abandoning module MagicLeapController (40)
[2018.11.14-04.20.33:531][616]LogSlate: Slate User Destroyed.  User Index 0, Is Virtual User: 0
[2018.11.14-04.20.33:531][616]LogModuleManager: Shutting down and abandoning module MagicLeap (38)
[2018.11.14-04.20.33:531][616]LogModuleManager: Shutting down and abandoning module AnimationModifiers (36)
[2018.11.14-04.20.33:531][616]LogModuleManager: Shutting down and abandoning module PropertyEditor (35)
[2018.11.14-04.20.33:531][616]LogModuleManager: Shutting down and abandoning module AudioEditor (32)
[2018.11.14-04.20.33:531][616]LogModuleManager: Shutting down and abandoning module TextureCompressor (30)
[2018.11.14-04.20.33:531][616]LogModuleManager: Shutting down and abandoning module ShaderCore (28)
[2018.11.14-04.20.33:531][616]LogModuleManager: Shutting down and abandoning module Landscape (26)
[2018.11.14-04.20.33:531][616]LogModuleManager: Shutting down and abandoning module SlateRHIRenderer (24)
[2018.11.14-04.20.33:531][616]LogModuleManager: Shutting down and abandoning module OpenGLDrv (22)
[2018.11.14-04.20.33:531][616]LogModuleManager: Shutting down and abandoning module D3D11RHI (20)
[2018.11.14-04.20.33:531][616]LogModuleManager: Shutting down and abandoning module AnimGraphRuntime (18)
[2018.11.14-04.20.33:531][616]LogModuleManager: Shutting down and abandoning module Renderer (16)
[2018.11.14-04.20.33:532][616]LogModuleManager: Shutting down and abandoning module Engine (14)
[2018.11.14-04.20.33:532][616]LogModuleManager: Shutting down and abandoning module CoreUObject (12)
[2018.11.14-04.20.33:532][616]LogModuleManager: Shutting down and abandoning module NetworkFile (10)
[2018.11.14-04.20.33:532][616]LogModuleManager: Shutting down and abandoning module CookedIterativeFile (8)
[2018.11.14-04.20.33:532][616]LogModuleManager: Shutting down and abandoning module StreamingFile (6)
[2018.11.14-04.20.33:532][616]LogModuleManager: Shutting down and abandoning module SandboxFile (4)
[2018.11.14-04.20.33:532][616]LogModuleManager: Shutting down and abandoning module PakFile (2)
[2018.11.14-04.20.33:535][616]LogExit: Exiting.
[2018.11.14-04.20.33:557][616]Log file closed, 11/14/18 04:20:33
